<?xml version="1.0" encoding="UTF-8"?>
<!-- Generated by org.testng.reporters.JUnitReportReporter -->
<testsuite hostname="TRPL-PUN-0125" failures="0" tests="114" name="comapnyAdminTest.MasterTestCases" time="2804.763" errors="3" timestamp="2024-01-13T21:57:28 IST" skipped="95">
  <testcase classname="comapnyAdminTest.MasterTestCases" name="Login" time="385.192">
    <error message="timeout: Timed out receiving message from renderer: 300.000
  (Session info: chrome=120.0.6099.217)
Build info: version: &#039;3.141.0&#039;, revision: &#039;2ecb7d9a&#039;, time: &#039;2018-10-31T20:09:30&#039;
System info: host: &#039;TRPL-PUN-0125&#039;, ip: &#039;192.168.43.132&#039;, os.name: &#039;Windows 10&#039;, os.arch: &#039;amd64&#039;, os.version: &#039;10.0&#039;, java.version: &#039;17.0.9&#039;
Driver info: org.openqa.selenium.chrome.ChromeDriver
Capabilities {acceptInsecureCerts: false, browserName: chrome, browserVersion: 120.0.6099.217, chrome: {chromedriverVersion: 119.0.6045.105 (38c72552c5e..., userDataDir: C:\Users\shitalb\AppData\Lo...}, fedcm:accounts: true, goog:chromeOptions: {debuggerAddress: localhost:50563}, javascriptEnabled: true, networkConnectionEnabled: false, pageLoadStrategy: normal, platform: WINDOWS, platformName: WINDOWS, proxy: Proxy(), setWindowRect: true, strictFileInteractability: false, timeouts: {implicit: 0, pageLoad: 300000, script: 30000}, unhandledPromptBehavior: dismiss and notify, webauthn:extension:credBlob: true, webauthn:extension:largeBlob: true, webauthn:extension:minPinLength: true, webauthn:extension:prf: true, webauthn:virtualAuthenticators: true}
Session ID: 4bbf95a45dc5869600fe73c11d4f6ded" type="org.openqa.selenium.TimeoutException">
      <![CDATA[org.openqa.selenium.TimeoutException: timeout: Timed out receiving message from renderer: 300.000
  (Session info: chrome=120.0.6099.217)
Build info: version: '3.141.0', revision: '2ecb7d9a', time: '2018-10-31T20:09:30'
System info: host: 'TRPL-PUN-0125', ip: '192.168.43.132', os.name: 'Windows 10', os.arch: 'amd64', os.version: '10.0', java.version: '17.0.9'
Driver info: org.openqa.selenium.chrome.ChromeDriver
Capabilities {acceptInsecureCerts: false, browserName: chrome, browserVersion: 120.0.6099.217, chrome: {chromedriverVersion: 119.0.6045.105 (38c72552c5e..., userDataDir: C:\Users\shitalb\AppData\Lo...}, fedcm:accounts: true, goog:chromeOptions: {debuggerAddress: localhost:50563}, javascriptEnabled: true, networkConnectionEnabled: false, pageLoadStrategy: normal, platform: WINDOWS, platformName: WINDOWS, proxy: Proxy(), setWindowRect: true, strictFileInteractability: false, timeouts: {implicit: 0, pageLoad: 300000, script: 30000}, unhandledPromptBehavior: dismiss and notify, webauthn:extension:credBlob: true, webauthn:extension:largeBlob: true, webauthn:extension:minPinLength: true, webauthn:extension:prf: true, webauthn:virtualAuthenticators: true}
Session ID: 4bbf95a45dc5869600fe73c11d4f6ded
at java.base/jdk.internal.reflect.NativeConstructorAccessorImpl.newInstance0(Native Method)
at java.base/jdk.internal.reflect.NativeConstructorAccessorImpl.newInstance(NativeConstructorAccessorImpl.java:77)
at java.base/jdk.internal.reflect.DelegatingConstructorAccessorImpl.newInstance(DelegatingConstructorAccessorImpl.java:45)
at java.base/java.lang.reflect.Constructor.newInstanceWithCaller(Constructor.java:499)
at java.base/java.lang.reflect.Constructor.newInstance(Constructor.java:480)
at org.openqa.selenium.remote.http.W3CHttpResponseCodec.createException(W3CHttpResponseCodec.java:187)
at org.openqa.selenium.remote.http.W3CHttpResponseCodec.decode(W3CHttpResponseCodec.java:122)
at org.openqa.selenium.remote.http.W3CHttpResponseCodec.decode(W3CHttpResponseCodec.java:49)
at org.openqa.selenium.remote.HttpCommandExecutor.execute(HttpCommandExecutor.java:158)
at org.openqa.selenium.remote.service.DriverCommandExecutor.execute(DriverCommandExecutor.java:83)
at org.openqa.selenium.remote.RemoteWebDriver.execute(RemoteWebDriver.java:552)
at org.openqa.selenium.remote.RemoteWebElement.execute(RemoteWebElement.java:285)
at org.openqa.selenium.remote.RemoteWebElement.click(RemoteWebElement.java:84)
at login.Login.UserLogin(Login.java:39)
at comapnyAdminTest.MasterTestCases.Login(MasterTestCases.java:80)
at jdk.internal.reflect.GeneratedMethodAccessor27.invoke(Unknown Source)
at java.base/jdk.internal.reflect.DelegatingMethodAccessorImpl.invoke(DelegatingMethodAccessorImpl.java:43)
at java.base/java.lang.reflect.Method.invoke(Method.java:568)
at org.testng.internal.invokers.MethodInvocationHelper.invokeMethod(MethodInvocationHelper.java:139)
at org.testng.internal.invokers.MethodInvocationHelper.invokeMethodConsideringTimeout(MethodInvocationHelper.java:69)
at org.testng.internal.invokers.ConfigInvoker.invokeConfigurationMethod(ConfigInvoker.java:361)
at org.testng.internal.invokers.ConfigInvoker.invokeConfigurations(ConfigInvoker.java:296)
at org.testng.internal.invokers.TestInvoker.runConfigMethods(TestInvoker.java:816)
at org.testng.internal.invokers.TestInvoker.invokeMethod(TestInvoker.java:590)
at org.testng.internal.invokers.TestInvoker.invokeTestMethod(TestInvoker.java:221)
at org.testng.internal.invokers.MethodRunner.runInSequence(MethodRunner.java:50)
at org.testng.internal.invokers.TestInvoker$MethodInvocationAgent.invoke(TestInvoker.java:962)
at org.testng.internal.invokers.TestInvoker.invokeTestMethods(TestInvoker.java:194)
at org.testng.internal.invokers.TestMethodWorker.invokeTestMethods(TestMethodWorker.java:148)
at org.testng.internal.invokers.TestMethodWorker.run(TestMethodWorker.java:128)
at java.base/java.util.ArrayList.forEach(ArrayList.java:1511)
at org.testng.TestRunner.privateRun(TestRunner.java:806)
at org.testng.TestRunner.run(TestRunner.java:601)
at org.testng.SuiteRunner.runTest(SuiteRunner.java:433)
at org.testng.SuiteRunner.runSequentially(SuiteRunner.java:427)
at org.testng.SuiteRunner.privateRun(SuiteRunner.java:387)
at org.testng.SuiteRunner.run(SuiteRunner.java:330)
at org.testng.SuiteRunnerWorker.runSuite(SuiteRunnerWorker.java:52)
at org.testng.SuiteRunnerWorker.run(SuiteRunnerWorker.java:95)
at org.testng.TestNG.runSuitesSequentially(TestNG.java:1256)
at org.testng.TestNG.runSuitesLocally(TestNG.java:1176)
at org.testng.TestNG.runSuites(TestNG.java:1099)
at org.testng.TestNG.run(TestNG.java:1067)
at org.testng.remote.AbstractRemoteTestNG.run(AbstractRemoteTestNG.java:115)
at org.testng.remote.RemoteTestNG.initAndRun(RemoteTestNG.java:251)
at org.testng.remote.RemoteTestNG.main(RemoteTestNG.java:77)
]]>
    </error>
  </testcase> <!-- Login -->
  <system-out/>
  <testcase classname="comapnyAdminTest.MasterTestCases" name="EntityValidation" time="42.947"/>
  <system-out/>
  <testcase classname="comapnyAdminTest.MasterTestCases" name="Validation1" time="827.878"/>
  <system-out/>
  <testcase classname="comapnyAdminTest.MasterTestCases" name="UploadEntityBlankSheet1" time="50.095"/>
  <system-out/>
  <testcase classname="comapnyAdminTest.MasterTestCases" name="ValidationUser1" time="238.892"/>
  <system-out/>
  <testcase classname="comapnyAdminTest.MasterTestCases" name="UploadUserWithoutEnterData1" time="55.998"/>
  <system-out/>
  <testcase classname="comapnyAdminTest.MasterTestCases" name="UploadProjectBlankSheet1" time="73.911"/>
  <system-out/>
  <testcase classname="comapnyAdminTest.MasterTestCases" name="uploadContractorBlanksheet1" time="90.545"/>
  <system-out/>
  <testcase classname="comapnyAdminTest.MasterTestCases" name="UploadContractorProjectMappingBlankSheet1" time="65.562"/>
  <system-out/>
  <testcase classname="comapnyAdminTest.MasterTestCases" name="AddActWithState1" time="59.317">
    <error message="element not interactable
  (Session info: chrome=120.0.6099.217)
Build info: version: &#039;3.141.0&#039;, revision: &#039;2ecb7d9a&#039;, time: &#039;2018-10-31T20:09:30&#039;
System info: host: &#039;TRPL-PUN-0125&#039;, ip: &#039;192.168.43.132&#039;, os.name: &#039;Windows 10&#039;, os.arch: &#039;amd64&#039;, os.version: &#039;10.0&#039;, java.version: &#039;17.0.9&#039;
Driver info: org.openqa.selenium.chrome.ChromeDriver
Capabilities {acceptInsecureCerts: false, browserName: chrome, browserVersion: 120.0.6099.217, chrome: {chromedriverVersion: 119.0.6045.105 (38c72552c5e..., userDataDir: C:\Users\shitalb\AppData\Lo...}, fedcm:accounts: true, goog:chromeOptions: {debuggerAddress: localhost:50158}, javascriptEnabled: true, networkConnectionEnabled: false, pageLoadStrategy: normal, platform: WINDOWS, platformName: WINDOWS, proxy: Proxy(), setWindowRect: true, strictFileInteractability: false, timeouts: {implicit: 0, pageLoad: 300000, script: 30000}, unhandledPromptBehavior: dismiss and notify, webauthn:extension:credBlob: true, webauthn:extension:largeBlob: true, webauthn:extension:minPinLength: true, webauthn:extension:prf: true, webauthn:virtualAuthenticators: true}
Session ID: 2da528468a2332dbd75ad2d9b63729ec" type="org.openqa.selenium.ElementNotInteractableException">
      <![CDATA[org.openqa.selenium.ElementNotInteractableException: element not interactable
  (Session info: chrome=120.0.6099.217)
Build info: version: '3.141.0', revision: '2ecb7d9a', time: '2018-10-31T20:09:30'
System info: host: 'TRPL-PUN-0125', ip: '192.168.43.132', os.name: 'Windows 10', os.arch: 'amd64', os.version: '10.0', java.version: '17.0.9'
Driver info: org.openqa.selenium.chrome.ChromeDriver
Capabilities {acceptInsecureCerts: false, browserName: chrome, browserVersion: 120.0.6099.217, chrome: {chromedriverVersion: 119.0.6045.105 (38c72552c5e..., userDataDir: C:\Users\shitalb\AppData\Lo...}, fedcm:accounts: true, goog:chromeOptions: {debuggerAddress: localhost:50158}, javascriptEnabled: true, networkConnectionEnabled: false, pageLoadStrategy: normal, platform: WINDOWS, platformName: WINDOWS, proxy: Proxy(), setWindowRect: true, strictFileInteractability: false, timeouts: {implicit: 0, pageLoad: 300000, script: 30000}, unhandledPromptBehavior: dismiss and notify, webauthn:extension:credBlob: true, webauthn:extension:largeBlob: true, webauthn:extension:minPinLength: true, webauthn:extension:prf: true, webauthn:virtualAuthenticators: true}
Session ID: 2da528468a2332dbd75ad2d9b63729ec
at java.base/jdk.internal.reflect.NativeConstructorAccessorImpl.newInstance0(Native Method)
at java.base/jdk.internal.reflect.NativeConstructorAccessorImpl.newInstance(NativeConstructorAccessorImpl.java:77)
at java.base/jdk.internal.reflect.DelegatingConstructorAccessorImpl.newInstance(DelegatingConstructorAccessorImpl.java:45)
at java.base/java.lang.reflect.Constructor.newInstanceWithCaller(Constructor.java:499)
at java.base/java.lang.reflect.Constructor.newInstance(Constructor.java:480)
at org.openqa.selenium.remote.http.W3CHttpResponseCodec.createException(W3CHttpResponseCodec.java:187)
at org.openqa.selenium.remote.http.W3CHttpResponseCodec.decode(W3CHttpResponseCodec.java:122)
at org.openqa.selenium.remote.http.W3CHttpResponseCodec.decode(W3CHttpResponseCodec.java:49)
at org.openqa.selenium.remote.HttpCommandExecutor.execute(HttpCommandExecutor.java:158)
at org.openqa.selenium.remote.service.DriverCommandExecutor.execute(DriverCommandExecutor.java:83)
at org.openqa.selenium.remote.RemoteWebDriver.execute(RemoteWebDriver.java:552)
at org.openqa.selenium.remote.RemoteWebElement.execute(RemoteWebElement.java:285)
at org.openqa.selenium.remote.RemoteWebElement.click(RemoteWebElement.java:84)
at companyAdmin.Method.AddActWithState(Method.java:4676)
at comapnyAdminTest.MasterTestCases.AddActWithState1(MasterTestCases.java:708)
at java.base/jdk.internal.reflect.NativeMethodAccessorImpl.invoke0(Native Method)
at java.base/jdk.internal.reflect.NativeMethodAccessorImpl.invoke(NativeMethodAccessorImpl.java:77)
at java.base/jdk.internal.reflect.DelegatingMethodAccessorImpl.invoke(DelegatingMethodAccessorImpl.java:43)
at java.base/java.lang.reflect.Method.invoke(Method.java:568)
at org.testng.internal.invokers.MethodInvocationHelper.invokeMethod(MethodInvocationHelper.java:139)
at org.testng.internal.invokers.TestInvoker.invokeMethod(TestInvoker.java:677)
at org.testng.internal.invokers.TestInvoker.invokeTestMethod(TestInvoker.java:221)
at org.testng.internal.invokers.MethodRunner.runInSequence(MethodRunner.java:50)
at org.testng.internal.invokers.TestInvoker$MethodInvocationAgent.invoke(TestInvoker.java:962)
at org.testng.internal.invokers.TestInvoker.invokeTestMethods(TestInvoker.java:194)
at org.testng.internal.invokers.TestMethodWorker.invokeTestMethods(TestMethodWorker.java:148)
at org.testng.internal.invokers.TestMethodWorker.run(TestMethodWorker.java:128)
at java.base/java.util.ArrayList.forEach(ArrayList.java:1511)
at org.testng.TestRunner.privateRun(TestRunner.java:806)
at org.testng.TestRunner.run(TestRunner.java:601)
at org.testng.SuiteRunner.runTest(SuiteRunner.java:433)
at org.testng.SuiteRunner.runSequentially(SuiteRunner.java:427)
at org.testng.SuiteRunner.privateRun(SuiteRunner.java:387)
at org.testng.SuiteRunner.run(SuiteRunner.java:330)
at org.testng.SuiteRunnerWorker.runSuite(SuiteRunnerWorker.java:52)
at org.testng.SuiteRunnerWorker.run(SuiteRunnerWorker.java:95)
at org.testng.TestNG.runSuitesSequentially(TestNG.java:1256)
at org.testng.TestNG.runSuitesLocally(TestNG.java:1176)
at org.testng.TestNG.runSuites(TestNG.java:1099)
at org.testng.TestNG.run(TestNG.java:1067)
at org.testng.remote.AbstractRemoteTestNG.run(AbstractRemoteTestNG.java:115)
at org.testng.remote.RemoteTestNG.initAndRun(RemoteTestNG.java:251)
at org.testng.remote.RemoteTestNG.main(RemoteTestNG.java:77)
]]>
    </error>
  </testcase> <!-- AddActWithState1 -->
  <system-out/>
  <testcase classname="comapnyAdminTest.MasterTestCases" name="AddActWithDifferentState1" time="119.757"/>
  <system-out/>
  <testcase classname="comapnyAdminTest.MasterTestCases" name="AddActDuplicate1" time="104.564"/>
  <system-out/>
  <testcase classname="comapnyAdminTest.MasterTestCases" name="AddActDuplicateForCentral1" time="98.989"/>
  <system-out/>
  <testcase classname="comapnyAdminTest.MasterTestCases" name="UploadActWithsameAct1" time="82.184">
    <error message="no such alert
  (Session info: chrome=120.0.6099.217)
Build info: version: &#039;3.141.0&#039;, revision: &#039;2ecb7d9a&#039;, time: &#039;2018-10-31T20:09:30&#039;
System info: host: &#039;TRPL-PUN-0125&#039;, ip: &#039;192.168.43.132&#039;, os.name: &#039;Windows 10&#039;, os.arch: &#039;amd64&#039;, os.version: &#039;10.0&#039;, java.version: &#039;17.0.9&#039;
Driver info: org.openqa.selenium.chrome.ChromeDriver
Capabilities {acceptInsecureCerts: false, browserName: chrome, browserVersion: 120.0.6099.217, chrome: {chromedriverVersion: 119.0.6045.105 (38c72552c5e..., userDataDir: C:\Users\shitalb\AppData\Lo...}, fedcm:accounts: true, goog:chromeOptions: {debuggerAddress: localhost:50334}, javascriptEnabled: true, networkConnectionEnabled: false, pageLoadStrategy: normal, platform: WINDOWS, platformName: WINDOWS, proxy: Proxy(), setWindowRect: true, strictFileInteractability: false, timeouts: {implicit: 0, pageLoad: 300000, script: 30000}, unhandledPromptBehavior: dismiss and notify, webauthn:extension:credBlob: true, webauthn:extension:largeBlob: true, webauthn:extension:minPinLength: true, webauthn:extension:prf: true, webauthn:virtualAuthenticators: true}
Session ID: 8a5c75751461c3837c5db4a5ef8898ac" type="org.openqa.selenium.NoAlertPresentException">
      <![CDATA[org.openqa.selenium.NoAlertPresentException: no such alert
  (Session info: chrome=120.0.6099.217)
Build info: version: '3.141.0', revision: '2ecb7d9a', time: '2018-10-31T20:09:30'
System info: host: 'TRPL-PUN-0125', ip: '192.168.43.132', os.name: 'Windows 10', os.arch: 'amd64', os.version: '10.0', java.version: '17.0.9'
Driver info: org.openqa.selenium.chrome.ChromeDriver
Capabilities {acceptInsecureCerts: false, browserName: chrome, browserVersion: 120.0.6099.217, chrome: {chromedriverVersion: 119.0.6045.105 (38c72552c5e..., userDataDir: C:\Users\shitalb\AppData\Lo...}, fedcm:accounts: true, goog:chromeOptions: {debuggerAddress: localhost:50334}, javascriptEnabled: true, networkConnectionEnabled: false, pageLoadStrategy: normal, platform: WINDOWS, platformName: WINDOWS, proxy: Proxy(), setWindowRect: true, strictFileInteractability: false, timeouts: {implicit: 0, pageLoad: 300000, script: 30000}, unhandledPromptBehavior: dismiss and notify, webauthn:extension:credBlob: true, webauthn:extension:largeBlob: true, webauthn:extension:minPinLength: true, webauthn:extension:prf: true, webauthn:virtualAuthenticators: true}
Session ID: 8a5c75751461c3837c5db4a5ef8898ac
at java.base/jdk.internal.reflect.NativeConstructorAccessorImpl.newInstance0(Native Method)
at java.base/jdk.internal.reflect.NativeConstructorAccessorImpl.newInstance(NativeConstructorAccessorImpl.java:77)
at java.base/jdk.internal.reflect.DelegatingConstructorAccessorImpl.newInstance(DelegatingConstructorAccessorImpl.java:45)
at java.base/java.lang.reflect.Constructor.newInstanceWithCaller(Constructor.java:499)
at java.base/java.lang.reflect.Constructor.newInstance(Constructor.java:480)
at org.openqa.selenium.remote.http.W3CHttpResponseCodec.createException(W3CHttpResponseCodec.java:187)
at org.openqa.selenium.remote.http.W3CHttpResponseCodec.decode(W3CHttpResponseCodec.java:122)
at org.openqa.selenium.remote.http.W3CHttpResponseCodec.decode(W3CHttpResponseCodec.java:49)
at org.openqa.selenium.remote.HttpCommandExecutor.execute(HttpCommandExecutor.java:158)
at org.openqa.selenium.remote.service.DriverCommandExecutor.execute(DriverCommandExecutor.java:83)
at org.openqa.selenium.remote.RemoteWebDriver.execute(RemoteWebDriver.java:552)
at org.openqa.selenium.remote.RemoteWebDriver.execute(RemoteWebDriver.java:609)
at org.openqa.selenium.remote.RemoteWebDriver$RemoteTargetLocator.alert(RemoteWebDriver.java:932)
at companyAdmin.Method.UploadActWithsameAct(Method.java:4601)
at comapnyAdminTest.MasterTestCases.UploadActWithsameAct1(MasterTestCases.java:810)
at java.base/jdk.internal.reflect.NativeMethodAccessorImpl.invoke0(Native Method)
at java.base/jdk.internal.reflect.NativeMethodAccessorImpl.invoke(NativeMethodAccessorImpl.java:77)
at java.base/jdk.internal.reflect.DelegatingMethodAccessorImpl.invoke(DelegatingMethodAccessorImpl.java:43)
at java.base/java.lang.reflect.Method.invoke(Method.java:568)
at org.testng.internal.invokers.MethodInvocationHelper.invokeMethod(MethodInvocationHelper.java:139)
at org.testng.internal.invokers.TestInvoker.invokeMethod(TestInvoker.java:677)
at org.testng.internal.invokers.TestInvoker.invokeTestMethod(TestInvoker.java:221)
at org.testng.internal.invokers.MethodRunner.runInSequence(MethodRunner.java:50)
at org.testng.internal.invokers.TestInvoker$MethodInvocationAgent.invoke(TestInvoker.java:962)
at org.testng.internal.invokers.TestInvoker.invokeTestMethods(TestInvoker.java:194)
at org.testng.internal.invokers.TestMethodWorker.invokeTestMethods(TestMethodWorker.java:148)
at org.testng.internal.invokers.TestMethodWorker.run(TestMethodWorker.java:128)
at java.base/java.util.ArrayList.forEach(ArrayList.java:1511)
at org.testng.TestRunner.privateRun(TestRunner.java:806)
at org.testng.TestRunner.run(TestRunner.java:601)
at org.testng.SuiteRunner.runTest(SuiteRunner.java:433)
at org.testng.SuiteRunner.runSequentially(SuiteRunner.java:427)
at org.testng.SuiteRunner.privateRun(SuiteRunner.java:387)
at org.testng.SuiteRunner.run(SuiteRunner.java:330)
at org.testng.SuiteRunnerWorker.runSuite(SuiteRunnerWorker.java:52)
at org.testng.SuiteRunnerWorker.run(SuiteRunnerWorker.java:95)
at org.testng.TestNG.runSuitesSequentially(TestNG.java:1256)
at org.testng.TestNG.runSuitesLocally(TestNG.java:1176)
at org.testng.TestNG.runSuites(TestNG.java:1099)
at org.testng.TestNG.run(TestNG.java:1067)
at org.testng.remote.AbstractRemoteTestNG.run(AbstractRemoteTestNG.java:115)
at org.testng.remote.RemoteTestNG.initAndRun(RemoteTestNG.java:251)
at org.testng.remote.RemoteTestNG.main(RemoteTestNG.java:77)
]]>
    </error>
  </testcase> <!-- UploadActWithsameAct1 -->
  <system-out/>
  <testcase classname="comapnyAdminTest.MasterTestCases" name="UploadeActBlankSheet1" time="68.589"/>
  <system-out/>
  <testcase classname="comapnyAdminTest.MasterTestCases" name="AddDuplicateComplianceCentral1" time="113.661"/>
  <system-out/>
  <testcase classname="comapnyAdminTest.MasterTestCases" name="UploadBlankSheetComplianceAC1" time="102.296"/>
  <system-out/>
  <testcase classname="comapnyAdminTest.MasterTestCases" name="UploadBlankSheetTemplateAC1" time="120.149"/>
  <system-out/>
  <testcase classname="comapnyAdminTest.MasterTestCases" name="DuplicateTemplateAC1" time="104.233"/>
  <system-out/>
  <testcase classname="comapnyAdminTest.MasterTestCases" name="UploadBlankSheetCM1" time="0.000">
    <skipped/>
  </testcase> <!-- UploadBlankSheetCM1 -->
  <system-out/>
  <testcase classname="comapnyAdminTest.MasterTestCases" name="UploadEntityValidation1" time="0.001">
    <skipped/>
  </testcase> <!-- UploadEntityValidation1 -->
  <system-out/>
  <testcase classname="comapnyAdminTest.MasterTestCases" name="UploadUservalidation1" time="0.000">
    <skipped/>
  </testcase> <!-- UploadUservalidation1 -->
  <system-out/>
  <testcase classname="comapnyAdminTest.MasterTestCases" name="AddContractorsvalidation1" time="0.000">
    <skipped/>
  </testcase> <!-- AddContractorsvalidation1 -->
  <system-out/>
  <testcase classname="comapnyAdminTest.MasterTestCases" name="AddContractorsvalidationallfield1" time="0.000">
    <skipped/>
  </testcase> <!-- AddContractorsvalidationallfield1 -->
  <system-out/>
  <testcase classname="comapnyAdminTest.MasterTestCases" name="AddManagementAssignmentvalidation11" time="0.000">
    <skipped/>
  </testcase> <!-- AddManagementAssignmentvalidation11 -->
  <system-out/>
  <testcase classname="comapnyAdminTest.MasterTestCases" name="AddManagementAssignmentvalidation1" time="0.000">
    <skipped/>
  </testcase> <!-- AddManagementAssignmentvalidation1 -->
  <system-out/>
  <testcase classname="comapnyAdminTest.MasterTestCases" name="UploadProjectvalidation1" time="0.000">
    <skipped/>
  </testcase> <!-- UploadProjectvalidation1 -->
  <system-out/>
  <testcase classname="comapnyAdminTest.MasterTestCases" name="UploadContractorCTvalidation1" time="0.000">
    <skipped/>
  </testcase> <!-- UploadContractorCTvalidation1 -->
  <system-out/>
  <testcase classname="comapnyAdminTest.MasterTestCases" name="UploadContractorProjectMappingSheetvalidation1" time="0.000">
    <skipped/>
  </testcase> <!-- UploadContractorProjectMappingSheetvalidation1 -->
  <system-out/>
  <testcase classname="comapnyAdminTest.MasterTestCases" name="UploadeActvalidation1" time="0.000">
    <skipped/>
  </testcase> <!-- UploadeActvalidation1 -->
  <system-out/>
  <testcase classname="comapnyAdminTest.MasterTestCases" name="UploadCompliancevalidation1" time="0.000">
    <skipped/>
  </testcase> <!-- UploadCompliancevalidation1 -->
  <system-out/>
  <testcase classname="comapnyAdminTest.MasterTestCases" name="UploadTemplatevalidation1" time="0.001">
    <skipped/>
  </testcase> <!-- UploadTemplatevalidation1 -->
  <system-out/>
  <testcase classname="comapnyAdminTest.MasterTestCases" name="UploadCMFTabvalidation1" time="0.000">
    <skipped/>
  </testcase> <!-- UploadCMFTabvalidation1 -->
  <system-out/>
  <testcase classname="comapnyAdminTest.MasterTestCases" name="AddNewCompliancevalidation1" time="0.000">
    <skipped/>
  </testcase> <!-- AddNewCompliancevalidation1 -->
  <system-out/>
  <testcase classname="comapnyAdminTest.MasterTestCases" name="AuditSchedulevalidation1" time="0.000">
    <skipped/>
  </testcase> <!-- AuditSchedulevalidation1 -->
  <system-out/>
  <testcase classname="comapnyAdminTest.MasterTestCases" name="AssignCompliencevalidation1" time="0.000">
    <skipped/>
  </testcase> <!-- AssignCompliencevalidation1 -->
  <system-out/>
  <testcase classname="comapnyAdminTest.MasterTestCases" name="AddSubEntity2validation21" time="0.000">
    <skipped/>
  </testcase> <!-- AddSubEntity2validation21 -->
  <system-out/>
  <testcase classname="comapnyAdminTest.MasterTestCases" name="AddSubEntity2validation1" time="0.000">
    <skipped/>
  </testcase> <!-- AddSubEntity2validation1 -->
  <system-out/>
  <testcase classname="comapnyAdminTest.MasterTestCases" name="AddCityvalidation1" time="0.000">
    <skipped/>
  </testcase> <!-- AddCityvalidation1 -->
  <system-out/>
  <testcase classname="comapnyAdminTest.MasterTestCases" name="AddLicenceTypevalidation1" time="0.000">
    <skipped/>
  </testcase> <!-- AddLicenceTypevalidation1 -->
  <system-out/>
  <testcase classname="comapnyAdminTest.MasterTestCases" name="Addentity2validatinEmail1" time="0.000">
    <skipped/>
  </testcase> <!-- Addentity2validatinEmail1 -->
  <system-out/>
  <testcase classname="comapnyAdminTest.MasterTestCases" name="AddSubEntity2validationemail1" time="0.000">
    <skipped/>
  </testcase> <!-- AddSubEntity2validationemail1 -->
  <system-out/>
  <testcase classname="comapnyAdminTest.MasterTestCases" name="AddUserInvalidEmail1" time="0.000">
    <skipped/>
  </testcase> <!-- AddUserInvalidEmail1 -->
  <system-out/>
  <testcase classname="comapnyAdminTest.MasterTestCases" name="AddUserInvalidContact1" time="0.000">
    <skipped/>
  </testcase> <!-- AddUserInvalidContact1 -->
  <system-out/>
  <testcase classname="comapnyAdminTest.MasterTestCases" name="AddContractorsInvalidEmail1" time="0.000">
    <skipped/>
  </testcase> <!-- AddContractorsInvalidEmail1 -->
  <system-out/>
  <testcase classname="comapnyAdminTest.MasterTestCases" name="AddLicenceCTvalidation11" time="0.000">
    <skipped/>
  </testcase> <!-- AddLicenceCTvalidation11 -->
  <system-out/>
  <testcase classname="comapnyAdminTest.MasterTestCases" name="AddLicenceCTvalidation21" time="0.000">
    <skipped/>
  </testcase> <!-- AddLicenceCTvalidation21 -->
  <system-out/>
  <testcase classname="comapnyAdminTest.MasterTestCases" name="AddDataPointvalidation11" time="0.000">
    <skipped/>
  </testcase> <!-- AddDataPointvalidation11 -->
  <system-out/>
  <testcase classname="comapnyAdminTest.MasterTestCases" name="AddDataPointvalidation12" time="0.000">
    <skipped/>
  </testcase> <!-- AddDataPointvalidation12 -->
  <system-out/>
  <testcase classname="comapnyAdminTest.MasterTestCases" name="AddActAndCompliencevalidation1" time="0.000">
    <skipped/>
  </testcase> <!-- AddActAndCompliencevalidation1 -->
  <system-out/>
  <testcase classname="comapnyAdminTest.MasterTestCases" name="AddActAndCompliencevalidation21" time="0.000">
    <skipped/>
  </testcase> <!-- AddActAndCompliencevalidation21 -->
  <system-out/>
  <testcase classname="comapnyAdminTest.MasterTestCases" name="AddTemplateACvalidation1" time="0.000">
    <skipped/>
  </testcase> <!-- AddTemplateACvalidation1 -->
  <system-out/>
  <testcase classname="comapnyAdminTest.MasterTestCases" name="AddTemplateACvalidation21" time="0.000">
    <skipped/>
  </testcase> <!-- AddTemplateACvalidation21 -->
  <system-out/>
  <testcase classname="comapnyAdminTest.MasterTestCases" name="AddContractorTypevalidation1" time="0.000">
    <skipped/>
  </testcase> <!-- AddContractorTypevalidation1 -->
  <system-out/>
  <testcase classname="comapnyAdminTest.MasterTestCases" name="UploadEntitydifferentExcelsheet1" time="0.000">
    <skipped/>
  </testcase> <!-- UploadEntitydifferentExcelsheet1 -->
  <system-out/>
  <testcase classname="comapnyAdminTest.MasterTestCases" name="UploadEntitypdf1" time="0.000">
    <skipped/>
  </testcase> <!-- UploadEntitypdf1 -->
  <system-out/>
  <testcase classname="comapnyAdminTest.MasterTestCases" name="UploadEntityVideo1" time="0.000">
    <skipped/>
  </testcase> <!-- UploadEntityVideo1 -->
  <system-out/>
  <testcase classname="comapnyAdminTest.MasterTestCases" name="UploadUserDifferentExcelSheet1" time="0.000">
    <skipped/>
  </testcase> <!-- UploadUserDifferentExcelSheet1 -->
  <system-out/>
  <testcase classname="comapnyAdminTest.MasterTestCases" name="UploadUserPdf1" time="0.000">
    <skipped/>
  </testcase> <!-- UploadUserPdf1 -->
  <system-out/>
  <testcase classname="comapnyAdminTest.MasterTestCases" name="UploadUserVideo1" time="0.000">
    <skipped/>
  </testcase> <!-- UploadUserVideo1 -->
  <system-out/>
  <testcase classname="comapnyAdminTest.MasterTestCases" name="UploadProjectDifferentExcelSheet1" time="0.000">
    <skipped/>
  </testcase> <!-- UploadProjectDifferentExcelSheet1 -->
  <system-out/>
  <testcase classname="comapnyAdminTest.MasterTestCases" name="UploadProjectpdf1" time="0.000">
    <skipped/>
  </testcase> <!-- UploadProjectpdf1 -->
  <system-out/>
  <testcase classname="comapnyAdminTest.MasterTestCases" name="UploadProjectVideo1" time="0.000">
    <skipped/>
  </testcase> <!-- UploadProjectVideo1 -->
  <system-out/>
  <testcase classname="comapnyAdminTest.MasterTestCases" name="UploadContractorCTDifferentExcelSheet1" time="0.000">
    <skipped/>
  </testcase> <!-- UploadContractorCTDifferentExcelSheet1 -->
  <system-out/>
  <testcase classname="comapnyAdminTest.MasterTestCases" name="UploadContractorCTPdf1" time="0.000">
    <skipped/>
  </testcase> <!-- UploadContractorCTPdf1 -->
  <system-out/>
  <testcase classname="comapnyAdminTest.MasterTestCases" name="UploadContractorCTVideo1" time="0.000">
    <skipped/>
  </testcase> <!-- UploadContractorCTVideo1 -->
  <system-out/>
  <testcase classname="comapnyAdminTest.MasterTestCases" name="UploadContractorProjectMappingDifferentSheetName1" time="0.000">
    <skipped/>
  </testcase> <!-- UploadContractorProjectMappingDifferentSheetName1 -->
  <system-out/>
  <testcase classname="comapnyAdminTest.MasterTestCases" name="UploadContractorProjectMappingpdf1" time="0.000">
    <skipped/>
  </testcase> <!-- UploadContractorProjectMappingpdf1 -->
  <system-out/>
  <testcase classname="comapnyAdminTest.MasterTestCases" name="UploadContractorProjectMappingVideo1" time="0.000">
    <skipped/>
  </testcase> <!-- UploadContractorProjectMappingVideo1 -->
  <system-out/>
  <testcase classname="comapnyAdminTest.MasterTestCases" name="UploadActAndComplianceDifferentExcelSheetName1" time="0.000">
    <skipped/>
  </testcase> <!-- UploadActAndComplianceDifferentExcelSheetName1 -->
  <system-out/>
  <testcase classname="comapnyAdminTest.MasterTestCases" name="UploadActAndCompliancePdf1" time="0.000">
    <skipped/>
  </testcase> <!-- UploadActAndCompliancePdf1 -->
  <system-out/>
  <testcase classname="comapnyAdminTest.MasterTestCases" name="UploadActAndComplianceVideo1" time="0.000">
    <skipped/>
  </testcase> <!-- UploadActAndComplianceVideo1 -->
  <system-out/>
  <testcase classname="comapnyAdminTest.MasterTestCases" name="UploadComplianceDifferentExcelSheetName1" time="0.001">
    <skipped/>
  </testcase> <!-- UploadComplianceDifferentExcelSheetName1 -->
  <system-out/>
  <testcase classname="comapnyAdminTest.MasterTestCases" name="UploadCompliancePdf1" time="0.000">
    <skipped/>
  </testcase> <!-- UploadCompliancePdf1 -->
  <system-out/>
  <testcase classname="comapnyAdminTest.MasterTestCases" name="UploadComplianceVideo1" time="0.000">
    <skipped/>
  </testcase> <!-- UploadComplianceVideo1 -->
  <system-out/>
  <testcase classname="comapnyAdminTest.MasterTestCases" name="UploadContractorCTNotFillingMandatoryData1" time="0.000">
    <skipped/>
  </testcase> <!-- UploadContractorCTNotFillingMandatoryData1 -->
  <system-out/>
  <testcase classname="comapnyAdminTest.MasterTestCases" name="UploadTemplateDifferentExcelSheet1" time="0.000">
    <skipped/>
  </testcase> <!-- UploadTemplateDifferentExcelSheet1 -->
  <system-out/>
  <testcase classname="comapnyAdminTest.MasterTestCases" name="UploadTemplatePdf1" time="0.000">
    <skipped/>
  </testcase> <!-- UploadTemplatePdf1 -->
  <system-out/>
  <testcase classname="comapnyAdminTest.MasterTestCases" name="UploadTemplateVideo1" time="0.000">
    <skipped/>
  </testcase> <!-- UploadTemplateVideo1 -->
  <system-out/>
  <testcase classname="comapnyAdminTest.MasterTestCases" name="UploadCMFTabDifferentSheetName1" time="0.000">
    <skipped/>
  </testcase> <!-- UploadCMFTabDifferentSheetName1 -->
  <system-out/>
  <testcase classname="comapnyAdminTest.MasterTestCases" name="UploadCMFTabPdf1" time="0.000">
    <skipped/>
  </testcase> <!-- UploadCMFTabPdf1 -->
  <system-out/>
  <testcase classname="comapnyAdminTest.MasterTestCases" name="UploadCMFTabVideo1" time="0.000">
    <skipped/>
  </testcase> <!-- UploadCMFTabVideo1 -->
  <system-out/>
  <testcase classname="comapnyAdminTest.MasterTestCases" name="AddContractorsInvalidContacts1" time="0.000">
    <skipped/>
  </testcase> <!-- AddContractorsInvalidContacts1 -->
  <system-out/>
  <testcase classname="comapnyAdminTest.MasterTestCases" name="UploadEntityMandatoryDataNotFilled1" time="0.001">
    <skipped/>
  </testcase> <!-- UploadEntityMandatoryDataNotFilled1 -->
  <system-out/>
  <testcase classname="comapnyAdminTest.MasterTestCases" name="UploadUserNotFilledMandatoryData1" time="0.000">
    <skipped/>
  </testcase> <!-- UploadUserNotFilledMandatoryData1 -->
  <system-out/>
  <testcase classname="comapnyAdminTest.MasterTestCases" name="UploadProjectNotFillingMandatoryData1" time="0.000">
    <skipped/>
  </testcase> <!-- UploadProjectNotFillingMandatoryData1 -->
  <system-out/>
  <testcase classname="comapnyAdminTest.MasterTestCases" name="UploadContractorProjectMappingNotFilledMandatoryData1" time="0.000">
    <skipped/>
  </testcase> <!-- UploadContractorProjectMappingNotFilledMandatoryData1 -->
  <system-out/>
  <testcase classname="comapnyAdminTest.MasterTestCases" name="UploadActAndComplianceNotFillingMandatoryData1" time="0.000">
    <skipped/>
  </testcase> <!-- UploadActAndComplianceNotFillingMandatoryData1 -->
  <system-out/>
  <testcase classname="comapnyAdminTest.MasterTestCases" name="UploadComplianceNotFilledMandatoryData1" time="0.000">
    <skipped/>
  </testcase> <!-- UploadComplianceNotFilledMandatoryData1 -->
  <system-out/>
  <testcase classname="comapnyAdminTest.MasterTestCases" name="UploadTemplateNotFillingMandatoryData1" time="0.000">
    <skipped/>
  </testcase> <!-- UploadTemplateNotFillingMandatoryData1 -->
  <system-out/>
  <testcase classname="comapnyAdminTest.MasterTestCases" name="UploadCMFTabNotFillingMandtoryData1" time="0.000">
    <skipped/>
  </testcase> <!-- UploadCMFTabNotFillingMandtoryData1 -->
  <system-out/>
  <testcase classname="comapnyAdminTest.MasterTestCases" name="ProjectMasterMultipleFilter1" time="0.000">
    <skipped/>
  </testcase> <!-- ProjectMasterMultipleFilter1 -->
  <system-out/>
  <testcase classname="comapnyAdminTest.MasterTestCases" name="ContractorMasterMultipleFilter1" time="0.000">
    <skipped/>
  </testcase> <!-- ContractorMasterMultipleFilter1 -->
  <system-out/>
  <testcase classname="comapnyAdminTest.MasterTestCases" name="AddNewComplianceFilter1" time="0.000">
    <skipped/>
  </testcase> <!-- AddNewComplianceFilter1 -->
  <system-out/>
  <testcase classname="comapnyAdminTest.MasterTestCases" name="ASMultipleFilter1" time="0.000">
    <skipped/>
  </testcase> <!-- ASMultipleFilter1 -->
  <system-out/>
  <testcase classname="comapnyAdminTest.MasterTestCases" name="AAMultipleFilter1" time="0.000">
    <skipped/>
  </testcase> <!-- AAMultipleFilter1 -->
  <system-out/>
  <testcase classname="comapnyAdminTest.MasterTestCases" name="ReportMultipleFilter1" time="0.000">
    <skipped/>
  </testcase> <!-- ReportMultipleFilter1 -->
  <system-out/>
  <testcase classname="comapnyAdminTest.MasterTestCases" name="UploadEntityWithoutEnterTwoMandatoryField11" time="0.000">
    <skipped/>
  </testcase> <!-- UploadEntityWithoutEnterTwoMandatoryField11 -->
  <system-out/>
  <testcase classname="comapnyAdminTest.MasterTestCases" name="UploadEntityAcceptDiffrentSubEntityTypeField1" time="0.000">
    <skipped/>
  </testcase> <!-- UploadEntityAcceptDiffrentSubEntityTypeField1 -->
  <system-out/>
  <testcase classname="comapnyAdminTest.MasterTestCases" name="UploadEntityAcceptDifferentTypeField1" time="0.000">
    <skipped/>
  </testcase> <!-- UploadEntityAcceptDifferentTypeField1 -->
  <system-out/>
  <testcase classname="comapnyAdminTest.MasterTestCases" name="UploadEntityAcceptDifferentLegalEntityTypeField1" time="0.000">
    <skipped/>
  </testcase> <!-- UploadEntityAcceptDifferentLegalEntityTypeField1 -->
  <system-out/>
  <testcase classname="comapnyAdminTest.MasterTestCases" name="UploadEntityAcceptDifferentIndustryTypeField1" time="0.000">
    <skipped/>
  </testcase> <!-- UploadEntityAcceptDifferentIndustryTypeField1 -->
  <system-out/>
  <testcase classname="comapnyAdminTest.MasterTestCases" name="UploadEntityAcceptEmailFieldNumbers1" time="0.000">
    <skipped/>
  </testcase> <!-- UploadEntityAcceptEmailFieldNumbers1 -->
  <system-out/>
  <testcase classname="comapnyAdminTest.MasterTestCases" name="UploadUserUserMastercontactfieldaccepttext1" time="0.000">
    <skipped/>
  </testcase> <!-- UploadUserUserMastercontactfieldaccepttext1 -->
  <system-out/>
  <testcase classname="comapnyAdminTest.MasterTestCases" name="UserMasterEmailIdfieldAcceptnumbers1" time="0.000">
    <skipped/>
  </testcase> <!-- UserMasterEmailIdfieldAcceptnumbers1 -->
  <system-out/>
  <testcase classname="comapnyAdminTest.MasterTestCases" name="UserMasterrolefieldacceptdifferentname1" time="0.000">
    <skipped/>
  </testcase> <!-- UserMasterrolefieldacceptdifferentname1 -->
  <system-out/>
  <testcase classname="comapnyAdminTest.MasterTestCases" name="UserMastertextfieldacceptnumbers1" time="0.000">
    <skipped/>
  </testcase> <!-- UserMastertextfieldacceptnumbers1 -->
  <system-out/>
  <testcase classname="comapnyAdminTest.MasterTestCases" name="UserMasterwithoutenteringtwomandatoryfield1" time="0.000">
    <skipped/>
  </testcase> <!-- UserMasterwithoutenteringtwomandatoryfield1 -->
  <system-out/>
  <testcase classname="comapnyAdminTest.MasterTestCases" name="UploadProject11" time="0.000">
    <skipped/>
  </testcase> <!-- UploadProject11 -->
  <system-out/>
  <testcase classname="comapnyAdminTest.MasterTestCases" name="GridCountExcelCountMatchContractorMaster11" time="0.000">
    <skipped/>
  </testcase> <!-- GridCountExcelCountMatchContractorMaster11 -->
  <system-out/>
  <testcase classname="comapnyAdminTest.MasterTestCases" name="GridAndExcelCountMatchComplianceTab1" time="0.000">
    <skipped/>
  </testcase> <!-- GridAndExcelCountMatchComplianceTab1 -->
  <system-out/>
  <testcase classname="comapnyAdminTest.MasterTestCases" name="GridCountExcelCountMatch1" time="0.000">
    <skipped/>
  </testcase> <!-- GridCountExcelCountMatch1 -->
  <system-out/>
  <testcase classname="comapnyAdminTest.MasterTestCases" name="ReportTabGridAndExcelCountMatch1" time="0.000">
    <skipped/>
  </testcase> <!-- ReportTabGridAndExcelCountMatch1 -->
  <system-out/>
  <testcase classname="comapnyAdminTest.MasterTestCases" name="downloadViewReportProject1" time="0.000">
    <skipped/>
  </testcase> <!-- downloadViewReportProject1 -->
  <system-out/>
</testsuite> <!-- comapnyAdminTest.MasterTestCases -->
