<?xml version="1.0" encoding="UTF-8"?>
<!-- Generated by org.testng.reporters.JUnitReportReporter -->
<testsuite hostname="TRPL-PUN-0125" failures="0" tests="1" name="comapnyAdminTest.AuditorCriticalTestCases" time="369.722" errors="0" timestamp="2025-05-04T20:12:44 IST" skipped="0">
  <testcase classname="comapnyAdminTest.AuditorCriticalTestCases" name="PWSCompliedHighRisk1" time="369.722"/>
  <system-out/>
</testsuite> <!-- comapnyAdminTest.AuditorCriticalTestCases -->
