<?xml version="1.0" encoding="UTF-8"?>
<!-- Generated by org.testng.reporters.JUnitReportReporter -->
<testsuite hostname="TRPL-PUN-0125" failures="0" tests="1" name="comapnyAdminTest.CompanyAdminNonCriticalTestCases" time="57.657" errors="0" timestamp="2024-07-17T12:42:27 IST" skipped="0">
  <testcase classname="comapnyAdminTest.CompanyAdminNonCriticalTestCases" name="GridAndExcelReport1" time="57.657"/>
  <system-out/>
</testsuite> <!-- comapnyAdminTest.CompanyAdminNonCriticalTestCases -->
