<?xml version="1.0" encoding="UTF-8"?>
<!-- Generated by org.testng.reporters.JUnitReportReporter -->
<testsuite hostname="TRPL-PUN-0125" failures="0" tests="40" name="comapnyAdminTest.ManagementNonCriticalTestCases" time="19.862" errors="1" timestamp="2024-08-20T06:01:59 IST" skipped="39">
  <testcase classname="comapnyAdminTest.ManagementNonCriticalTestCases" name="Login" time="19.857">
    <error message="java.net.ConnectException: Failed to connect to localhost/[0:0:0:0:0:0:0:1]:44612
Build info: version: &#039;3.141.0&#039;, revision: &#039;2ecb7d9a&#039;, time: &#039;2018-10-31T20:09:30&#039;
System info: host: &#039;TRPL-PUN-0125&#039;, ip: &#039;192.168.1.100&#039;, os.name: &#039;Windows 10&#039;, os.arch: &#039;amd64&#039;, os.version: &#039;10.0&#039;, java.version: &#039;17.0.9&#039;
Driver info: driver.version: RemoteWebDriver" type="org.openqa.selenium.WebDriverException">
      <![CDATA[org.openqa.selenium.WebDriverException: java.net.ConnectException: Failed to connect to localhost/[0:0:0:0:0:0:0:1]:44612
Build info: version: '3.141.0', revision: '2ecb7d9a', time: '2018-10-31T20:09:30'
System info: host: 'TRPL-PUN-0125', ip: '192.168.1.100', os.name: 'Windows 10', os.arch: 'amd64', os.version: '10.0', java.version: '17.0.9'
Driver info: driver.version: RemoteWebDriver
at org.openqa.selenium.remote.service.DriverCommandExecutor.execute(DriverCommandExecutor.java:92)
at org.openqa.selenium.remote.RemoteWebDriver.execute(RemoteWebDriver.java:552)
at org.openqa.selenium.remote.RemoteWebDriver.findElement(RemoteWebDriver.java:323)
at org.openqa.selenium.remote.RemoteWebDriver.findElementByXPath(RemoteWebDriver.java:428)
at org.openqa.selenium.By$ByXPath.findElement(By.java:353)
at org.openqa.selenium.remote.RemoteWebDriver.findElement(RemoteWebDriver.java:315)
at login.LoginPOM.Question1(LoginPOM.java:57)
at login.Login.UserLogin(Login.java:128)
at login.BasePage.initialization(BasePage.java:204)
at comapnyAdminTest.ManagementNonCriticalTestCases.Login(ManagementNonCriticalTestCases.java:66)
at java.base/jdk.internal.reflect.NativeMethodAccessorImpl.invoke0(Native Method)
at java.base/jdk.internal.reflect.NativeMethodAccessorImpl.invoke(NativeMethodAccessorImpl.java:77)
at java.base/jdk.internal.reflect.DelegatingMethodAccessorImpl.invoke(DelegatingMethodAccessorImpl.java:43)
at java.base/java.lang.reflect.Method.invoke(Method.java:568)
at org.testng.internal.invokers.MethodInvocationHelper.invokeMethod(MethodInvocationHelper.java:139)
at org.testng.internal.invokers.MethodInvocationHelper.invokeMethodConsideringTimeout(MethodInvocationHelper.java:69)
at org.testng.internal.invokers.ConfigInvoker.invokeConfigurationMethod(ConfigInvoker.java:361)
at org.testng.internal.invokers.ConfigInvoker.invokeConfigurations(ConfigInvoker.java:296)
at org.testng.internal.invokers.TestInvoker.runConfigMethods(TestInvoker.java:816)
at org.testng.internal.invokers.TestInvoker.invokeMethod(TestInvoker.java:590)
at org.testng.internal.invokers.TestInvoker.invokeTestMethod(TestInvoker.java:221)
at org.testng.internal.invokers.MethodRunner.runInSequence(MethodRunner.java:50)
at org.testng.internal.invokers.TestInvoker$MethodInvocationAgent.invoke(TestInvoker.java:962)
at org.testng.internal.invokers.TestInvoker.invokeTestMethods(TestInvoker.java:194)
at org.testng.internal.invokers.TestMethodWorker.invokeTestMethods(TestMethodWorker.java:148)
at org.testng.internal.invokers.TestMethodWorker.run(TestMethodWorker.java:128)
at java.base/java.util.ArrayList.forEach(ArrayList.java:1511)
at org.testng.TestRunner.privateRun(TestRunner.java:806)
at org.testng.TestRunner.run(TestRunner.java:601)
at org.testng.SuiteRunner.runTest(SuiteRunner.java:433)
at org.testng.SuiteRunner.runSequentially(SuiteRunner.java:427)
at org.testng.SuiteRunner.privateRun(SuiteRunner.java:387)
at org.testng.SuiteRunner.run(SuiteRunner.java:330)
at org.testng.SuiteRunnerWorker.runSuite(SuiteRunnerWorker.java:52)
at org.testng.SuiteRunnerWorker.run(SuiteRunnerWorker.java:95)
at org.testng.TestNG.runSuitesSequentially(TestNG.java:1256)
at org.testng.TestNG.runSuitesLocally(TestNG.java:1176)
at org.testng.TestNG.runSuites(TestNG.java:1099)
at org.testng.TestNG.run(TestNG.java:1067)
at org.testng.remote.AbstractRemoteTestNG.run(AbstractRemoteTestNG.java:115)
at org.testng.remote.RemoteTestNG.initAndRun(RemoteTestNG.java:251)
at org.testng.remote.RemoteTestNG.main(RemoteTestNG.java:77)
Caused by: java.net.ConnectException: Failed to connect to localhost/[0:0:0:0:0:0:0:1]:44612
at okhttp3.internal.connection.RealConnection.connectSocket(RealConnection.java:247)
at okhttp3.internal.connection.RealConnection.connect(RealConnection.java:165)
at okhttp3.internal.connection.StreamAllocation.findConnection(StreamAllocation.java:257)
at okhttp3.internal.connection.StreamAllocation.findHealthyConnection(StreamAllocation.java:135)
at okhttp3.internal.connection.StreamAllocation.newStream(StreamAllocation.java:114)
at okhttp3.internal.connection.ConnectInterceptor.intercept(ConnectInterceptor.java:42)
at okhttp3.internal.http.RealInterceptorChain.proceed(RealInterceptorChain.java:147)
at okhttp3.internal.http.RealInterceptorChain.proceed(RealInterceptorChain.java:121)
at okhttp3.internal.cache.CacheInterceptor.intercept(CacheInterceptor.java:93)
at okhttp3.internal.http.RealInterceptorChain.proceed(RealInterceptorChain.java:147)
at okhttp3.internal.http.RealInterceptorChain.proceed(RealInterceptorChain.java:121)
at okhttp3.internal.http.BridgeInterceptor.intercept(BridgeInterceptor.java:93)
at okhttp3.internal.http.RealInterceptorChain.proceed(RealInterceptorChain.java:147)
at okhttp3.internal.http.RetryAndFollowUpInterceptor.intercept(RetryAndFollowUpInterceptor.java:126)
at okhttp3.internal.http.RealInterceptorChain.proceed(RealInterceptorChain.java:147)
at okhttp3.internal.http.RealInterceptorChain.proceed(RealInterceptorChain.java:121)
at okhttp3.RealCall.getResponseWithInterceptorChain(RealCall.java:200)
at okhttp3.RealCall.execute(RealCall.java:77)
at org.openqa.selenium.remote.internal.OkHttpClient.execute(OkHttpClient.java:103)
at org.openqa.selenium.remote.HttpCommandExecutor.execute(HttpCommandExecutor.java:155)
at org.openqa.selenium.remote.service.DriverCommandExecutor.execute(DriverCommandExecutor.java:83)
... 41 more
Caused by: java.net.ConnectException: Connection refused: no further information
at java.base/sun.nio.ch.Net.pollConnect(Native Method)
at java.base/sun.nio.ch.Net.pollConnectNow(Net.java:672)
at java.base/sun.nio.ch.NioSocketImpl.timedFinishConnect(NioSocketImpl.java:547)
at java.base/sun.nio.ch.NioSocketImpl.connect(NioSocketImpl.java:602)
at java.base/java.net.SocksSocketImpl.connect(SocksSocketImpl.java:327)
at java.base/java.net.Socket.connect(Socket.java:633)
at okhttp3.internal.platform.Platform.connectSocket(Platform.java:129)
at okhttp3.internal.connection.RealConnection.connectSocket(RealConnection.java:245)
... 61 more
]]>
    </error>
  </testcase> <!-- Login -->
  <system-out/>
  <testcase classname="comapnyAdminTest.ManagementNonCriticalTestCases" name="CompliedGraphMultipleFilterHigh1" time="0.001">
    <skipped/>
  </testcase> <!-- CompliedGraphMultipleFilterHigh1 -->
  <system-out/>
  <testcase classname="comapnyAdminTest.ManagementNonCriticalTestCases" name="CompliedGraphMultipleFilterMedium1" time="0.001">
    <skipped/>
  </testcase> <!-- CompliedGraphMultipleFilterMedium1 -->
  <system-out/>
  <testcase classname="comapnyAdminTest.ManagementNonCriticalTestCases" name="CompliedGraphMultipleFilterLow1" time="0.001">
    <skipped/>
  </testcase> <!-- CompliedGraphMultipleFilterLow1 -->
  <system-out/>
  <testcase classname="comapnyAdminTest.ManagementNonCriticalTestCases" name="NotCompliedGraphMultipleFilterHigh1" time="0.001">
    <skipped/>
  </testcase> <!-- NotCompliedGraphMultipleFilterHigh1 -->
  <system-out/>
  <testcase classname="comapnyAdminTest.ManagementNonCriticalTestCases" name="NotCompliedGraphMultipleFilterMedium1" time="0.000">
    <skipped/>
  </testcase> <!-- NotCompliedGraphMultipleFilterMedium1 -->
  <system-out/>
  <testcase classname="comapnyAdminTest.ManagementNonCriticalTestCases" name="NotCompliedGraphMultipleFilterLow1" time="0.000">
    <skipped/>
  </testcase> <!-- NotCompliedGraphMultipleFilterLow1 -->
  <system-out/>
  <testcase classname="comapnyAdminTest.ManagementNonCriticalTestCases" name="NotApplicableGraphMultipleFilterHigh1" time="0.000">
    <skipped/>
  </testcase> <!-- NotApplicableGraphMultipleFilterHigh1 -->
  <system-out/>
  <testcase classname="comapnyAdminTest.ManagementNonCriticalTestCases" name="NotApplicableGraphMultipleFilterMedium1" time="0.001">
    <skipped/>
  </testcase> <!-- NotApplicableGraphMultipleFilterMedium1 -->
  <system-out/>
  <testcase classname="comapnyAdminTest.ManagementNonCriticalTestCases" name="NotApplicableGraphMultipleFilterLow1" time="0.000">
    <skipped/>
  </testcase> <!-- NotApplicableGraphMultipleFilterLow1 -->
  <system-out/>
  <testcase classname="comapnyAdminTest.ManagementNonCriticalTestCases" name="ACSOverdueMultipleFilter1" time="0.000">
    <skipped/>
  </testcase> <!-- ACSOverdueMultipleFilter1 -->
  <system-out/>
  <testcase classname="comapnyAdminTest.ManagementNonCriticalTestCases" name="ACSPendingReviewMultipleFilter1" time="0.000">
    <skipped/>
  </testcase> <!-- ACSPendingReviewMultipleFilter1 -->
  <system-out/>
  <testcase classname="comapnyAdminTest.ManagementNonCriticalTestCases" name="ACSClosedMultipleFilter1" time="0.000">
    <skipped/>
  </testcase> <!-- ACSClosedMultipleFilter1 -->
  <system-out/>
  <testcase classname="comapnyAdminTest.ManagementNonCriticalTestCases" name="CTWCompliedgreen11" time="0.000">
    <skipped/>
  </testcase> <!-- CTWCompliedgreen11 -->
  <system-out/>
  <testcase classname="comapnyAdminTest.ManagementNonCriticalTestCases" name="CTWNotCompliedRed11" time="0.000">
    <skipped/>
  </testcase> <!-- CTWNotCompliedRed11 -->
  <system-out/>
  <testcase classname="comapnyAdminTest.ManagementNonCriticalTestCases" name="CTWNotApplicableGrey11" time="0.000">
    <skipped/>
  </testcase> <!-- CTWNotApplicableGrey11 -->
  <system-out/>
  <testcase classname="comapnyAdminTest.ManagementNonCriticalTestCases" name="CTWAuditStatusSummeryOverdue11" time="0.000">
    <skipped/>
  </testcase> <!-- CTWAuditStatusSummeryOverdue11 -->
  <system-out/>
  <testcase classname="comapnyAdminTest.ManagementNonCriticalTestCases" name="CTWAuditStatusSummeryPendingReview11" time="0.000">
    <skipped/>
  </testcase> <!-- CTWAuditStatusSummeryPendingReview11 -->
  <system-out/>
  <testcase classname="comapnyAdminTest.ManagementNonCriticalTestCases" name="CTWAuditStatusSummeryClosed1" time="0.000">
    <skipped/>
  </testcase> <!-- CTWAuditStatusSummeryClosed1 -->
  <system-out/>
  <testcase classname="comapnyAdminTest.ManagementNonCriticalTestCases" name="PWCSCompliedGraphMultipleFilterHigh11" time="0.000">
    <skipped/>
  </testcase> <!-- PWCSCompliedGraphMultipleFilterHigh11 -->
  <system-out/>
  <testcase classname="comapnyAdminTest.ManagementNonCriticalTestCases" name="PWCSSCompliedGraphMultipleFilterMedium1" time="0.000">
    <skipped/>
  </testcase> <!-- PWCSSCompliedGraphMultipleFilterMedium1 -->
  <system-out/>
  <testcase classname="comapnyAdminTest.ManagementNonCriticalTestCases" name="PWCSSCompliedGraphMultipleFilterLow1" time="0.000">
    <skipped/>
  </testcase> <!-- PWCSSCompliedGraphMultipleFilterLow1 -->
  <system-out/>
  <testcase classname="comapnyAdminTest.ManagementNonCriticalTestCases" name="PWCSSNotCompliedGraphMultipleFilterHigh1" time="0.000">
    <skipped/>
  </testcase> <!-- PWCSSNotCompliedGraphMultipleFilterHigh1 -->
  <system-out/>
  <testcase classname="comapnyAdminTest.ManagementNonCriticalTestCases" name="PWCSSNotCompliedGraphMultipleFilterMedium11" time="0.000">
    <skipped/>
  </testcase> <!-- PWCSSNotCompliedGraphMultipleFilterMedium11 -->
  <system-out/>
  <testcase classname="comapnyAdminTest.ManagementNonCriticalTestCases" name="PWCSSNotCompliedGraphMultipleFilterLow1" time="0.000">
    <skipped/>
  </testcase> <!-- PWCSSNotCompliedGraphMultipleFilterLow1 -->
  <system-out/>
  <testcase classname="comapnyAdminTest.ManagementNonCriticalTestCases" name="PWCSNotApplicableHigh1" time="0.000">
    <skipped/>
  </testcase> <!-- PWCSNotApplicableHigh1 -->
  <system-out/>
  <testcase classname="comapnyAdminTest.ManagementNonCriticalTestCases" name="PWCSNotApplicableGraphmedium11" time="0.000">
    <skipped/>
  </testcase> <!-- PWCSNotApplicableGraphmedium11 -->
  <system-out/>
  <testcase classname="comapnyAdminTest.ManagementNonCriticalTestCases" name="PWCSSNotApplicableGraphLow1" time="0.000">
    <skipped/>
  </testcase> <!-- PWCSSNotApplicableGraphLow1 -->
  <system-out/>
  <testcase classname="comapnyAdminTest.ManagementNonCriticalTestCases" name="PWAuditStatusSummeryABCConstructionOverdue11" time="0.000">
    <skipped/>
  </testcase> <!-- PWAuditStatusSummeryABCConstructionOverdue11 -->
  <system-out/>
  <testcase classname="comapnyAdminTest.ManagementNonCriticalTestCases" name="SubContrctorCompliedGraphMultipleFilterHigh1" time="0.000">
    <skipped/>
  </testcase> <!-- SubContrctorCompliedGraphMultipleFilterHigh1 -->
  <system-out/>
  <testcase classname="comapnyAdminTest.ManagementNonCriticalTestCases" name="SubContrctorCompliedGraphMultipleFilterMedium1" time="0.000">
    <skipped/>
  </testcase> <!-- SubContrctorCompliedGraphMultipleFilterMedium1 -->
  <system-out/>
  <testcase classname="comapnyAdminTest.ManagementNonCriticalTestCases" name="PWCSubContractorCompliedGraphMultipleFilterLow1" time="0.000">
    <skipped/>
  </testcase> <!-- PWCSubContractorCompliedGraphMultipleFilterLow1 -->
  <system-out/>
  <testcase classname="comapnyAdminTest.ManagementNonCriticalTestCases" name="PWSubContractorNotCompliedGraphMultipleFilterHigh1" time="0.000">
    <skipped/>
  </testcase> <!-- PWSubContractorNotCompliedGraphMultipleFilterHigh1 -->
  <system-out/>
  <testcase classname="comapnyAdminTest.ManagementNonCriticalTestCases" name="PWCSSNotCompliedGraphMultipleFilterMedium1" time="0.000">
    <skipped/>
  </testcase> <!-- PWCSSNotCompliedGraphMultipleFilterMedium1 -->
  <system-out/>
  <testcase classname="comapnyAdminTest.ManagementNonCriticalTestCases" name="PWCSubContractorNotCompliedGraphMultipleFilterLow1" time="0.000">
    <skipped/>
  </testcase> <!-- PWCSubContractorNotCompliedGraphMultipleFilterLow1 -->
  <system-out/>
  <testcase classname="comapnyAdminTest.ManagementNonCriticalTestCases" name="PWCSubContractorNotApplicableGraphHigh1" time="0.000">
    <skipped/>
  </testcase> <!-- PWCSubContractorNotApplicableGraphHigh1 -->
  <system-out/>
  <testcase classname="comapnyAdminTest.ManagementNonCriticalTestCases" name="PWCSNotApplicableGraphmedium1" time="0.000">
    <skipped/>
  </testcase> <!-- PWCSNotApplicableGraphmedium1 -->
  <system-out/>
  <testcase classname="comapnyAdminTest.ManagementNonCriticalTestCases" name="PWCSubContractorNotApplicableGraphLow1" time="0.000">
    <skipped/>
  </testcase> <!-- PWCSubContractorNotApplicableGraphLow1 -->
  <system-out/>
  <testcase classname="comapnyAdminTest.ManagementNonCriticalTestCases" name="DocumentTabMultipleFilter1" time="0.000">
    <skipped/>
  </testcase> <!-- DocumentTabMultipleFilter1 -->
  <system-out/>
  <testcase classname="comapnyAdminTest.ManagementNonCriticalTestCases" name="ReportMultipleFilter1" time="0.000">
    <skipped/>
  </testcase> <!-- ReportMultipleFilter1 -->
  <system-out/>
</testsuite> <!-- comapnyAdminTest.ManagementNonCriticalTestCases -->
