<?xml version="1.0" encoding="UTF-8"?>
<!-- Generated by org.testng.reporters.JUnitReportReporter -->
<testsuite hostname="TRPL-PUN-0125" failures="0" tests="86" name="comapnyAdminTest.CompanyAdminCriticalTestCases" time="5.582" errors="1" timestamp="2024-04-08T14:01:22 IST" skipped="85">
  <testcase classname="comapnyAdminTest.CompanyAdminCriticalTestCases" name="Login" time="5.574">
    <error type="java.lang.NullPointerException">
      <![CDATA[java.lang.NullPointerException
at java.base/java.util.Objects.requireNonNull(Objects.java:209)
at org.openqa.selenium.support.ui.FluentWait.<init>(FluentWait.java:106)
at org.openqa.selenium.support.ui.WebDriverWait.<init>(WebDriverWait.java:85)
at org.openqa.selenium.support.ui.WebDriverWait.<init>(WebDriverWait.java:45)
at login.Login.UserLogin(Login.java:104)
at login.BasePage.initialization(BasePage.java:204)
at comapnyAdminTest.CompanyAdminCriticalTestCases.Login(CompanyAdminCriticalTestCases.java:71)
at java.base/jdk.internal.reflect.NativeMethodAccessorImpl.invoke0(Native Method)
at java.base/jdk.internal.reflect.NativeMethodAccessorImpl.invoke(NativeMethodAccessorImpl.java:77)
at java.base/jdk.internal.reflect.DelegatingMethodAccessorImpl.invoke(DelegatingMethodAccessorImpl.java:43)
at java.base/java.lang.reflect.Method.invoke(Method.java:568)
at org.testng.internal.invokers.MethodInvocationHelper.invokeMethod(MethodInvocationHelper.java:139)
at org.testng.internal.invokers.MethodInvocationHelper.invokeMethodConsideringTimeout(MethodInvocationHelper.java:69)
at org.testng.internal.invokers.ConfigInvoker.invokeConfigurationMethod(ConfigInvoker.java:361)
at org.testng.internal.invokers.ConfigInvoker.invokeConfigurations(ConfigInvoker.java:296)
at org.testng.internal.invokers.TestInvoker.runConfigMethods(TestInvoker.java:816)
at org.testng.internal.invokers.TestInvoker.invokeMethod(TestInvoker.java:590)
at org.testng.internal.invokers.TestInvoker.invokeTestMethod(TestInvoker.java:221)
at org.testng.internal.invokers.MethodRunner.runInSequence(MethodRunner.java:50)
at org.testng.internal.invokers.TestInvoker$MethodInvocationAgent.invoke(TestInvoker.java:962)
at org.testng.internal.invokers.TestInvoker.invokeTestMethods(TestInvoker.java:194)
at org.testng.internal.invokers.TestMethodWorker.invokeTestMethods(TestMethodWorker.java:148)
at org.testng.internal.invokers.TestMethodWorker.run(TestMethodWorker.java:128)
at java.base/java.util.concurrent.ThreadPoolExecutor.runWorker(ThreadPoolExecutor.java:1136)
at java.base/java.util.concurrent.ThreadPoolExecutor$Worker.run(ThreadPoolExecutor.java:635)
at java.base/java.lang.Thread.run(Thread.java:840)
]]>
    </error>
  </testcase> <!-- Login -->
  <system-out/>
  <testcase classname="comapnyAdminTest.CompanyAdminCriticalTestCases" name="Entity" time="0.000">
    <skipped/>
  </testcase> <!-- Entity -->
  <system-out/>
  <testcase classname="comapnyAdminTest.CompanyAdminCriticalTestCases" name="UpdateEntity11" time="0.000">
    <skipped/>
  </testcase> <!-- UpdateEntity11 -->
  <system-out/>
  <testcase classname="comapnyAdminTest.CompanyAdminCriticalTestCases" name="Clear" time="0.000">
    <skipped/>
  </testcase> <!-- Clear -->
  <system-out/>
  <testcase classname="comapnyAdminTest.CompanyAdminCriticalTestCases" name="DeleteE" time="0.001">
    <skipped/>
  </testcase> <!-- DeleteE -->
  <system-out/>
  <testcase classname="comapnyAdminTest.CompanyAdminCriticalTestCases" name="SubEntity" time="0.000">
    <skipped/>
  </testcase> <!-- SubEntity -->
  <system-out/>
  <testcase classname="comapnyAdminTest.CompanyAdminCriticalTestCases" name="UpdateSubEntity1" time="0.000">
    <skipped/>
  </testcase> <!-- UpdateSubEntity1 -->
  <system-out/>
  <testcase classname="comapnyAdminTest.CompanyAdminCriticalTestCases" name="DeleteSubEntity1" time="0.000">
    <skipped/>
  </testcase> <!-- DeleteSubEntity1 -->
  <system-out/>
  <testcase classname="comapnyAdminTest.CompanyAdminCriticalTestCases" name="UploadEntity" time="0.000">
    <skipped/>
  </testcase> <!-- UploadEntity -->
  <system-out/>
  <testcase classname="comapnyAdminTest.CompanyAdminCriticalTestCases" name="AddUser1" time="0.000">
    <skipped/>
  </testcase> <!-- AddUser1 -->
  <system-out/>
  <testcase classname="comapnyAdminTest.CompanyAdminCriticalTestCases" name="UpdateUser1" time="0.000">
    <skipped/>
  </testcase> <!-- UpdateUser1 -->
  <system-out/>
  <testcase classname="comapnyAdminTest.CompanyAdminCriticalTestCases" name="UserResetPass2" time="0.000">
    <skipped/>
  </testcase> <!-- UserResetPass2 -->
  <system-out/>
  <testcase classname="comapnyAdminTest.CompanyAdminCriticalTestCases" name="UserDelete11" time="0.000">
    <skipped/>
  </testcase> <!-- UserDelete11 -->
  <system-out/>
  <testcase classname="comapnyAdminTest.CompanyAdminCriticalTestCases" name="UploadUser1" time="0.000">
    <skipped/>
  </testcase> <!-- UploadUser1 -->
  <system-out/>
  <testcase classname="comapnyAdminTest.CompanyAdminCriticalTestCases" name="AddContractor1" time="0.000">
    <skipped/>
  </testcase> <!-- AddContractor1 -->
  <system-out/>
  <testcase classname="comapnyAdminTest.CompanyAdminCriticalTestCases" name="UpdateContractor1" time="0.000">
    <skipped/>
  </testcase> <!-- UpdateContractor1 -->
  <system-out/>
  <testcase classname="comapnyAdminTest.CompanyAdminCriticalTestCases" name="ResetPassContractor11" time="0.000">
    <skipped/>
  </testcase> <!-- ResetPassContractor11 -->
  <system-out/>
  <testcase classname="comapnyAdminTest.CompanyAdminCriticalTestCases" name="DeleteContractor1" time="0.000">
    <skipped/>
  </testcase> <!-- DeleteContractor1 -->
  <system-out/>
  <testcase classname="comapnyAdminTest.CompanyAdminCriticalTestCases" name="DeleteContractor11" time="0.001">
    <skipped/>
  </testcase> <!-- DeleteContractor11 -->
  <system-out/>
  <testcase classname="comapnyAdminTest.CompanyAdminCriticalTestCases" name="AddManagementAssignment1" time="0.000">
    <skipped/>
  </testcase> <!-- AddManagementAssignment1 -->
  <system-out/>
  <testcase classname="comapnyAdminTest.CompanyAdminCriticalTestCases" name="DeleteMA" time="0.000">
    <skipped/>
  </testcase> <!-- DeleteMA -->
  <system-out/>
  <testcase classname="comapnyAdminTest.CompanyAdminCriticalTestCases" name="AddProject1" time="0.001">
    <skipped/>
  </testcase> <!-- AddProject1 -->
  <system-out/>
  <testcase classname="comapnyAdminTest.CompanyAdminCriticalTestCases" name="AddLicence1" time="0.000">
    <skipped/>
  </testcase> <!-- AddLicence1 -->
  <system-out/>
  <testcase classname="comapnyAdminTest.CompanyAdminCriticalTestCases" name="UpdateProject1" time="0.000">
    <skipped/>
  </testcase> <!-- UpdateProject1 -->
  <system-out/>
  <testcase classname="comapnyAdminTest.CompanyAdminCriticalTestCases" name="DeleteProject1" time="0.001">
    <skipped/>
  </testcase> <!-- DeleteProject1 -->
  <system-out/>
  <testcase classname="comapnyAdminTest.CompanyAdminCriticalTestCases" name="UploadProject1" time="0.000">
    <skipped/>
  </testcase> <!-- UploadProject1 -->
  <system-out/>
  <testcase classname="comapnyAdminTest.CompanyAdminCriticalTestCases" name="ProjectClearButton1" time="0.000">
    <skipped/>
  </testcase> <!-- ProjectClearButton1 -->
  <system-out/>
  <testcase classname="comapnyAdminTest.CompanyAdminCriticalTestCases" name="MapNewProje1ct" time="0.000">
    <skipped/>
  </testcase> <!-- MapNewProje1ct -->
  <system-out/>
  <testcase classname="comapnyAdminTest.CompanyAdminCriticalTestCases" name="CTContractorAdd1" time="0.000">
    <skipped/>
  </testcase> <!-- CTContractorAdd1 -->
  <system-out/>
  <testcase classname="comapnyAdminTest.CompanyAdminCriticalTestCases" name="UpdateContractorCT1" time="0.000">
    <skipped/>
  </testcase> <!-- UpdateContractorCT1 -->
  <system-out/>
  <testcase classname="comapnyAdminTest.CompanyAdminCriticalTestCases" name="ExportButton" time="0.000">
    <skipped/>
  </testcase> <!-- ExportButton -->
  <system-out/>
  <testcase classname="comapnyAdminTest.CompanyAdminCriticalTestCases" name="ClearButtonCTCC1" time="0.000">
    <skipped/>
  </testcase> <!-- ClearButtonCTCC1 -->
  <system-out/>
  <testcase classname="comapnyAdminTest.CompanyAdminCriticalTestCases" name="UploadContractorCT1" time="0.001">
    <skipped/>
  </testcase> <!-- UploadContractorCT1 -->
  <system-out/>
  <testcase classname="comapnyAdminTest.CompanyAdminCriticalTestCases" name="UploadContractorProjectMapping1" time="0.000">
    <skipped/>
  </testcase> <!-- UploadContractorProjectMapping1 -->
  <system-out/>
  <testcase classname="comapnyAdminTest.CompanyAdminCriticalTestCases" name="AddLicenceCT1" time="0.000">
    <skipped/>
  </testcase> <!-- AddLicenceCT1 -->
  <system-out/>
  <testcase classname="comapnyAdminTest.CompanyAdminCriticalTestCases" name="ViewLicence1" time="0.000">
    <skipped/>
  </testcase> <!-- ViewLicence1 -->
  <system-out/>
  <testcase classname="comapnyAdminTest.CompanyAdminCriticalTestCases" name="UpdateLicence1" time="0.000">
    <skipped/>
  </testcase> <!-- UpdateLicence1 -->
  <system-out/>
  <testcase classname="comapnyAdminTest.CompanyAdminCriticalTestCases" name="DeleteLicenceC1" time="0.000">
    <skipped/>
  </testcase> <!-- DeleteLicenceC1 -->
  <system-out/>
  <testcase classname="comapnyAdminTest.CompanyAdminCriticalTestCases" name="DeleteContractorCT1" time="0.000">
    <skipped/>
  </testcase> <!-- DeleteContractorCT1 -->
  <system-out/>
  <testcase classname="comapnyAdminTest.CompanyAdminCriticalTestCases" name="AddActAndComplience1" time="0.000">
    <skipped/>
  </testcase> <!-- AddActAndComplience1 -->
  <system-out/>
  <testcase classname="comapnyAdminTest.CompanyAdminCriticalTestCases" name="ClearAC1" time="0.000">
    <skipped/>
  </testcase> <!-- ClearAC1 -->
  <system-out/>
  <testcase classname="comapnyAdminTest.CompanyAdminCriticalTestCases" name="UpdateActAndCompliance1" time="0.000">
    <skipped/>
  </testcase> <!-- UpdateActAndCompliance1 -->
  <system-out/>
  <testcase classname="comapnyAdminTest.CompanyAdminCriticalTestCases" name="DeleteAc1" time="0.000">
    <skipped/>
  </testcase> <!-- DeleteAc1 -->
  <system-out/>
  <testcase classname="comapnyAdminTest.CompanyAdminCriticalTestCases" name="UploadActAndCompliance1" time="0.000">
    <skipped/>
  </testcase> <!-- UploadActAndCompliance1 -->
  <system-out/>
  <testcase classname="comapnyAdminTest.CompanyAdminCriticalTestCases" name="AddCompliance1" time="0.000">
    <skipped/>
  </testcase> <!-- AddCompliance1 -->
  <system-out/>
  <testcase classname="comapnyAdminTest.CompanyAdminCriticalTestCases" name="UpdateComplianceAC1" time="0.000">
    <skipped/>
  </testcase> <!-- UpdateComplianceAC1 -->
  <system-out/>
  <testcase classname="comapnyAdminTest.CompanyAdminCriticalTestCases" name="DeleteCompliance1" time="0.000">
    <skipped/>
  </testcase> <!-- DeleteCompliance1 -->
  <system-out/>
  <testcase classname="comapnyAdminTest.CompanyAdminCriticalTestCases" name="ComplianceClearButton1" time="0.000">
    <skipped/>
  </testcase> <!-- ComplianceClearButton1 -->
  <system-out/>
  <testcase classname="comapnyAdminTest.CompanyAdminCriticalTestCases" name="UploadCompliance1" time="0.000">
    <skipped/>
  </testcase> <!-- UploadCompliance1 -->
  <system-out/>
  <testcase classname="comapnyAdminTest.CompanyAdminCriticalTestCases" name="AddTemplateAC1" time="0.000">
    <skipped/>
  </testcase> <!-- AddTemplateAC1 -->
  <system-out/>
  <testcase classname="comapnyAdminTest.CompanyAdminCriticalTestCases" name="TemplateClearButton1" time="0.000">
    <skipped/>
  </testcase> <!-- TemplateClearButton1 -->
  <system-out/>
  <testcase classname="comapnyAdminTest.CompanyAdminCriticalTestCases" name="DeleteTemplateAC1" time="0.000">
    <skipped/>
  </testcase> <!-- DeleteTemplateAC1 -->
  <system-out/>
  <testcase classname="comapnyAdminTest.CompanyAdminCriticalTestCases" name="UploadTemplate1" time="0.000">
    <skipped/>
  </testcase> <!-- UploadTemplate1 -->
  <system-out/>
  <testcase classname="comapnyAdminTest.CompanyAdminCriticalTestCases" name="AddContractorType1" time="0.000">
    <skipped/>
  </testcase> <!-- AddContractorType1 -->
  <system-out/>
  <testcase classname="comapnyAdminTest.CompanyAdminCriticalTestCases" name="UpdateContractorType1" time="0.000">
    <skipped/>
  </testcase> <!-- UpdateContractorType1 -->
  <system-out/>
  <testcase classname="comapnyAdminTest.CompanyAdminCriticalTestCases" name="DeleteContractorType1" time="0.000">
    <skipped/>
  </testcase> <!-- DeleteContractorType1 -->
  <system-out/>
  <testcase classname="comapnyAdminTest.CompanyAdminCriticalTestCases" name="ContractorTypeClearButtonn1" time="0.000">
    <skipped/>
  </testcase> <!-- ContractorTypeClearButtonn1 -->
  <system-out/>
  <testcase classname="comapnyAdminTest.CompanyAdminCriticalTestCases" name="AddCity1" time="0.000">
    <skipped/>
  </testcase> <!-- AddCity1 -->
  <system-out/>
  <testcase classname="comapnyAdminTest.CompanyAdminCriticalTestCases" name="UpdateCity1" time="0.000">
    <skipped/>
  </testcase> <!-- UpdateCity1 -->
  <system-out/>
  <testcase classname="comapnyAdminTest.CompanyAdminCriticalTestCases" name="DeleteCity1" time="0.000">
    <skipped/>
  </testcase> <!-- DeleteCity1 -->
  <system-out/>
  <testcase classname="comapnyAdminTest.CompanyAdminCriticalTestCases" name="CityMasterClearButton1" time="0.000">
    <skipped/>
  </testcase> <!-- CityMasterClearButton1 -->
  <system-out/>
  <testcase classname="comapnyAdminTest.CompanyAdminCriticalTestCases" name="AddLicenceType1" time="0.000">
    <skipped/>
  </testcase> <!-- AddLicenceType1 -->
  <system-out/>
  <testcase classname="comapnyAdminTest.CompanyAdminCriticalTestCases" name="UpdateLicenceType1" time="0.001">
    <skipped/>
  </testcase> <!-- UpdateLicenceType1 -->
  <system-out/>
  <testcase classname="comapnyAdminTest.CompanyAdminCriticalTestCases" name="DeleteLicenceType1" time="0.000">
    <skipped/>
  </testcase> <!-- DeleteLicenceType1 -->
  <system-out/>
  <testcase classname="comapnyAdminTest.CompanyAdminCriticalTestCases" name="LicenceTypeClearButton1" time="0.000">
    <skipped/>
  </testcase> <!-- LicenceTypeClearButton1 -->
  <system-out/>
  <testcase classname="comapnyAdminTest.CompanyAdminCriticalTestCases" name="AddDataPoint1" time="0.001">
    <skipped/>
  </testcase> <!-- AddDataPoint1 -->
  <system-out/>
  <testcase classname="comapnyAdminTest.CompanyAdminCriticalTestCases" name="UpdateDataPoint1" time="0.000">
    <skipped/>
  </testcase> <!-- UpdateDataPoint1 -->
  <system-out/>
  <testcase classname="comapnyAdminTest.CompanyAdminCriticalTestCases" name="DeleteDataPoint1" time="0.000">
    <skipped/>
  </testcase> <!-- DeleteDataPoint1 -->
  <system-out/>
  <testcase classname="comapnyAdminTest.CompanyAdminCriticalTestCases" name="DataPointClearButton1" time="0.000">
    <skipped/>
  </testcase> <!-- DataPointClearButton1 -->
  <system-out/>
  <testcase classname="comapnyAdminTest.CompanyAdminCriticalTestCases" name="AddNewCompliance1" time="0.000">
    <skipped/>
  </testcase> <!-- AddNewCompliance1 -->
  <system-out/>
  <testcase classname="comapnyAdminTest.CompanyAdminCriticalTestCases" name="UpdateCompliencesFTab1" time="0.000">
    <skipped/>
  </testcase> <!-- UpdateCompliencesFTab1 -->
  <system-out/>
  <testcase classname="comapnyAdminTest.CompanyAdminCriticalTestCases" name="ExportReportDownloadCM1" time="0.000">
    <skipped/>
  </testcase> <!-- ExportReportDownloadCM1 -->
  <system-out/>
  <testcase classname="comapnyAdminTest.CompanyAdminCriticalTestCases" name="ExportButtonCM1" time="0.000">
    <skipped/>
  </testcase> <!-- ExportButtonCM1 -->
  <system-out/>
  <testcase classname="comapnyAdminTest.CompanyAdminCriticalTestCases" name="ClearButton1" time="0.000">
    <skipped/>
  </testcase> <!-- ClearButton1 -->
  <system-out/>
  <testcase classname="comapnyAdminTest.CompanyAdminCriticalTestCases" name="UploadCMFTab1" time="0.000">
    <skipped/>
  </testcase> <!-- UploadCMFTab1 -->
  <system-out/>
  <testcase classname="comapnyAdminTest.CompanyAdminCriticalTestCases" name="ViewIconCM1" time="0.000">
    <skipped/>
  </testcase> <!-- ViewIconCM1 -->
  <system-out/>
  <testcase classname="comapnyAdminTest.CompanyAdminCriticalTestCases" name="AuditSchedule1" time="0.000">
    <skipped/>
  </testcase> <!-- AuditSchedule1 -->
  <system-out/>
  <testcase classname="comapnyAdminTest.CompanyAdminCriticalTestCases" name="ClearButtonAS1" time="0.000">
    <skipped/>
  </testcase> <!-- ClearButtonAS1 -->
  <system-out/>
  <testcase classname="comapnyAdminTest.CompanyAdminCriticalTestCases" name="AssignComplience1" time="0.000">
    <skipped/>
  </testcase> <!-- AssignComplience1 -->
  <system-out/>
  <testcase classname="comapnyAdminTest.CompanyAdminCriticalTestCases" name="UnassignComplianceAA1" time="0.000">
    <skipped/>
  </testcase> <!-- UnassignComplianceAA1 -->
  <system-out/>
  <testcase classname="comapnyAdminTest.CompanyAdminCriticalTestCases" name="ClearButtonAA1" time="0.001">
    <skipped/>
  </testcase> <!-- ClearButtonAA1 -->
  <system-out/>
  <testcase classname="comapnyAdminTest.CompanyAdminCriticalTestCases" name="ExportReportFromReport1" time="0.000">
    <skipped/>
  </testcase> <!-- ExportReportFromReport1 -->
  <system-out/>
  <testcase classname="comapnyAdminTest.CompanyAdminCriticalTestCases" name="ClearButtonReport1" time="0.000">
    <skipped/>
  </testcase> <!-- ClearButtonReport1 -->
  <system-out/>
  <testcase classname="comapnyAdminTest.CompanyAdminCriticalTestCases" name="MoreReportR1" time="0.000">
    <skipped/>
  </testcase> <!-- MoreReportR1 -->
  <system-out/>
  <testcase classname="comapnyAdminTest.CompanyAdminCriticalTestCases" name="ActionColReportDownload1" time="0.000">
    <skipped/>
  </testcase> <!-- ActionColReportDownload1 -->
  <system-out/>
  <testcase classname="comapnyAdminTest.CompanyAdminCriticalTestCases" name="ViewReport1" time="0.000">
    <skipped/>
  </testcase> <!-- ViewReport1 -->
  <system-out/>
</testsuite> <!-- comapnyAdminTest.CompanyAdminCriticalTestCases -->
