<?xml version="1.0" encoding="UTF-8"?>
<!-- Generated by org.testng.reporters.JUnitReportReporter -->
<testsuite hostname="TRPL-PUN-0125" failures="0" tests="57" name="comapnyAdminTest.AuditorTestCases" time="16.043" errors="1" timestamp="2024-05-26T10:00:12 IST" skipped="56">
  <testcase classname="comapnyAdminTest.AuditorTestCases" name="Login" time="16.037">
    <error message="no such window: target window already closed
from unknown error: web view not found
  (Session info: chrome=125.0.6422.77)
Build info: version: &#039;3.141.0&#039;, revision: &#039;2ecb7d9a&#039;, time: &#039;2018-10-31T20:09:30&#039;
System info: host: &#039;TRPL-PUN-0125&#039;, ip: &#039;192.168.10.37&#039;, os.name: &#039;Windows 10&#039;, os.arch: &#039;amd64&#039;, os.version: &#039;10.0&#039;, java.version: &#039;17.0.9&#039;
Driver info: org.openqa.selenium.chrome.ChromeDriver
Capabilities {acceptInsecureCerts: false, browserName: chrome, browserVersion: 125.0.6422.77, chrome: {chromedriverVersion: 125.0.6422.60 (3ac3319bff9f..., userDataDir: C:\Users\shitalb\AppData\Lo...}, fedcm:accounts: true, goog:chromeOptions: {debuggerAddress: localhost:49417}, javascriptEnabled: true, networkConnectionEnabled: false, pageLoadStrategy: normal, platform: WINDOWS, platformName: WINDOWS, proxy: Proxy(), setWindowRect: true, strictFileInteractability: false, timeouts: {implicit: 0, pageLoad: 300000, script: 30000}, unhandledPromptBehavior: dismiss and notify, webauthn:extension:credBlob: true, webauthn:extension:largeBlob: true, webauthn:extension:minPinLength: true, webauthn:extension:prf: true, webauthn:virtualAuthenticators: true}
Session ID: baaf854766ab96c1267d917573330d76
*** Element info: {Using=xpath, value=//span[@id=&#039;lblQuestion1&#039;]}" type="org.openqa.selenium.NoSuchWindowException">
      <![CDATA[org.openqa.selenium.NoSuchWindowException: no such window: target window already closed
from unknown error: web view not found
  (Session info: chrome=125.0.6422.77)
Build info: version: '3.141.0', revision: '2ecb7d9a', time: '2018-10-31T20:09:30'
System info: host: 'TRPL-PUN-0125', ip: '192.168.10.37', os.name: 'Windows 10', os.arch: 'amd64', os.version: '10.0', java.version: '17.0.9'
Driver info: org.openqa.selenium.chrome.ChromeDriver
Capabilities {acceptInsecureCerts: false, browserName: chrome, browserVersion: 125.0.6422.77, chrome: {chromedriverVersion: 125.0.6422.60 (3ac3319bff9f..., userDataDir: C:\Users\shitalb\AppData\Lo...}, fedcm:accounts: true, goog:chromeOptions: {debuggerAddress: localhost:49417}, javascriptEnabled: true, networkConnectionEnabled: false, pageLoadStrategy: normal, platform: WINDOWS, platformName: WINDOWS, proxy: Proxy(), setWindowRect: true, strictFileInteractability: false, timeouts: {implicit: 0, pageLoad: 300000, script: 30000}, unhandledPromptBehavior: dismiss and notify, webauthn:extension:credBlob: true, webauthn:extension:largeBlob: true, webauthn:extension:minPinLength: true, webauthn:extension:prf: true, webauthn:virtualAuthenticators: true}
Session ID: baaf854766ab96c1267d917573330d76
*** Element info: {Using=xpath, value=//span[@id='lblQuestion1']}
at java.base/jdk.internal.reflect.NativeConstructorAccessorImpl.newInstance0(Native Method)
at java.base/jdk.internal.reflect.NativeConstructorAccessorImpl.newInstance(NativeConstructorAccessorImpl.java:77)
at java.base/jdk.internal.reflect.DelegatingConstructorAccessorImpl.newInstance(DelegatingConstructorAccessorImpl.java:45)
at java.base/java.lang.reflect.Constructor.newInstanceWithCaller(Constructor.java:499)
at java.base/java.lang.reflect.Constructor.newInstance(Constructor.java:480)
at org.openqa.selenium.remote.http.W3CHttpResponseCodec.createException(W3CHttpResponseCodec.java:187)
at org.openqa.selenium.remote.http.W3CHttpResponseCodec.decode(W3CHttpResponseCodec.java:122)
at org.openqa.selenium.remote.http.W3CHttpResponseCodec.decode(W3CHttpResponseCodec.java:49)
at org.openqa.selenium.remote.HttpCommandExecutor.execute(HttpCommandExecutor.java:158)
at org.openqa.selenium.remote.service.DriverCommandExecutor.execute(DriverCommandExecutor.java:83)
at org.openqa.selenium.remote.RemoteWebDriver.execute(RemoteWebDriver.java:552)
at org.openqa.selenium.remote.RemoteWebDriver.findElement(RemoteWebDriver.java:323)
at org.openqa.selenium.remote.RemoteWebDriver.findElementByXPath(RemoteWebDriver.java:428)
at org.openqa.selenium.By$ByXPath.findElement(By.java:353)
at org.openqa.selenium.remote.RemoteWebDriver.findElement(RemoteWebDriver.java:315)
at login.LoginPOM.Question1(LoginPOM.java:57)
at login.Login.UserLogin(Login.java:128)
at login.BasePage.initialization(BasePage.java:204)
at comapnyAdminTest.AuditorTestCases.Login(AuditorTestCases.java:79)
at java.base/jdk.internal.reflect.NativeMethodAccessorImpl.invoke0(Native Method)
at java.base/jdk.internal.reflect.NativeMethodAccessorImpl.invoke(NativeMethodAccessorImpl.java:77)
at java.base/jdk.internal.reflect.DelegatingMethodAccessorImpl.invoke(DelegatingMethodAccessorImpl.java:43)
at java.base/java.lang.reflect.Method.invoke(Method.java:568)
at org.testng.internal.invokers.MethodInvocationHelper.invokeMethod(MethodInvocationHelper.java:139)
at org.testng.internal.invokers.MethodInvocationHelper.invokeMethodConsideringTimeout(MethodInvocationHelper.java:69)
at org.testng.internal.invokers.ConfigInvoker.invokeConfigurationMethod(ConfigInvoker.java:361)
at org.testng.internal.invokers.ConfigInvoker.invokeConfigurations(ConfigInvoker.java:296)
at org.testng.internal.invokers.TestInvoker.runConfigMethods(TestInvoker.java:816)
at org.testng.internal.invokers.TestInvoker.invokeMethod(TestInvoker.java:590)
at org.testng.internal.invokers.TestInvoker.invokeTestMethod(TestInvoker.java:221)
at org.testng.internal.invokers.MethodRunner.runInSequence(MethodRunner.java:50)
at org.testng.internal.invokers.TestInvoker$MethodInvocationAgent.invoke(TestInvoker.java:962)
at org.testng.internal.invokers.TestInvoker.invokeTestMethods(TestInvoker.java:194)
at org.testng.internal.invokers.TestMethodWorker.invokeTestMethods(TestMethodWorker.java:148)
at org.testng.internal.invokers.TestMethodWorker.run(TestMethodWorker.java:128)
at java.base/java.util.ArrayList.forEach(ArrayList.java:1511)
at org.testng.TestRunner.privateRun(TestRunner.java:806)
at org.testng.TestRunner.run(TestRunner.java:601)
at org.testng.SuiteRunner.runTest(SuiteRunner.java:433)
at org.testng.SuiteRunner.runSequentially(SuiteRunner.java:427)
at org.testng.SuiteRunner.privateRun(SuiteRunner.java:387)
at org.testng.SuiteRunner.run(SuiteRunner.java:330)
at org.testng.SuiteRunnerWorker.runSuite(SuiteRunnerWorker.java:52)
at org.testng.SuiteRunnerWorker.run(SuiteRunnerWorker.java:95)
at org.testng.TestNG.runSuitesSequentially(TestNG.java:1256)
at org.testng.TestNG.runSuitesLocally(TestNG.java:1176)
at org.testng.TestNG.runSuites(TestNG.java:1099)
at org.testng.TestNG.run(TestNG.java:1067)
at org.testng.remote.AbstractRemoteTestNG.run(AbstractRemoteTestNG.java:115)
at org.testng.remote.RemoteTestNG.initAndRun(RemoteTestNG.java:251)
at org.testng.remote.RemoteTestNG.main(RemoteTestNG.java:77)
]]>
    </error>
  </testcase> <!-- Login -->
  <system-out/>
  <testcase classname="comapnyAdminTest.AuditorTestCases" name="UpcomingdashboardAndGridCountMatch1" time="0.001">
    <skipped/>
  </testcase> <!-- UpcomingdashboardAndGridCountMatch1 -->
  <system-out/>
  <testcase classname="comapnyAdminTest.AuditorTestCases" name="UpcomingEditButton1" time="0.001">
    <skipped/>
  </testcase> <!-- UpcomingEditButton1 -->
  <system-out/>
  <testcase classname="comapnyAdminTest.AuditorTestCases" name="UpcomingMultipleFilter1" time="0.001">
    <skipped/>
  </testcase> <!-- UpcomingMultipleFilter1 -->
  <system-out/>
  <testcase classname="comapnyAdminTest.AuditorTestCases" name="OverdueMultipleFilter1" time="0.000">
    <skipped/>
  </testcase> <!-- OverdueMultipleFilter1 -->
  <system-out/>
  <testcase classname="comapnyAdminTest.AuditorTestCases" name="OverdueDashboardAndGridCount1" time="0.000">
    <skipped/>
  </testcase> <!-- OverdueDashboardAndGridCount1 -->
  <system-out/>
  <testcase classname="comapnyAdminTest.AuditorTestCases" name="OverdueEditButton1" time="0.001">
    <skipped/>
  </testcase> <!-- OverdueEditButton1 -->
  <system-out/>
  <testcase classname="comapnyAdminTest.AuditorTestCases" name="RejectedDashBoardAndGridCount1" time="0.000">
    <skipped/>
  </testcase> <!-- RejectedDashBoardAndGridCount1 -->
  <system-out/>
  <testcase classname="comapnyAdminTest.AuditorTestCases" name="RejectedEditButton1" time="0.001">
    <skipped/>
  </testcase> <!-- RejectedEditButton1 -->
  <system-out/>
  <testcase classname="comapnyAdminTest.AuditorTestCases" name="RejectedMultipleFilter1" time="0.000">
    <skipped/>
  </testcase> <!-- RejectedMultipleFilter1 -->
  <system-out/>
  <testcase classname="comapnyAdminTest.AuditorTestCases" name="PendingReviewDashboardAndGridCount1" time="0.000">
    <skipped/>
  </testcase> <!-- PendingReviewDashboardAndGridCount1 -->
  <system-out/>
  <testcase classname="comapnyAdminTest.AuditorTestCases" name="PendingReviewUpdate1" time="0.000">
    <skipped/>
  </testcase> <!-- PendingReviewUpdate1 -->
  <system-out/>
  <testcase classname="comapnyAdminTest.AuditorTestCases" name="ViewEditPR1" time="0.000">
    <skipped/>
  </testcase> <!-- ViewEditPR1 -->
  <system-out/>
  <testcase classname="comapnyAdminTest.AuditorTestCases" name="CommentButtonPR1" time="0.000">
    <skipped/>
  </testcase> <!-- CommentButtonPR1 -->
  <system-out/>
  <testcase classname="comapnyAdminTest.AuditorTestCases" name="UpdateInEditButton1" time="0.000">
    <skipped/>
  </testcase> <!-- UpdateInEditButton1 -->
  <system-out/>
  <testcase classname="comapnyAdminTest.AuditorTestCases" name="PendingReviewMultipleFilter1" time="0.000">
    <skipped/>
  </testcase> <!-- PendingReviewMultipleFilter1 -->
  <system-out/>
  <testcase classname="comapnyAdminTest.AuditorTestCases" name="ClosedDashboardAndGridCount1" time="0.000">
    <skipped/>
  </testcase> <!-- ClosedDashboardAndGridCount1 -->
  <system-out/>
  <testcase classname="comapnyAdminTest.AuditorTestCases" name="ClosedReviewEditButton1" time="0.000">
    <skipped/>
  </testcase> <!-- ClosedReviewEditButton1 -->
  <system-out/>
  <testcase classname="comapnyAdminTest.AuditorTestCases" name="CLosedStatusReopen1" time="0.000">
    <skipped/>
  </testcase> <!-- CLosedStatusReopen1 -->
  <system-out/>
  <testcase classname="comapnyAdminTest.AuditorTestCases" name="ClosedMultipleFilter1" time="0.000">
    <skipped/>
  </testcase> <!-- ClosedMultipleFilter1 -->
  <system-out/>
  <testcase classname="comapnyAdminTest.AuditorTestCases" name="GraphCountMatchGreen1" time="0.000">
    <skipped/>
  </testcase> <!-- GraphCountMatchGreen1 -->
  <system-out/>
  <testcase classname="comapnyAdminTest.AuditorTestCases" name="CompliedGraphMultipleFilterHigh1" time="0.000">
    <skipped/>
  </testcase> <!-- CompliedGraphMultipleFilterHigh1 -->
  <system-out/>
  <testcase classname="comapnyAdminTest.AuditorTestCases" name="CompliedGraphMultipleFilterMedium1" time="0.000">
    <skipped/>
  </testcase> <!-- CompliedGraphMultipleFilterMedium1 -->
  <system-out/>
  <testcase classname="comapnyAdminTest.AuditorTestCases" name="CompliedGraphMultipleFilterLow1" time="0.000">
    <skipped/>
  </testcase> <!-- CompliedGraphMultipleFilterLow1 -->
  <system-out/>
  <testcase classname="comapnyAdminTest.AuditorTestCases" name="RedInRedGraphCountMatch1" time="0.000">
    <skipped/>
  </testcase> <!-- RedInRedGraphCountMatch1 -->
  <system-out/>
  <testcase classname="comapnyAdminTest.AuditorTestCases" name="NotCompliedGraphMultipleFilterHigh1" time="0.000">
    <skipped/>
  </testcase> <!-- NotCompliedGraphMultipleFilterHigh1 -->
  <system-out/>
  <testcase classname="comapnyAdminTest.AuditorTestCases" name="NotCompliedGraphMultipleFilterMedium1" time="0.000">
    <skipped/>
  </testcase> <!-- NotCompliedGraphMultipleFilterMedium1 -->
  <system-out/>
  <testcase classname="comapnyAdminTest.AuditorTestCases" name="NotCompliedGraphMultipleFilterLow1" time="0.000">
    <skipped/>
  </testcase> <!-- NotCompliedGraphMultipleFilterLow1 -->
  <system-out/>
  <testcase classname="comapnyAdminTest.AuditorTestCases" name="GreyInRedCountMtch1" time="0.000">
    <skipped/>
  </testcase> <!-- GreyInRedCountMtch1 -->
  <system-out/>
  <testcase classname="comapnyAdminTest.AuditorTestCases" name="NotApplicableGraphMultipleFilterHigh1" time="0.000">
    <skipped/>
  </testcase> <!-- NotApplicableGraphMultipleFilterHigh1 -->
  <system-out/>
  <testcase classname="comapnyAdminTest.AuditorTestCases" name="NotApplicableGraphMultipleFilterMedium1" time="0.000">
    <skipped/>
  </testcase> <!-- NotApplicableGraphMultipleFilterMedium1 -->
  <system-out/>
  <testcase classname="comapnyAdminTest.AuditorTestCases" name="NotApplicableGraphMultipleFilterLow1" time="0.000">
    <skipped/>
  </testcase> <!-- NotApplicableGraphMultipleFilterLow1 -->
  <system-out/>
  <testcase classname="comapnyAdminTest.AuditorTestCases" name="AuditCompletionStatusRed1" time="0.000">
    <skipped/>
  </testcase> <!-- AuditCompletionStatusRed1 -->
  <system-out/>
  <testcase classname="comapnyAdminTest.AuditorTestCases" name="ACSOverdueMultipleFilter1" time="0.000">
    <skipped/>
  </testcase> <!-- ACSOverdueMultipleFilter1 -->
  <system-out/>
  <testcase classname="comapnyAdminTest.AuditorTestCases" name="ACSPendingReviewMultipleFilter1" time="0.000">
    <skipped/>
  </testcase> <!-- ACSPendingReviewMultipleFilter1 -->
  <system-out/>
  <testcase classname="comapnyAdminTest.AuditorTestCases" name="ACSClosedMultipleFilter1" time="0.000">
    <skipped/>
  </testcase> <!-- ACSClosedMultipleFilter1 -->
  <system-out/>
  <testcase classname="comapnyAdminTest.AuditorTestCases" name="PWSCompliedHighRisk1" time="0.000">
    <skipped/>
  </testcase> <!-- PWSCompliedHighRisk1 -->
  <system-out/>
  <testcase classname="comapnyAdminTest.AuditorTestCases" name="PWCSCompliedGraphMultipleFilterHigh1" time="0.000">
    <skipped/>
  </testcase> <!-- PWCSCompliedGraphMultipleFilterHigh1 -->
  <system-out/>
  <testcase classname="comapnyAdminTest.AuditorTestCases" name="PWCSSCompliedGraphMultipleFilterMedium1" time="0.000">
    <skipped/>
  </testcase> <!-- PWCSSCompliedGraphMultipleFilterMedium1 -->
  <system-out/>
  <testcase classname="comapnyAdminTest.AuditorTestCases" name="PWCSSCompliedGraphMultipleFilterLow1" time="0.000">
    <skipped/>
  </testcase> <!-- PWCSSCompliedGraphMultipleFilterLow1 -->
  <system-out/>
  <testcase classname="comapnyAdminTest.AuditorTestCases" name="PWSNotCompliedHigh1" time="0.000">
    <skipped/>
  </testcase> <!-- PWSNotCompliedHigh1 -->
  <system-out/>
  <testcase classname="comapnyAdminTest.AuditorTestCases" name="PWCSSNotCompliedGraphMultipleFilterHigh1" time="0.000">
    <skipped/>
  </testcase> <!-- PWCSSNotCompliedGraphMultipleFilterHigh1 -->
  <system-out/>
  <testcase classname="comapnyAdminTest.AuditorTestCases" name="PWCSSNotCompliedGraphMultipleFilterMedium1" time="0.000">
    <skipped/>
  </testcase> <!-- PWCSSNotCompliedGraphMultipleFilterMedium1 -->
  <system-out/>
  <testcase classname="comapnyAdminTest.AuditorTestCases" name="PWCSSNotCompliedGraphMultipleFilterLow1" time="0.000">
    <skipped/>
  </testcase> <!-- PWCSSNotCompliedGraphMultipleFilterLow1 -->
  <system-out/>
  <testcase classname="comapnyAdminTest.AuditorTestCases" name="NotApplicableHigh1" time="0.000">
    <skipped/>
  </testcase> <!-- NotApplicableHigh1 -->
  <system-out/>
  <testcase classname="comapnyAdminTest.AuditorTestCases" name="PWCSNotApplicableHigh1" time="0.001">
    <skipped/>
  </testcase> <!-- PWCSNotApplicableHigh1 -->
  <system-out/>
  <testcase classname="comapnyAdminTest.AuditorTestCases" name="ViewDocument1" time="0.000">
    <skipped/>
  </testcase> <!-- ViewDocument1 -->
  <system-out/>
  <testcase classname="comapnyAdminTest.AuditorTestCases" name="DownloadCompliance1" time="0.000">
    <skipped/>
  </testcase> <!-- DownloadCompliance1 -->
  <system-out/>
  <testcase classname="comapnyAdminTest.AuditorTestCases" name="MultipleComplianceDownload1" time="0.000">
    <skipped/>
  </testcase> <!-- MultipleComplianceDownload1 -->
  <system-out/>
  <testcase classname="comapnyAdminTest.AuditorTestCases" name="DocumentClearButton1" time="0.000">
    <skipped/>
  </testcase> <!-- DocumentClearButton1 -->
  <system-out/>
  <testcase classname="comapnyAdminTest.AuditorTestCases" name="DocumentTabMultipleFilter1" time="0.000">
    <skipped/>
  </testcase> <!-- DocumentTabMultipleFilter1 -->
  <system-out/>
  <testcase classname="comapnyAdminTest.AuditorTestCases" name="ExportReportR1" time="0.000">
    <skipped/>
  </testcase> <!-- ExportReportR1 -->
  <system-out/>
  <testcase classname="comapnyAdminTest.AuditorTestCases" name="ClearButton1" time="0.000">
    <skipped/>
  </testcase> <!-- ClearButton1 -->
  <system-out/>
  <testcase classname="comapnyAdminTest.AuditorTestCases" name="ActnColmFileDownld1" time="0.000">
    <skipped/>
  </testcase> <!-- ActnColmFileDownld1 -->
  <system-out/>
  <testcase classname="comapnyAdminTest.AuditorTestCases" name="MoreReport1" time="0.000">
    <skipped/>
  </testcase> <!-- MoreReport1 -->
  <system-out/>
  <testcase classname="comapnyAdminTest.AuditorTestCases" name="ViewReportOfCompliance1" time="0.000">
    <skipped/>
  </testcase> <!-- ViewReportOfCompliance1 -->
  <system-out/>
  <testcase classname="comapnyAdminTest.AuditorTestCases" name="ReportMultipleFilter1" time="0.000">
    <skipped/>
  </testcase> <!-- ReportMultipleFilter1 -->
  <system-out/>
</testsuite> <!-- comapnyAdminTest.AuditorTestCases -->
