<?xml version="1.0" encoding="UTF-8"?>
<!-- Generated by org.testng.reporters.JUnitReportReporter -->
<testsuite hostname="TRPL-PUN-0125" failures="0" tests="66" name="comapnyAdminTest.ContractorTestCases1" time="9052.666" errors="2" timestamp="2024-06-23T22:42:24 IST" skipped="0">
  <testcase classname="comapnyAdminTest.ContractorTestCases1" name="DashboardCountGridCount1" time="121.129"/>
  <system-out/>
  <testcase classname="comapnyAdminTest.ContractorTestCases1" name="UpcomingView1" time="62.392"/>
  <system-out/>
  <testcase classname="comapnyAdminTest.ContractorTestCases1" name="CommentButtonUpcoming1" time="78.797"/>
  <system-out/>
  <testcase classname="comapnyAdminTest.ContractorTestCases1" name="UpcomingDownload1" time="106.628">
    <error message="element not interactable
  (Session info: chrome=126.0.6478.63)
Build info: version: &#039;3.141.0&#039;, revision: &#039;2ecb7d9a&#039;, time: &#039;2018-10-31T20:09:30&#039;
System info: host: &#039;TRPL-PUN-0125&#039;, ip: &#039;192.168.10.37&#039;, os.name: &#039;Windows 10&#039;, os.arch: &#039;amd64&#039;, os.version: &#039;10.0&#039;, java.version: &#039;17.0.9&#039;
Driver info: org.openqa.selenium.chrome.ChromeDriver
Capabilities {acceptInsecureCerts: false, browserName: chrome, browserVersion: 126.0.6478.63, chrome: {chromedriverVersion: 125.0.6422.60 (3ac3319bff9f..., userDataDir: C:\Users\shitalb\AppData\Lo...}, fedcm:accounts: true, goog:chromeOptions: {debuggerAddress: localhost:57514}, javascriptEnabled: true, networkConnectionEnabled: false, pageLoadStrategy: normal, platform: WINDOWS, platformName: WINDOWS, proxy: Proxy(), setWindowRect: true, strictFileInteractability: false, timeouts: {implicit: 0, pageLoad: 300000, script: 30000}, unhandledPromptBehavior: dismiss and notify, webauthn:extension:credBlob: true, webauthn:extension:largeBlob: true, webauthn:extension:minPinLength: true, webauthn:extension:prf: true, webauthn:virtualAuthenticators: true}
Session ID: 6d7aeebe825bb167c89f100d1478618f" type="org.openqa.selenium.ElementNotInteractableException">
      <![CDATA[org.openqa.selenium.ElementNotInteractableException: element not interactable
  (Session info: chrome=126.0.6478.63)
Build info: version: '3.141.0', revision: '2ecb7d9a', time: '2018-10-31T20:09:30'
System info: host: 'TRPL-PUN-0125', ip: '192.168.10.37', os.name: 'Windows 10', os.arch: 'amd64', os.version: '10.0', java.version: '17.0.9'
Driver info: org.openqa.selenium.chrome.ChromeDriver
Capabilities {acceptInsecureCerts: false, browserName: chrome, browserVersion: 126.0.6478.63, chrome: {chromedriverVersion: 125.0.6422.60 (3ac3319bff9f..., userDataDir: C:\Users\shitalb\AppData\Lo...}, fedcm:accounts: true, goog:chromeOptions: {debuggerAddress: localhost:57514}, javascriptEnabled: true, networkConnectionEnabled: false, pageLoadStrategy: normal, platform: WINDOWS, platformName: WINDOWS, proxy: Proxy(), setWindowRect: true, strictFileInteractability: false, timeouts: {implicit: 0, pageLoad: 300000, script: 30000}, unhandledPromptBehavior: dismiss and notify, webauthn:extension:credBlob: true, webauthn:extension:largeBlob: true, webauthn:extension:minPinLength: true, webauthn:extension:prf: true, webauthn:virtualAuthenticators: true}
Session ID: 6d7aeebe825bb167c89f100d1478618f
at java.base/jdk.internal.reflect.NativeConstructorAccessorImpl.newInstance0(Native Method)
at java.base/jdk.internal.reflect.NativeConstructorAccessorImpl.newInstance(NativeConstructorAccessorImpl.java:77)
at java.base/jdk.internal.reflect.DelegatingConstructorAccessorImpl.newInstance(DelegatingConstructorAccessorImpl.java:45)
at java.base/java.lang.reflect.Constructor.newInstanceWithCaller(Constructor.java:499)
at java.base/java.lang.reflect.Constructor.newInstance(Constructor.java:480)
at org.openqa.selenium.remote.http.W3CHttpResponseCodec.createException(W3CHttpResponseCodec.java:187)
at org.openqa.selenium.remote.http.W3CHttpResponseCodec.decode(W3CHttpResponseCodec.java:122)
at org.openqa.selenium.remote.http.W3CHttpResponseCodec.decode(W3CHttpResponseCodec.java:49)
at org.openqa.selenium.remote.HttpCommandExecutor.execute(HttpCommandExecutor.java:158)
at org.openqa.selenium.remote.service.DriverCommandExecutor.execute(DriverCommandExecutor.java:83)
at org.openqa.selenium.remote.RemoteWebDriver.execute(RemoteWebDriver.java:552)
at org.openqa.selenium.remote.RemoteWebElement.execute(RemoteWebElement.java:285)
at org.openqa.selenium.remote.RemoteWebElement.click(RemoteWebElement.java:84)
at companyContractor.Method1.UpcomingDownload(Method1.java:909)
at comapnyAdminTest.ContractorTestCases1.UpcomingDownload1(ContractorTestCases1.java:143)
at java.base/jdk.internal.reflect.NativeMethodAccessorImpl.invoke0(Native Method)
at java.base/jdk.internal.reflect.NativeMethodAccessorImpl.invoke(NativeMethodAccessorImpl.java:77)
at java.base/jdk.internal.reflect.DelegatingMethodAccessorImpl.invoke(DelegatingMethodAccessorImpl.java:43)
at java.base/java.lang.reflect.Method.invoke(Method.java:568)
at org.testng.internal.invokers.MethodInvocationHelper.invokeMethod(MethodInvocationHelper.java:139)
at org.testng.internal.invokers.TestInvoker.invokeMethod(TestInvoker.java:677)
at org.testng.internal.invokers.TestInvoker.invokeTestMethod(TestInvoker.java:221)
at org.testng.internal.invokers.MethodRunner.runInSequence(MethodRunner.java:50)
at org.testng.internal.invokers.TestInvoker$MethodInvocationAgent.invoke(TestInvoker.java:962)
at org.testng.internal.invokers.TestInvoker.invokeTestMethods(TestInvoker.java:194)
at org.testng.internal.invokers.TestMethodWorker.invokeTestMethods(TestMethodWorker.java:148)
at org.testng.internal.invokers.TestMethodWorker.run(TestMethodWorker.java:128)
at java.base/java.util.ArrayList.forEach(ArrayList.java:1511)
at org.testng.TestRunner.privateRun(TestRunner.java:806)
at org.testng.TestRunner.run(TestRunner.java:601)
at org.testng.SuiteRunner.runTest(SuiteRunner.java:433)
at org.testng.SuiteRunner.runSequentially(SuiteRunner.java:427)
at org.testng.SuiteRunner.privateRun(SuiteRunner.java:387)
at org.testng.SuiteRunner.run(SuiteRunner.java:330)
at org.testng.SuiteRunnerWorker.runSuite(SuiteRunnerWorker.java:52)
at org.testng.SuiteRunnerWorker.run(SuiteRunnerWorker.java:95)
at org.testng.TestNG.runSuitesSequentially(TestNG.java:1256)
at org.testng.TestNG.runSuitesLocally(TestNG.java:1176)
at org.testng.TestNG.runSuites(TestNG.java:1099)
at org.testng.TestNG.run(TestNG.java:1067)
at org.testng.remote.AbstractRemoteTestNG.run(AbstractRemoteTestNG.java:115)
at org.testng.remote.RemoteTestNG.initAndRun(RemoteTestNG.java:251)
at org.testng.remote.RemoteTestNG.main(RemoteTestNG.java:77)
]]>
    </error>
  </testcase> <!-- UpcomingDownload1 -->
  <system-out/>
  <testcase classname="comapnyAdminTest.ContractorTestCases1" name="UpcomingAuditLog1" time="50.203"/>
  <system-out/>
  <testcase classname="comapnyAdminTest.ContractorTestCases1" name="Upcomingtransactionandstatuslog1" time="57.989"/>
  <system-out/>
  <testcase classname="comapnyAdminTest.ContractorTestCases1" name="UpcomingDownloadAndViewButton1" time="81.729"/>
  <system-out/>
  <testcase classname="comapnyAdminTest.ContractorTestCases1" name="overduecountMatch1" time="129.917"/>
  <system-out/>
  <testcase classname="comapnyAdminTest.ContractorTestCases1" name="UpdateUpcoming1" time="125.959"/>
  <system-out/>
  <testcase classname="comapnyAdminTest.ContractorTestCases1" name="UpdateOverdue11" time="142.762"/>
  <system-out/>
  <testcase classname="comapnyAdminTest.ContractorTestCases1" name="UpcomingMultipleFilter1" time="104.952"/>
  <system-out/>
  <testcase classname="comapnyAdminTest.ContractorTestCases1" name="OverdueDownloadAndViewButton1" time="100.067"/>
  <system-out/>
  <testcase classname="comapnyAdminTest.ContractorTestCases1" name="ViewOverdue1" time="87.113"/>
  <system-out/>
  <testcase classname="comapnyAdminTest.ContractorTestCases1" name="ComentOverdue11" time="95.046"/>
  <system-out/>
  <testcase classname="comapnyAdminTest.ContractorTestCases1" name="OverdueMultipleFilter1" time="123.828"/>
  <system-out/>
  <testcase classname="comapnyAdminTest.ContractorTestCases1" name="RejectedAndGridCountMatch1" time="141.453"/>
  <system-out/>
  <testcase classname="comapnyAdminTest.ContractorTestCases1" name="RejectedDownloadAndViewButton1" time="84.848"/>
  <system-out/>
  <testcase classname="comapnyAdminTest.ContractorTestCases1" name="ViewRejected1" time="86.202"/>
  <system-out/>
  <testcase classname="comapnyAdminTest.ContractorTestCases1" name="ComentRejected1" time="77.728"/>
  <system-out/>
  <testcase classname="comapnyAdminTest.ContractorTestCases1" name="RejectedMultipleFilter1" time="140.686"/>
  <system-out/>
  <testcase classname="comapnyAdminTest.ContractorTestCases1" name="PendingForReviewCountMatch1" time="141.887"/>
  <system-out/>
  <testcase classname="comapnyAdminTest.ContractorTestCases1" name="PendingReviewDownloadAndViewButton1" time="82.175"/>
  <system-out/>
  <testcase classname="comapnyAdminTest.ContractorTestCases1" name="ViewPendingReview1" time="70.110"/>
  <system-out/>
  <testcase classname="comapnyAdminTest.ContractorTestCases1" name="ComentPendingRewiew1" time="69.164"/>
  <system-out/>
  <testcase classname="comapnyAdminTest.ContractorTestCases1" name="PendingReviewMultipleFilter1" time="131.166"/>
  <system-out/>
  <testcase classname="comapnyAdminTest.ContractorTestCases1" name="CountmatchClose1" time="117.924"/>
  <system-out/>
  <testcase classname="comapnyAdminTest.ContractorTestCases1" name="ClosedDownloadAndViewButton1" time="90.461"/>
  <system-out/>
  <testcase classname="comapnyAdminTest.ContractorTestCases1" name="ViewClose1" time="69.265"/>
  <system-out/>
  <testcase classname="comapnyAdminTest.ContractorTestCases1" name="ComentClose1" time="79.029"/>
  <system-out/>
  <testcase classname="comapnyAdminTest.ContractorTestCases1" name="ClosedMultipleFilter1" time="132.071"/>
  <system-out/>
  <testcase classname="comapnyAdminTest.ContractorTestCases1" name="GraphCountMatch1" time="258.888"/>
  <system-out/>
  <testcase classname="comapnyAdminTest.ContractorTestCases1" name="CompliedGraphMultipleFilterHigh1" time="112.433"/>
  <system-out/>
  <testcase classname="comapnyAdminTest.ContractorTestCases1" name="CompliedGraphMultipleFilterMedium1" time="131.764"/>
  <system-out/>
  <testcase classname="comapnyAdminTest.ContractorTestCases1" name="CompliedGraphMultipleFilterLow1" time="112.931"/>
  <system-out/>
  <testcase classname="comapnyAdminTest.ContractorTestCases1" name="RedInRedGraphCountMatch1" time="258.626"/>
  <system-out/>
  <testcase classname="comapnyAdminTest.ContractorTestCases1" name="NotCompliedGraphMultipleFilterHigh1" time="174.340"/>
  <system-out/>
  <testcase classname="comapnyAdminTest.ContractorTestCases1" name="NotCompliedGraphMultipleFilterMedium1" time="135.647"/>
  <system-out/>
  <testcase classname="comapnyAdminTest.ContractorTestCases1" name="NotCompliedGraphMultipleFilterLow1" time="144.821"/>
  <system-out/>
  <testcase classname="comapnyAdminTest.ContractorTestCases1" name="GreyInRedCountMtch1" time="196.960"/>
  <system-out/>
  <testcase classname="comapnyAdminTest.ContractorTestCases1" name="NotApplicableGraphMultipleFilterHigh1" time="145.318"/>
  <system-out/>
  <testcase classname="comapnyAdminTest.ContractorTestCases1" name="NotApplicableGraphMultipleFilterMedium1" time="114.967"/>
  <system-out/>
  <testcase classname="comapnyAdminTest.ContractorTestCases1" name="NotApplicableGraphMultipleFilterLow1" time="114.251"/>
  <system-out/>
  <testcase classname="comapnyAdminTest.ContractorTestCases1" name="AuditCompletionStatusRed1" time="259.672"/>
  <system-out/>
  <testcase classname="comapnyAdminTest.ContractorTestCases1" name="ACSOverdueMultipleFilter1" time="134.162"/>
  <system-out/>
  <testcase classname="comapnyAdminTest.ContractorTestCases1" name="ACSPendingReviewMultipleFilter1" time="145.886"/>
  <system-out/>
  <testcase classname="comapnyAdminTest.ContractorTestCases1" name="ACSPClosedMultipleFilter1" time="144.723"/>
  <system-out/>
  <testcase classname="comapnyAdminTest.ContractorTestCases1" name="AuditCompletionStatusOverdue1" time="170.935"/>
  <system-out/>
  <testcase classname="comapnyAdminTest.ContractorTestCases1" name="AuditCompletionStatusPendingReview1" time="170.705"/>
  <system-out/>
  <testcase classname="comapnyAdminTest.ContractorTestCases1" name="AuditCompletionStatusClosed1" time="171.454"/>
  <system-out/>
  <testcase classname="comapnyAdminTest.ContractorTestCases1" name="PWSCompliedJKHills1" time="271.776"/>
  <system-out/>
  <testcase classname="comapnyAdminTest.ContractorTestCases1" name="PWSCompliedJKHillsMultipleFilter1" time="398.858"/>
  <system-out/>
  <testcase classname="comapnyAdminTest.ContractorTestCases1" name="PWSNotCompliedJKHills1" time="272.857"/>
  <system-out/>
  <testcase classname="comapnyAdminTest.ContractorTestCases1" name="PWSNotCompliedJKHillsHighMultipleFilter1" time="348.578"/>
  <system-out/>
  <testcase classname="comapnyAdminTest.ContractorTestCases1" name="PWSNotApplicableJKHillHigh1" time="274.261"/>
  <system-out/>
  <testcase classname="comapnyAdminTest.ContractorTestCases1" name="PWSNotApplicableJKHillHighMultipleFilter1" time="350.118"/>
  <system-out/>
  <testcase classname="comapnyAdminTest.ContractorTestCases1" name="MyWorkspaceLicense1" time="39.671"/>
  <system-out/>
  <testcase classname="comapnyAdminTest.ContractorTestCases1" name="ClearButtonDocument1" time="77.915"/>
  <system-out/>
  <testcase classname="comapnyAdminTest.ContractorTestCases1" name="ViewButtonDocuments1" time="98.482"/>
  <system-out/>
  <testcase classname="comapnyAdminTest.ContractorTestCases1" name="DownloadDocument1" time="102.850"/>
  <system-out/>
  <testcase classname="comapnyAdminTest.ContractorTestCases1" name="DownloadMultipleDocument" time="103.039"/>
  <system-out/>
  <testcase classname="comapnyAdminTest.ContractorTestCases1" name="ExportReportReport1" time="97.693"/>
  <system-out/>
  <testcase classname="comapnyAdminTest.ContractorTestCases1" name="DocumentTabMultipleFilter1" time="104.466"/>
  <system-out/>
  <testcase classname="comapnyAdminTest.ContractorTestCases1" name="MoreReportDownload1" time="172.546">
    <error message="unexpected alert open: {Alert text : No Record Found}
  (Session info: chrome=126.0.6478.63): No Record Found
Build info: version: &#039;3.141.0&#039;, revision: &#039;2ecb7d9a&#039;, time: &#039;2018-10-31T20:09:30&#039;
System info: host: &#039;TRPL-PUN-0125&#039;, ip: &#039;192.168.10.37&#039;, os.name: &#039;Windows 10&#039;, os.arch: &#039;amd64&#039;, os.version: &#039;10.0&#039;, java.version: &#039;17.0.9&#039;
Driver info: org.openqa.selenium.chrome.ChromeDriver
Capabilities {acceptInsecureCerts: false, browserName: chrome, browserVersion: 126.0.6478.63, chrome: {chromedriverVersion: 125.0.6422.60 (3ac3319bff9f..., userDataDir: C:\Users\shitalb\AppData\Lo...}, fedcm:accounts: true, goog:chromeOptions: {debuggerAddress: localhost:63052}, javascriptEnabled: true, networkConnectionEnabled: false, pageLoadStrategy: normal, platform: WINDOWS, platformName: WINDOWS, proxy: Proxy(), setWindowRect: true, strictFileInteractability: false, timeouts: {implicit: 0, pageLoad: 300000, script: 30000}, unhandledPromptBehavior: dismiss and notify, webauthn:extension:credBlob: true, webauthn:extension:largeBlob: true, webauthn:extension:minPinLength: true, webauthn:extension:prf: true, webauthn:virtualAuthenticators: true}
Session ID: 6930ab7d28e4b80a131ba13ba2f4a3ca
*** Element info: {Using=id, value=btnComplianceRemarksReport}" type="org.openqa.selenium.UnhandledAlertException">
      <![CDATA[org.openqa.selenium.UnhandledAlertException: unexpected alert open: {Alert text : No Record Found}
  (Session info: chrome=126.0.6478.63): No Record Found
Build info: version: '3.141.0', revision: '2ecb7d9a', time: '2018-10-31T20:09:30'
System info: host: 'TRPL-PUN-0125', ip: '192.168.10.37', os.name: 'Windows 10', os.arch: 'amd64', os.version: '10.0', java.version: '17.0.9'
Driver info: org.openqa.selenium.chrome.ChromeDriver
Capabilities {acceptInsecureCerts: false, browserName: chrome, browserVersion: 126.0.6478.63, chrome: {chromedriverVersion: 125.0.6422.60 (3ac3319bff9f..., userDataDir: C:\Users\shitalb\AppData\Lo...}, fedcm:accounts: true, goog:chromeOptions: {debuggerAddress: localhost:63052}, javascriptEnabled: true, networkConnectionEnabled: false, pageLoadStrategy: normal, platform: WINDOWS, platformName: WINDOWS, proxy: Proxy(), setWindowRect: true, strictFileInteractability: false, timeouts: {implicit: 0, pageLoad: 300000, script: 30000}, unhandledPromptBehavior: dismiss and notify, webauthn:extension:credBlob: true, webauthn:extension:largeBlob: true, webauthn:extension:minPinLength: true, webauthn:extension:prf: true, webauthn:virtualAuthenticators: true}
Session ID: 6930ab7d28e4b80a131ba13ba2f4a3ca
*** Element info: {Using=id, value=btnComplianceRemarksReport}
at org.openqa.selenium.remote.http.W3CHttpResponseCodec.decode(W3CHttpResponseCodec.java:120)
at org.openqa.selenium.remote.http.W3CHttpResponseCodec.decode(W3CHttpResponseCodec.java:49)
at org.openqa.selenium.remote.HttpCommandExecutor.execute(HttpCommandExecutor.java:158)
at org.openqa.selenium.remote.service.DriverCommandExecutor.execute(DriverCommandExecutor.java:83)
at org.openqa.selenium.remote.RemoteWebDriver.execute(RemoteWebDriver.java:552)
at org.openqa.selenium.remote.RemoteWebDriver.findElement(RemoteWebDriver.java:323)
at org.openqa.selenium.remote.RemoteWebDriver.findElementById(RemoteWebDriver.java:372)
at org.openqa.selenium.By$ById.findElement(By.java:188)
at org.openqa.selenium.remote.RemoteWebDriver.findElement(RemoteWebDriver.java:315)
at companyContractor.Locator1.ComplianceRemarkReport(Locator1.java:2833)
at companyContractor.Method1.MoreReportDownload(Method1.java:3873)
at comapnyAdminTest.ContractorTestCases1.MoreReportDownload1(ContractorTestCases1.java:985)
at java.base/jdk.internal.reflect.NativeMethodAccessorImpl.invoke0(Native Method)
at java.base/jdk.internal.reflect.NativeMethodAccessorImpl.invoke(NativeMethodAccessorImpl.java:77)
at java.base/jdk.internal.reflect.DelegatingMethodAccessorImpl.invoke(DelegatingMethodAccessorImpl.java:43)
at java.base/java.lang.reflect.Method.invoke(Method.java:568)
at org.testng.internal.invokers.MethodInvocationHelper.invokeMethod(MethodInvocationHelper.java:139)
at org.testng.internal.invokers.TestInvoker.invokeMethod(TestInvoker.java:677)
at org.testng.internal.invokers.TestInvoker.invokeTestMethod(TestInvoker.java:221)
at org.testng.internal.invokers.MethodRunner.runInSequence(MethodRunner.java:50)
at org.testng.internal.invokers.TestInvoker$MethodInvocationAgent.invoke(TestInvoker.java:962)
at org.testng.internal.invokers.TestInvoker.invokeTestMethods(TestInvoker.java:194)
at org.testng.internal.invokers.TestMethodWorker.invokeTestMethods(TestMethodWorker.java:148)
at org.testng.internal.invokers.TestMethodWorker.run(TestMethodWorker.java:128)
at java.base/java.util.ArrayList.forEach(ArrayList.java:1511)
at org.testng.TestRunner.privateRun(TestRunner.java:806)
at org.testng.TestRunner.run(TestRunner.java:601)
at org.testng.SuiteRunner.runTest(SuiteRunner.java:433)
at org.testng.SuiteRunner.runSequentially(SuiteRunner.java:427)
at org.testng.SuiteRunner.privateRun(SuiteRunner.java:387)
at org.testng.SuiteRunner.run(SuiteRunner.java:330)
at org.testng.SuiteRunnerWorker.runSuite(SuiteRunnerWorker.java:52)
at org.testng.SuiteRunnerWorker.run(SuiteRunnerWorker.java:95)
at org.testng.TestNG.runSuitesSequentially(TestNG.java:1256)
at org.testng.TestNG.runSuitesLocally(TestNG.java:1176)
at org.testng.TestNG.runSuites(TestNG.java:1099)
at org.testng.TestNG.run(TestNG.java:1067)
at org.testng.remote.AbstractRemoteTestNG.run(AbstractRemoteTestNG.java:115)
at org.testng.remote.RemoteTestNG.initAndRun(RemoteTestNG.java:251)
at org.testng.remote.RemoteTestNG.main(RemoteTestNG.java:77)
]]>
    </error>
  </testcase> <!-- MoreReportDownload1 -->
  <system-out/>
  <testcase classname="comapnyAdminTest.ContractorTestCases1" name="ClearButtonReport1" time="82.576"/>
  <system-out/>
  <testcase classname="comapnyAdminTest.ContractorTestCases1" name="ReportTabGridAndExcelCountMatch1" time="74.495"/>
  <system-out/>
  <testcase classname="comapnyAdminTest.ContractorTestCases1" name="DownoadAndViewButton1" time="101.322"/>
  <system-out/>
</testsuite> <!-- comapnyAdminTest.ContractorTestCases1 -->
