<?xml version="1.0" encoding="UTF-8"?>
<!-- Generated by org.testng.reporters.JUnitReportReporter -->
<testsuite hostname="TRPL-PUN-0125" failures="0" tests="53" name="comapnyAdminTest.ContractorTestCasesCritical" time="5757.549" errors="3" timestamp="2024-06-02T22:49:19 IST" skipped="0">
  <testcase classname="comapnyAdminTest.ContractorTestCasesCritical" name="DashboardCountGridCount1" time="124.168"/>
  <system-out/>
  <testcase classname="comapnyAdminTest.ContractorTestCasesCritical" name="UpcomingView1" time="79.964"/>
  <system-out/>
  <testcase classname="comapnyAdminTest.ContractorTestCasesCritical" name="UpcomingDownload1" time="105.285"/>
  <system-out/>
  <testcase classname="comapnyAdminTest.ContractorTestCasesCritical" name="UpcomingDownloadAndViewButton1" time="85.650"/>
  <system-out/>
  <testcase classname="comapnyAdminTest.ContractorTestCasesCritical" name="CommentButtonUpcoming1" time="81.436"/>
  <system-out/>
  <testcase classname="comapnyAdminTest.ContractorTestCasesCritical" name="UpcomingAuditLog1" time="41.655"/>
  <system-out/>
  <testcase classname="comapnyAdminTest.ContractorTestCasesCritical" name="Upcomingtransactionandstatuslog1" time="59.015"/>
  <system-out/>
  <testcase classname="comapnyAdminTest.ContractorTestCasesCritical" name="UpdateUpcoming1" time="127.260"/>
  <system-out/>
  <testcase classname="comapnyAdminTest.ContractorTestCasesCritical" name="overduecountMatch1" time="123.955"/>
  <system-out/>
  <testcase classname="comapnyAdminTest.ContractorTestCasesCritical" name="UpdateOverdue11" time="144.433"/>
  <system-out/>
  <testcase classname="comapnyAdminTest.ContractorTestCasesCritical" name="OverdueDownloadAndViewButton1" time="87.736"/>
  <system-out/>
  <testcase classname="comapnyAdminTest.ContractorTestCasesCritical" name="DownloadDocumentOverdue1" time="110.431"/>
  <system-out/>
  <testcase classname="comapnyAdminTest.ContractorTestCasesCritical" name="ViewOverdue1" time="78.003"/>
  <system-out/>
  <testcase classname="comapnyAdminTest.ContractorTestCasesCritical" name="ComentOverdue11" time="90.680"/>
  <system-out/>
  <testcase classname="comapnyAdminTest.ContractorTestCasesCritical" name="OverdueAuditLog1" time="45.994"/>
  <system-out/>
  <testcase classname="comapnyAdminTest.ContractorTestCasesCritical" name="Overduetransactionandstatuslog1" time="53.891"/>
  <system-out/>
  <testcase classname="comapnyAdminTest.ContractorTestCasesCritical" name="RejectedAndGridCountMatch1" time="120.600"/>
  <system-out/>
  <testcase classname="comapnyAdminTest.ContractorTestCasesCritical" name="RejectedDownloadAndViewButton1" time="86.658"/>
  <system-out/>
  <testcase classname="comapnyAdminTest.ContractorTestCasesCritical" name="ViewRejected1" time="77.377"/>
  <system-out/>
  <testcase classname="comapnyAdminTest.ContractorTestCasesCritical" name="ComentRejected1" time="79.297"/>
  <system-out/>
  <testcase classname="comapnyAdminTest.ContractorTestCasesCritical" name="RejectedAuditLog1" time="39.587"/>
  <system-out/>
  <testcase classname="comapnyAdminTest.ContractorTestCasesCritical" name="Rejectedtransactionandstatuslog1" time="52.925"/>
  <system-out/>
  <testcase classname="comapnyAdminTest.ContractorTestCasesCritical" name="RejectedSubmitForAuditorButton1" time="64.458"/>
  <system-out/>
  <testcase classname="comapnyAdminTest.ContractorTestCasesCritical" name="PendingForReviewCountMatch1" time="105.449"/>
  <system-out/>
  <testcase classname="comapnyAdminTest.ContractorTestCasesCritical" name="PendingReviewDownloadAndViewButton1" time="83.705"/>
  <system-out/>
  <testcase classname="comapnyAdminTest.ContractorTestCasesCritical" name="ViewPendingReview1" time="70.227"/>
  <system-out/>
  <testcase classname="comapnyAdminTest.ContractorTestCasesCritical" name="ComentPendingRewiew1" time="70.757"/>
  <system-out/>
  <testcase classname="comapnyAdminTest.ContractorTestCasesCritical" name="PendingReviewAuditLog1" time="41.244"/>
  <system-out/>
  <testcase classname="comapnyAdminTest.ContractorTestCasesCritical" name="PendingRewiewtransactionandstatuslog1" time="49.180"/>
  <system-out/>
  <testcase classname="comapnyAdminTest.ContractorTestCasesCritical" name="CountmatchClose1" time="122.429"/>
  <system-out/>
  <testcase classname="comapnyAdminTest.ContractorTestCasesCritical" name="ClosedDownloadAndViewButton1" time="84.105"/>
  <system-out/>
  <testcase classname="comapnyAdminTest.ContractorTestCasesCritical" name="DownloadClosed1" time="105.112"/>
  <system-out/>
  <testcase classname="comapnyAdminTest.ContractorTestCasesCritical" name="ViewClose1" time="71.941"/>
  <system-out/>
  <testcase classname="comapnyAdminTest.ContractorTestCasesCritical" name="ComentClose1" time="79.000"/>
  <system-out/>
  <testcase classname="comapnyAdminTest.ContractorTestCasesCritical" name="ClosedAuditLog1" time="41.278"/>
  <system-out/>
  <testcase classname="comapnyAdminTest.ContractorTestCasesCritical" name="Closedtransactionandstatuslog1" time="49.509"/>
  <system-out/>
  <testcase classname="comapnyAdminTest.ContractorTestCasesCritical" name="GraphCountMatch1" time="244.727"/>
  <system-out/>
  <testcase classname="comapnyAdminTest.ContractorTestCasesCritical" name="RedInRedGraphCountMatch1" time="263.690"/>
  <system-out/>
  <testcase classname="comapnyAdminTest.ContractorTestCasesCritical" name="GreyInRedCountMtch1" time="183.843"/>
  <system-out/>
  <testcase classname="comapnyAdminTest.ContractorTestCasesCritical" name="AuditCompletionStatusRed1" time="254.238"/>
  <system-out/>
  <testcase classname="comapnyAdminTest.ContractorTestCasesCritical" name="AuditCompletionStatusOverdue1" time="146.414">
    <error message="element click intercepted: Element &lt;a role=&quot;button&quot; href=&quot;#&quot; class=&quot;k-button k-bare k-button-icon k-window-action&quot; aria-label=&quot;Close&quot;&gt;...&lt;/a&gt; is not clickable at point (1138, 24). Other element would receive the click: &lt;div class=&quot;k-overlay&quot; style=&quot;display: block; z-index: 10004; opacity: 0.5;&quot;&gt;&lt;/div&gt;
  (Session info: chrome=125.0.6422.114)
Build info: version: &#039;3.141.0&#039;, revision: &#039;2ecb7d9a&#039;, time: &#039;2018-10-31T20:09:30&#039;
System info: host: &#039;TRPL-PUN-0125&#039;, ip: &#039;192.168.10.37&#039;, os.name: &#039;Windows 10&#039;, os.arch: &#039;amd64&#039;, os.version: &#039;10.0&#039;, java.version: &#039;17.0.9&#039;
Driver info: org.openqa.selenium.chrome.ChromeDriver
Capabilities {acceptInsecureCerts: false, browserName: chrome, browserVersion: 125.0.6422.114, chrome: {chromedriverVersion: 125.0.6422.60 (3ac3319bff9f..., userDataDir: C:\Users\shitalb\AppData\Lo...}, fedcm:accounts: true, goog:chromeOptions: {debuggerAddress: localhost:59553}, javascriptEnabled: true, networkConnectionEnabled: false, pageLoadStrategy: normal, platform: WINDOWS, platformName: WINDOWS, proxy: Proxy(), setWindowRect: true, strictFileInteractability: false, timeouts: {implicit: 0, pageLoad: 300000, script: 30000}, unhandledPromptBehavior: dismiss and notify, webauthn:extension:credBlob: true, webauthn:extension:largeBlob: true, webauthn:extension:minPinLength: true, webauthn:extension:prf: true, webauthn:virtualAuthenticators: true}
Session ID: 80632ab4b5b6aac45dd421d21e30be41" type="org.openqa.selenium.ElementClickInterceptedException">
      <![CDATA[org.openqa.selenium.ElementClickInterceptedException: element click intercepted: Element <a role="button" href="#" class="k-button k-bare k-button-icon k-window-action" aria-label="Close">...</a> is not clickable at point (1138, 24). Other element would receive the click: <div class="k-overlay" style="display: block; z-index: 10004; opacity: 0.5;"></div>
  (Session info: chrome=125.0.6422.114)
Build info: version: '3.141.0', revision: '2ecb7d9a', time: '2018-10-31T20:09:30'
System info: host: 'TRPL-PUN-0125', ip: '192.168.10.37', os.name: 'Windows 10', os.arch: 'amd64', os.version: '10.0', java.version: '17.0.9'
Driver info: org.openqa.selenium.chrome.ChromeDriver
Capabilities {acceptInsecureCerts: false, browserName: chrome, browserVersion: 125.0.6422.114, chrome: {chromedriverVersion: 125.0.6422.60 (3ac3319bff9f..., userDataDir: C:\Users\shitalb\AppData\Lo...}, fedcm:accounts: true, goog:chromeOptions: {debuggerAddress: localhost:59553}, javascriptEnabled: true, networkConnectionEnabled: false, pageLoadStrategy: normal, platform: WINDOWS, platformName: WINDOWS, proxy: Proxy(), setWindowRect: true, strictFileInteractability: false, timeouts: {implicit: 0, pageLoad: 300000, script: 30000}, unhandledPromptBehavior: dismiss and notify, webauthn:extension:credBlob: true, webauthn:extension:largeBlob: true, webauthn:extension:minPinLength: true, webauthn:extension:prf: true, webauthn:virtualAuthenticators: true}
Session ID: 80632ab4b5b6aac45dd421d21e30be41
at java.base/jdk.internal.reflect.NativeConstructorAccessorImpl.newInstance0(Native Method)
at java.base/jdk.internal.reflect.NativeConstructorAccessorImpl.newInstance(NativeConstructorAccessorImpl.java:77)
at java.base/jdk.internal.reflect.DelegatingConstructorAccessorImpl.newInstance(DelegatingConstructorAccessorImpl.java:45)
at java.base/java.lang.reflect.Constructor.newInstanceWithCaller(Constructor.java:499)
at java.base/java.lang.reflect.Constructor.newInstance(Constructor.java:480)
at org.openqa.selenium.remote.http.W3CHttpResponseCodec.createException(W3CHttpResponseCodec.java:187)
at org.openqa.selenium.remote.http.W3CHttpResponseCodec.decode(W3CHttpResponseCodec.java:122)
at org.openqa.selenium.remote.http.W3CHttpResponseCodec.decode(W3CHttpResponseCodec.java:49)
at org.openqa.selenium.remote.HttpCommandExecutor.execute(HttpCommandExecutor.java:158)
at org.openqa.selenium.remote.service.DriverCommandExecutor.execute(DriverCommandExecutor.java:83)
at org.openqa.selenium.remote.RemoteWebDriver.execute(RemoteWebDriver.java:552)
at org.openqa.selenium.remote.RemoteWebElement.execute(RemoteWebElement.java:285)
at org.openqa.selenium.remote.RemoteWebElement.click(RemoteWebElement.java:84)
at companyContractor.Method1.AuditCompletionStatusOverdue(Method1.java:22006)
at comapnyAdminTest.ContractorTestCasesCritical.AuditCompletionStatusOverdue1(ContractorTestCasesCritical.java:630)
at java.base/jdk.internal.reflect.NativeMethodAccessorImpl.invoke0(Native Method)
at java.base/jdk.internal.reflect.NativeMethodAccessorImpl.invoke(NativeMethodAccessorImpl.java:77)
at java.base/jdk.internal.reflect.DelegatingMethodAccessorImpl.invoke(DelegatingMethodAccessorImpl.java:43)
at java.base/java.lang.reflect.Method.invoke(Method.java:568)
at org.testng.internal.invokers.MethodInvocationHelper.invokeMethod(MethodInvocationHelper.java:139)
at org.testng.internal.invokers.TestInvoker.invokeMethod(TestInvoker.java:677)
at org.testng.internal.invokers.TestInvoker.invokeTestMethod(TestInvoker.java:221)
at org.testng.internal.invokers.MethodRunner.runInSequence(MethodRunner.java:50)
at org.testng.internal.invokers.TestInvoker$MethodInvocationAgent.invoke(TestInvoker.java:962)
at org.testng.internal.invokers.TestInvoker.invokeTestMethods(TestInvoker.java:194)
at org.testng.internal.invokers.TestMethodWorker.invokeTestMethods(TestMethodWorker.java:148)
at org.testng.internal.invokers.TestMethodWorker.run(TestMethodWorker.java:128)
at java.base/java.util.ArrayList.forEach(ArrayList.java:1511)
at org.testng.TestRunner.privateRun(TestRunner.java:806)
at org.testng.TestRunner.run(TestRunner.java:601)
at org.testng.SuiteRunner.runTest(SuiteRunner.java:433)
at org.testng.SuiteRunner.runSequentially(SuiteRunner.java:427)
at org.testng.SuiteRunner.privateRun(SuiteRunner.java:387)
at org.testng.SuiteRunner.run(SuiteRunner.java:330)
at org.testng.SuiteRunnerWorker.runSuite(SuiteRunnerWorker.java:52)
at org.testng.SuiteRunnerWorker.run(SuiteRunnerWorker.java:95)
at org.testng.TestNG.runSuitesSequentially(TestNG.java:1256)
at org.testng.TestNG.runSuitesLocally(TestNG.java:1176)
at org.testng.TestNG.runSuites(TestNG.java:1099)
at org.testng.TestNG.run(TestNG.java:1067)
at org.testng.remote.AbstractRemoteTestNG.run(AbstractRemoteTestNG.java:115)
at org.testng.remote.RemoteTestNG.initAndRun(RemoteTestNG.java:251)
at org.testng.remote.RemoteTestNG.main(RemoteTestNG.java:77)
]]>
    </error>
  </testcase> <!-- AuditCompletionStatusOverdue1 -->
  <system-out/>
  <testcase classname="comapnyAdminTest.ContractorTestCasesCritical" name="AuditCompletionStatusPendingReview1" time="111.731"/>
  <system-out/>
  <testcase classname="comapnyAdminTest.ContractorTestCasesCritical" name="AuditCompletionStatusClosed1" time="111.014">
    <error message="element click intercepted: Element &lt;a role=&quot;button&quot; href=&quot;#&quot; class=&quot;k-button k-bare k-button-icon k-window-action&quot; aria-label=&quot;Close&quot;&gt;...&lt;/a&gt; is not clickable at point (1154, 24). Other element would receive the click: &lt;div class=&quot;k-overlay&quot; style=&quot;display: block; z-index: 10004; opacity: 0.5;&quot;&gt;&lt;/div&gt;
  (Session info: chrome=125.0.6422.114)
Build info: version: &#039;3.141.0&#039;, revision: &#039;2ecb7d9a&#039;, time: &#039;2018-10-31T20:09:30&#039;
System info: host: &#039;TRPL-PUN-0125&#039;, ip: &#039;192.168.10.37&#039;, os.name: &#039;Windows 10&#039;, os.arch: &#039;amd64&#039;, os.version: &#039;10.0&#039;, java.version: &#039;17.0.9&#039;
Driver info: org.openqa.selenium.chrome.ChromeDriver
Capabilities {acceptInsecureCerts: false, browserName: chrome, browserVersion: 125.0.6422.114, chrome: {chromedriverVersion: 125.0.6422.60 (3ac3319bff9f..., userDataDir: C:\Users\shitalb\AppData\Lo...}, fedcm:accounts: true, goog:chromeOptions: {debuggerAddress: localhost:59641}, javascriptEnabled: true, networkConnectionEnabled: false, pageLoadStrategy: normal, platform: WINDOWS, platformName: WINDOWS, proxy: Proxy(), setWindowRect: true, strictFileInteractability: false, timeouts: {implicit: 0, pageLoad: 300000, script: 30000}, unhandledPromptBehavior: dismiss and notify, webauthn:extension:credBlob: true, webauthn:extension:largeBlob: true, webauthn:extension:minPinLength: true, webauthn:extension:prf: true, webauthn:virtualAuthenticators: true}
Session ID: 9e86c1020abb67697d9a9780e26bbea3" type="org.openqa.selenium.ElementClickInterceptedException">
      <![CDATA[org.openqa.selenium.ElementClickInterceptedException: element click intercepted: Element <a role="button" href="#" class="k-button k-bare k-button-icon k-window-action" aria-label="Close">...</a> is not clickable at point (1154, 24). Other element would receive the click: <div class="k-overlay" style="display: block; z-index: 10004; opacity: 0.5;"></div>
  (Session info: chrome=125.0.6422.114)
Build info: version: '3.141.0', revision: '2ecb7d9a', time: '2018-10-31T20:09:30'
System info: host: 'TRPL-PUN-0125', ip: '192.168.10.37', os.name: 'Windows 10', os.arch: 'amd64', os.version: '10.0', java.version: '17.0.9'
Driver info: org.openqa.selenium.chrome.ChromeDriver
Capabilities {acceptInsecureCerts: false, browserName: chrome, browserVersion: 125.0.6422.114, chrome: {chromedriverVersion: 125.0.6422.60 (3ac3319bff9f..., userDataDir: C:\Users\shitalb\AppData\Lo...}, fedcm:accounts: true, goog:chromeOptions: {debuggerAddress: localhost:59641}, javascriptEnabled: true, networkConnectionEnabled: false, pageLoadStrategy: normal, platform: WINDOWS, platformName: WINDOWS, proxy: Proxy(), setWindowRect: true, strictFileInteractability: false, timeouts: {implicit: 0, pageLoad: 300000, script: 30000}, unhandledPromptBehavior: dismiss and notify, webauthn:extension:credBlob: true, webauthn:extension:largeBlob: true, webauthn:extension:minPinLength: true, webauthn:extension:prf: true, webauthn:virtualAuthenticators: true}
Session ID: 9e86c1020abb67697d9a9780e26bbea3
at java.base/jdk.internal.reflect.NativeConstructorAccessorImpl.newInstance0(Native Method)
at java.base/jdk.internal.reflect.NativeConstructorAccessorImpl.newInstance(NativeConstructorAccessorImpl.java:77)
at java.base/jdk.internal.reflect.DelegatingConstructorAccessorImpl.newInstance(DelegatingConstructorAccessorImpl.java:45)
at java.base/java.lang.reflect.Constructor.newInstanceWithCaller(Constructor.java:499)
at java.base/java.lang.reflect.Constructor.newInstance(Constructor.java:480)
at org.openqa.selenium.remote.http.W3CHttpResponseCodec.createException(W3CHttpResponseCodec.java:187)
at org.openqa.selenium.remote.http.W3CHttpResponseCodec.decode(W3CHttpResponseCodec.java:122)
at org.openqa.selenium.remote.http.W3CHttpResponseCodec.decode(W3CHttpResponseCodec.java:49)
at org.openqa.selenium.remote.HttpCommandExecutor.execute(HttpCommandExecutor.java:158)
at org.openqa.selenium.remote.service.DriverCommandExecutor.execute(DriverCommandExecutor.java:83)
at org.openqa.selenium.remote.RemoteWebDriver.execute(RemoteWebDriver.java:552)
at org.openqa.selenium.remote.RemoteWebElement.execute(RemoteWebElement.java:285)
at org.openqa.selenium.remote.RemoteWebElement.click(RemoteWebElement.java:84)
at companyContractor.Method1.AuditCompletionStatusClosed(Method1.java:22292)
at comapnyAdminTest.ContractorTestCasesCritical.AuditCompletionStatusClosed1(ContractorTestCasesCritical.java:653)
at java.base/jdk.internal.reflect.NativeMethodAccessorImpl.invoke0(Native Method)
at java.base/jdk.internal.reflect.NativeMethodAccessorImpl.invoke(NativeMethodAccessorImpl.java:77)
at java.base/jdk.internal.reflect.DelegatingMethodAccessorImpl.invoke(DelegatingMethodAccessorImpl.java:43)
at java.base/java.lang.reflect.Method.invoke(Method.java:568)
at org.testng.internal.invokers.MethodInvocationHelper.invokeMethod(MethodInvocationHelper.java:139)
at org.testng.internal.invokers.TestInvoker.invokeMethod(TestInvoker.java:677)
at org.testng.internal.invokers.TestInvoker.invokeTestMethod(TestInvoker.java:221)
at org.testng.internal.invokers.MethodRunner.runInSequence(MethodRunner.java:50)
at org.testng.internal.invokers.TestInvoker$MethodInvocationAgent.invoke(TestInvoker.java:962)
at org.testng.internal.invokers.TestInvoker.invokeTestMethods(TestInvoker.java:194)
at org.testng.internal.invokers.TestMethodWorker.invokeTestMethods(TestMethodWorker.java:148)
at org.testng.internal.invokers.TestMethodWorker.run(TestMethodWorker.java:128)
at java.base/java.util.ArrayList.forEach(ArrayList.java:1511)
at org.testng.TestRunner.privateRun(TestRunner.java:806)
at org.testng.TestRunner.run(TestRunner.java:601)
at org.testng.SuiteRunner.runTest(SuiteRunner.java:433)
at org.testng.SuiteRunner.runSequentially(SuiteRunner.java:427)
at org.testng.SuiteRunner.privateRun(SuiteRunner.java:387)
at org.testng.SuiteRunner.run(SuiteRunner.java:330)
at org.testng.SuiteRunnerWorker.runSuite(SuiteRunnerWorker.java:52)
at org.testng.SuiteRunnerWorker.run(SuiteRunnerWorker.java:95)
at org.testng.TestNG.runSuitesSequentially(TestNG.java:1256)
at org.testng.TestNG.runSuitesLocally(TestNG.java:1176)
at org.testng.TestNG.runSuites(TestNG.java:1099)
at org.testng.TestNG.run(TestNG.java:1067)
at org.testng.remote.AbstractRemoteTestNG.run(AbstractRemoteTestNG.java:115)
at org.testng.remote.RemoteTestNG.initAndRun(RemoteTestNG.java:251)
at org.testng.remote.RemoteTestNG.main(RemoteTestNG.java:77)
]]>
    </error>
  </testcase> <!-- AuditCompletionStatusClosed1 -->
  <system-out/>
  <testcase classname="comapnyAdminTest.ContractorTestCasesCritical" name="PWSCompliedJKHills1" time="269.100"/>
  <system-out/>
  <testcase classname="comapnyAdminTest.ContractorTestCasesCritical" name="PWSNotCompliedJKHills1" time="265.554"/>
  <system-out/>
  <testcase classname="comapnyAdminTest.ContractorTestCasesCritical" name="PWSNotApplicableJKHillHigh1" time="268.595"/>
  <system-out/>
  <testcase classname="comapnyAdminTest.ContractorTestCasesCritical" name="ClearButtonDocument1" time="64.957"/>
  <system-out/>
  <testcase classname="comapnyAdminTest.ContractorTestCasesCritical" name="ViewButtonDocuments1" time="61.741"/>
  <system-out/>
  <testcase classname="comapnyAdminTest.ContractorTestCasesCritical" name="DownloadDocument1" time="103.318"/>
  <system-out/>
  <testcase classname="comapnyAdminTest.ContractorTestCasesCritical" name="DownloadMultipleDocument" time="39.169">
    <error message="element click intercepted: Element &lt;li id=&quot;leftdocumentmenu&quot; class=&quot;leftdummy&quot;&gt;...&lt;/li&gt; is not clickable at point (111, 241). Other element would receive the click: &lt;div id=&quot;updateProgress&quot; class=&quot;row Dashboard-white-widget&quot; style=&quot;min-height:600px;text-align:center;&quot;&gt;...&lt;/div&gt;
  (Session info: chrome=125.0.6422.114)
Build info: version: &#039;3.141.0&#039;, revision: &#039;2ecb7d9a&#039;, time: &#039;2018-10-31T20:09:30&#039;
System info: host: &#039;TRPL-PUN-0125&#039;, ip: &#039;192.168.10.37&#039;, os.name: &#039;Windows 10&#039;, os.arch: &#039;amd64&#039;, os.version: &#039;10.0&#039;, java.version: &#039;17.0.9&#039;
Driver info: org.openqa.selenium.chrome.ChromeDriver
Capabilities {acceptInsecureCerts: false, browserName: chrome, browserVersion: 125.0.6422.114, chrome: {chromedriverVersion: 125.0.6422.60 (3ac3319bff9f..., userDataDir: C:\Users\shitalb\AppData\Lo...}, fedcm:accounts: true, goog:chromeOptions: {debuggerAddress: localhost:59939}, javascriptEnabled: true, networkConnectionEnabled: false, pageLoadStrategy: normal, platform: WINDOWS, platformName: WINDOWS, proxy: Proxy(), setWindowRect: true, strictFileInteractability: false, timeouts: {implicit: 0, pageLoad: 300000, script: 30000}, unhandledPromptBehavior: dismiss and notify, webauthn:extension:credBlob: true, webauthn:extension:largeBlob: true, webauthn:extension:minPinLength: true, webauthn:extension:prf: true, webauthn:virtualAuthenticators: true}
Session ID: e5ad0116565d8d9bc518b5edd39bce8e" type="org.openqa.selenium.ElementClickInterceptedException">
      <![CDATA[org.openqa.selenium.ElementClickInterceptedException: element click intercepted: Element <li id="leftdocumentmenu" class="leftdummy">...</li> is not clickable at point (111, 241). Other element would receive the click: <div id="updateProgress" class="row Dashboard-white-widget" style="min-height:600px;text-align:center;">...</div>
  (Session info: chrome=125.0.6422.114)
Build info: version: '3.141.0', revision: '2ecb7d9a', time: '2018-10-31T20:09:30'
System info: host: 'TRPL-PUN-0125', ip: '192.168.10.37', os.name: 'Windows 10', os.arch: 'amd64', os.version: '10.0', java.version: '17.0.9'
Driver info: org.openqa.selenium.chrome.ChromeDriver
Capabilities {acceptInsecureCerts: false, browserName: chrome, browserVersion: 125.0.6422.114, chrome: {chromedriverVersion: 125.0.6422.60 (3ac3319bff9f..., userDataDir: C:\Users\shitalb\AppData\Lo...}, fedcm:accounts: true, goog:chromeOptions: {debuggerAddress: localhost:59939}, javascriptEnabled: true, networkConnectionEnabled: false, pageLoadStrategy: normal, platform: WINDOWS, platformName: WINDOWS, proxy: Proxy(), setWindowRect: true, strictFileInteractability: false, timeouts: {implicit: 0, pageLoad: 300000, script: 30000}, unhandledPromptBehavior: dismiss and notify, webauthn:extension:credBlob: true, webauthn:extension:largeBlob: true, webauthn:extension:minPinLength: true, webauthn:extension:prf: true, webauthn:virtualAuthenticators: true}
Session ID: e5ad0116565d8d9bc518b5edd39bce8e
at java.base/jdk.internal.reflect.NativeConstructorAccessorImpl.newInstance0(Native Method)
at java.base/jdk.internal.reflect.NativeConstructorAccessorImpl.newInstance(NativeConstructorAccessorImpl.java:77)
at java.base/jdk.internal.reflect.DelegatingConstructorAccessorImpl.newInstance(DelegatingConstructorAccessorImpl.java:45)
at java.base/java.lang.reflect.Constructor.newInstanceWithCaller(Constructor.java:499)
at java.base/java.lang.reflect.Constructor.newInstance(Constructor.java:480)
at org.openqa.selenium.remote.http.W3CHttpResponseCodec.createException(W3CHttpResponseCodec.java:187)
at org.openqa.selenium.remote.http.W3CHttpResponseCodec.decode(W3CHttpResponseCodec.java:122)
at org.openqa.selenium.remote.http.W3CHttpResponseCodec.decode(W3CHttpResponseCodec.java:49)
at org.openqa.selenium.remote.HttpCommandExecutor.execute(HttpCommandExecutor.java:158)
at org.openqa.selenium.remote.service.DriverCommandExecutor.execute(DriverCommandExecutor.java:83)
at org.openqa.selenium.remote.RemoteWebDriver.execute(RemoteWebDriver.java:552)
at org.openqa.selenium.remote.RemoteWebElement.execute(RemoteWebElement.java:285)
at org.openqa.selenium.remote.RemoteWebElement.click(RemoteWebElement.java:84)
at companyContractor.Method1.DownloadDocument(Method1.java:3606)
at comapnyAdminTest.ContractorTestCasesCritical.DownloadMultipleDocument(ContractorTestCasesCritical.java:795)
at java.base/jdk.internal.reflect.NativeMethodAccessorImpl.invoke0(Native Method)
at java.base/jdk.internal.reflect.NativeMethodAccessorImpl.invoke(NativeMethodAccessorImpl.java:77)
at java.base/jdk.internal.reflect.DelegatingMethodAccessorImpl.invoke(DelegatingMethodAccessorImpl.java:43)
at java.base/java.lang.reflect.Method.invoke(Method.java:568)
at org.testng.internal.invokers.MethodInvocationHelper.invokeMethod(MethodInvocationHelper.java:139)
at org.testng.internal.invokers.TestInvoker.invokeMethod(TestInvoker.java:677)
at org.testng.internal.invokers.TestInvoker.invokeTestMethod(TestInvoker.java:221)
at org.testng.internal.invokers.MethodRunner.runInSequence(MethodRunner.java:50)
at org.testng.internal.invokers.TestInvoker$MethodInvocationAgent.invoke(TestInvoker.java:962)
at org.testng.internal.invokers.TestInvoker.invokeTestMethods(TestInvoker.java:194)
at org.testng.internal.invokers.TestMethodWorker.invokeTestMethods(TestMethodWorker.java:148)
at org.testng.internal.invokers.TestMethodWorker.run(TestMethodWorker.java:128)
at java.base/java.util.ArrayList.forEach(ArrayList.java:1511)
at org.testng.TestRunner.privateRun(TestRunner.java:806)
at org.testng.TestRunner.run(TestRunner.java:601)
at org.testng.SuiteRunner.runTest(SuiteRunner.java:433)
at org.testng.SuiteRunner.runSequentially(SuiteRunner.java:427)
at org.testng.SuiteRunner.privateRun(SuiteRunner.java:387)
at org.testng.SuiteRunner.run(SuiteRunner.java:330)
at org.testng.SuiteRunnerWorker.runSuite(SuiteRunnerWorker.java:52)
at org.testng.SuiteRunnerWorker.run(SuiteRunnerWorker.java:95)
at org.testng.TestNG.runSuitesSequentially(TestNG.java:1256)
at org.testng.TestNG.runSuitesLocally(TestNG.java:1176)
at org.testng.TestNG.runSuites(TestNG.java:1099)
at org.testng.TestNG.run(TestNG.java:1067)
at org.testng.remote.AbstractRemoteTestNG.run(AbstractRemoteTestNG.java:115)
at org.testng.remote.RemoteTestNG.initAndRun(RemoteTestNG.java:251)
at org.testng.remote.RemoteTestNG.main(RemoteTestNG.java:77)
]]>
    </error>
  </testcase> <!-- DownloadMultipleDocument -->
  <system-out/>
  <testcase classname="comapnyAdminTest.ContractorTestCasesCritical" name="ExportReportReport1" time="98.388"/>
  <system-out/>
  <testcase classname="comapnyAdminTest.ContractorTestCasesCritical" name="MoreReportDownload1" time="254.032"/>
  <system-out/>
  <testcase classname="comapnyAdminTest.ContractorTestCasesCritical" name="ClearButtonReport1" time="82.644"/>
  <system-out/>
</testsuite> <!-- comapnyAdminTest.ContractorTestCasesCritical -->
