<?xml version="1.0" encoding="UTF-8"?>
<!-- Generated by org.testng.reporters.JUnitReportReporter -->
<testsuite hostname="TRPL-PUN-0125" failures="0" tests="1" name="comapnyAdminTest.ProjectHeadCriticalTestCases" time="366.429" errors="0" timestamp="2024-06-04T13:41:16 IST" skipped="0">
  <testcase classname="comapnyAdminTest.ProjectHeadCriticalTestCases" name="CTWAuditStatusSummeryOverdue1" time="366.429"/>
  <system-out/>
</testsuite> <!-- comapnyAdminTest.ProjectHeadCriticalTestCases -->
