<?xml version="1.0" encoding="UTF-8"?>
<!-- Generated by org.testng.reporters.JUnitReportReporter -->
<testsuite hostname="TRPL-PUN-0125" failures="0" tests="66" name="comapnyAdminTest.ManagementTestCases" time="7348.774" errors="4" timestamp="2024-07-21T20:57:33 IST" skipped="29">
  <testcase classname="comapnyAdminTest.ManagementTestCases" name="Login" time="387.303">
    <error message="timeout: Timed out receiving message from renderer: 300.000
  (Session info: chrome=126.0.6478.182)
Build info: version: &#039;3.141.0&#039;, revision: &#039;2ecb7d9a&#039;, time: &#039;2018-10-31T20:09:30&#039;
System info: host: &#039;TRPL-PUN-0125&#039;, ip: &#039;192.168.10.44&#039;, os.name: &#039;Windows 10&#039;, os.arch: &#039;amd64&#039;, os.version: &#039;10.0&#039;, java.version: &#039;17.0.9&#039;
Driver info: org.openqa.selenium.chrome.ChromeDriver
Capabilities {acceptInsecureCerts: false, browserName: chrome, browserVersion: 126.0.6478.182, chrome: {chromedriverVersion: 125.0.6422.60 (3ac3319bff9f..., userDataDir: C:\Users\shitalb\AppData\Lo...}, fedcm:accounts: true, goog:chromeOptions: {debuggerAddress: localhost:51720}, javascriptEnabled: true, networkConnectionEnabled: false, pageLoadStrategy: normal, platform: WINDOWS, platformName: WINDOWS, proxy: Proxy(), setWindowRect: true, strictFileInteractability: false, timeouts: {implicit: 0, pageLoad: 300000, script: 30000}, unhandledPromptBehavior: dismiss and notify, webauthn:extension:credBlob: true, webauthn:extension:largeBlob: true, webauthn:extension:minPinLength: true, webauthn:extension:prf: true, webauthn:virtualAuthenticators: true}
Session ID: 3eedc80bd4ba57175019f2e73838e6c4" type="org.openqa.selenium.TimeoutException">
      <![CDATA[org.openqa.selenium.TimeoutException: timeout: Timed out receiving message from renderer: 300.000
  (Session info: chrome=126.0.6478.182)
Build info: version: '3.141.0', revision: '2ecb7d9a', time: '2018-10-31T20:09:30'
System info: host: 'TRPL-PUN-0125', ip: '192.168.10.44', os.name: 'Windows 10', os.arch: 'amd64', os.version: '10.0', java.version: '17.0.9'
Driver info: org.openqa.selenium.chrome.ChromeDriver
Capabilities {acceptInsecureCerts: false, browserName: chrome, browserVersion: 126.0.6478.182, chrome: {chromedriverVersion: 125.0.6422.60 (3ac3319bff9f..., userDataDir: C:\Users\shitalb\AppData\Lo...}, fedcm:accounts: true, goog:chromeOptions: {debuggerAddress: localhost:51720}, javascriptEnabled: true, networkConnectionEnabled: false, pageLoadStrategy: normal, platform: WINDOWS, platformName: WINDOWS, proxy: Proxy(), setWindowRect: true, strictFileInteractability: false, timeouts: {implicit: 0, pageLoad: 300000, script: 30000}, unhandledPromptBehavior: dismiss and notify, webauthn:extension:credBlob: true, webauthn:extension:largeBlob: true, webauthn:extension:minPinLength: true, webauthn:extension:prf: true, webauthn:virtualAuthenticators: true}
Session ID: 3eedc80bd4ba57175019f2e73838e6c4
at java.base/jdk.internal.reflect.NativeConstructorAccessorImpl.newInstance0(Native Method)
at java.base/jdk.internal.reflect.NativeConstructorAccessorImpl.newInstance(NativeConstructorAccessorImpl.java:77)
at java.base/jdk.internal.reflect.DelegatingConstructorAccessorImpl.newInstance(DelegatingConstructorAccessorImpl.java:45)
at java.base/java.lang.reflect.Constructor.newInstanceWithCaller(Constructor.java:499)
at java.base/java.lang.reflect.Constructor.newInstance(Constructor.java:480)
at org.openqa.selenium.remote.http.W3CHttpResponseCodec.createException(W3CHttpResponseCodec.java:187)
at org.openqa.selenium.remote.http.W3CHttpResponseCodec.decode(W3CHttpResponseCodec.java:122)
at org.openqa.selenium.remote.http.W3CHttpResponseCodec.decode(W3CHttpResponseCodec.java:49)
at org.openqa.selenium.remote.HttpCommandExecutor.execute(HttpCommandExecutor.java:158)
at org.openqa.selenium.remote.service.DriverCommandExecutor.execute(DriverCommandExecutor.java:83)
at org.openqa.selenium.remote.RemoteWebDriver.execute(RemoteWebDriver.java:552)
at org.openqa.selenium.remote.RemoteWebElement.execute(RemoteWebElement.java:285)
at org.openqa.selenium.remote.RemoteWebElement.click(RemoteWebElement.java:84)
at login.Login.UserLogin(Login.java:201)
at login.BasePage.initialization(BasePage.java:204)
at comapnyAdminTest.ManagementTestCases.Login(ManagementTestCases.java:72)
at jdk.internal.reflect.GeneratedMethodAccessor33.invoke(Unknown Source)
at java.base/jdk.internal.reflect.DelegatingMethodAccessorImpl.invoke(DelegatingMethodAccessorImpl.java:43)
at java.base/java.lang.reflect.Method.invoke(Method.java:568)
at org.testng.internal.invokers.MethodInvocationHelper.invokeMethod(MethodInvocationHelper.java:139)
at org.testng.internal.invokers.MethodInvocationHelper.invokeMethodConsideringTimeout(MethodInvocationHelper.java:69)
at org.testng.internal.invokers.ConfigInvoker.invokeConfigurationMethod(ConfigInvoker.java:361)
at org.testng.internal.invokers.ConfigInvoker.invokeConfigurations(ConfigInvoker.java:296)
at org.testng.internal.invokers.TestInvoker.runConfigMethods(TestInvoker.java:816)
at org.testng.internal.invokers.TestInvoker.invokeMethod(TestInvoker.java:590)
at org.testng.internal.invokers.TestInvoker.invokeTestMethod(TestInvoker.java:221)
at org.testng.internal.invokers.MethodRunner.runInSequence(MethodRunner.java:50)
at org.testng.internal.invokers.TestInvoker$MethodInvocationAgent.invoke(TestInvoker.java:962)
at org.testng.internal.invokers.TestInvoker.invokeTestMethods(TestInvoker.java:194)
at org.testng.internal.invokers.TestMethodWorker.invokeTestMethods(TestMethodWorker.java:148)
at org.testng.internal.invokers.TestMethodWorker.run(TestMethodWorker.java:128)
at java.base/java.util.ArrayList.forEach(ArrayList.java:1511)
at org.testng.TestRunner.privateRun(TestRunner.java:806)
at org.testng.TestRunner.run(TestRunner.java:601)
at org.testng.SuiteRunner.runTest(SuiteRunner.java:433)
at org.testng.SuiteRunner.runSequentially(SuiteRunner.java:427)
at org.testng.SuiteRunner.privateRun(SuiteRunner.java:387)
at org.testng.SuiteRunner.run(SuiteRunner.java:330)
at org.testng.SuiteRunnerWorker.runSuite(SuiteRunnerWorker.java:52)
at org.testng.SuiteRunnerWorker.run(SuiteRunnerWorker.java:95)
at org.testng.TestNG.runSuitesSequentially(TestNG.java:1256)
at org.testng.TestNG.runSuitesLocally(TestNG.java:1176)
at org.testng.TestNG.runSuites(TestNG.java:1099)
at org.testng.TestNG.run(TestNG.java:1067)
at org.testng.remote.AbstractRemoteTestNG.run(AbstractRemoteTestNG.java:115)
at org.testng.remote.RemoteTestNG.initAndRun(RemoteTestNG.java:251)
at org.testng.remote.RemoteTestNG.main(RemoteTestNG.java:77)
]]>
    </error>
  </testcase> <!-- Login -->
  <system-out/>
  <testcase classname="comapnyAdminTest.ManagementTestCases" name="ProjectsCountGridCount1" time="137.644"/>
  <system-out/>
  <testcase classname="comapnyAdminTest.ManagementTestCases" name="ContractorsCountGridCount1" time="67.432"/>
  <system-out/>
  <testcase classname="comapnyAdminTest.ManagementTestCases" name="GraphCountMatch1" time="272.653"/>
  <system-out/>
  <testcase classname="comapnyAdminTest.ManagementTestCases" name="CompliedGraphMultipleFilterHigh1" time="139.749"/>
  <system-out/>
  <testcase classname="comapnyAdminTest.ManagementTestCases" name="CompliedGraphMultipleFilterMedium1" time="113.257"/>
  <system-out/>
  <testcase classname="comapnyAdminTest.ManagementTestCases" name="CompliedGraphMultipleFilterLow1" time="190.744"/>
  <system-out/>
  <testcase classname="comapnyAdminTest.ManagementTestCases" name="RedInRedGraphCountMatch1" time="242.402"/>
  <system-out/>
  <testcase classname="comapnyAdminTest.ManagementTestCases" name="NotCompliedGraphMultipleFilterHigh1" time="143.780"/>
  <system-out/>
  <testcase classname="comapnyAdminTest.ManagementTestCases" name="NotCompliedGraphMultipleFilterMedium1" time="150.446"/>
  <system-out/>
  <testcase classname="comapnyAdminTest.ManagementTestCases" name="NotCompliedGraphMultipleFilterLow1" time="116.104"/>
  <system-out/>
  <testcase classname="comapnyAdminTest.ManagementTestCases" name="GreyInRedCountMtch1" time="236.910"/>
  <system-out/>
  <testcase classname="comapnyAdminTest.ManagementTestCases" name="NotApplicableGraphMultipleFilterHigh1" time="127.857"/>
  <system-out/>
  <testcase classname="comapnyAdminTest.ManagementTestCases" name="NotApplicableGraphMultipleFilterMedium1" time="119.464"/>
  <system-out/>
  <testcase classname="comapnyAdminTest.ManagementTestCases" name="NotApplicableGraphMultipleFilterLow1" time="133.641"/>
  <system-out/>
  <testcase classname="comapnyAdminTest.ManagementTestCases" name="AuditCompletionStatusRed1" time="440.012"/>
  <system-out/>
  <testcase classname="comapnyAdminTest.ManagementTestCases" name="ACSOverdueMultipleFilter1" time="107.345"/>
  <system-out/>
  <testcase classname="comapnyAdminTest.ManagementTestCases" name="ACSPendingReviewMultipleFilter1" time="126.403"/>
  <system-out/>
  <testcase classname="comapnyAdminTest.ManagementTestCases" name="ACSClosedMultipleFilter1" time="116.668"/>
  <system-out/>
  <testcase classname="comapnyAdminTest.ManagementTestCases" name="CTWCompliedgreen1" time="252.022"/>
  <system-out/>
  <testcase classname="comapnyAdminTest.ManagementTestCases" name="CTWCompliedgreen11" time="385.280"/>
  <system-out/>
  <testcase classname="comapnyAdminTest.ManagementTestCases" name="CTWNotCompliedRed1" time="249.491"/>
  <system-out/>
  <testcase classname="comapnyAdminTest.ManagementTestCases" name="CTWNotCompliedRed11" time="364.750"/>
  <system-out/>
  <testcase classname="comapnyAdminTest.ManagementTestCases" name="CTWNotApplicableGrey1" time="291.664"/>
  <system-out/>
  <testcase classname="comapnyAdminTest.ManagementTestCases" name="CTWNotApplicableGrey11" time="364.783"/>
  <system-out/>
  <testcase classname="comapnyAdminTest.ManagementTestCases" name="CTWAuditStatusSummeryOverdue1" time="205.352">
    <error message="For input string: &quot;&quot;" type="java.lang.NumberFormatException">
      <![CDATA[java.lang.NumberFormatException: For input string: ""
at java.base/java.lang.NumberFormatException.forInputString(NumberFormatException.java:67)
at java.base/java.lang.Integer.parseInt(Integer.java:678)
at java.base/java.lang.Integer.parseInt(Integer.java:786)
at companyManagement.Method5.CTWAuditStatusSummeryPendingReview(Method5.java:3405)
at companyManagement.Method5.CTWAuditStatusSummeryOverdue(Method5.java:3377)
at comapnyAdminTest.ManagementTestCases.CTWAuditStatusSummeryOverdue1(ManagementTestCases.java:420)
at java.base/jdk.internal.reflect.NativeMethodAccessorImpl.invoke0(Native Method)
at java.base/jdk.internal.reflect.NativeMethodAccessorImpl.invoke(NativeMethodAccessorImpl.java:77)
at java.base/jdk.internal.reflect.DelegatingMethodAccessorImpl.invoke(DelegatingMethodAccessorImpl.java:43)
at java.base/java.lang.reflect.Method.invoke(Method.java:568)
at org.testng.internal.invokers.MethodInvocationHelper.invokeMethod(MethodInvocationHelper.java:139)
at org.testng.internal.invokers.TestInvoker.invokeMethod(TestInvoker.java:677)
at org.testng.internal.invokers.TestInvoker.invokeTestMethod(TestInvoker.java:221)
at org.testng.internal.invokers.MethodRunner.runInSequence(MethodRunner.java:50)
at org.testng.internal.invokers.TestInvoker$MethodInvocationAgent.invoke(TestInvoker.java:962)
at org.testng.internal.invokers.TestInvoker.invokeTestMethods(TestInvoker.java:194)
at org.testng.internal.invokers.TestMethodWorker.invokeTestMethods(TestMethodWorker.java:148)
at org.testng.internal.invokers.TestMethodWorker.run(TestMethodWorker.java:128)
at java.base/java.util.ArrayList.forEach(ArrayList.java:1511)
at org.testng.TestRunner.privateRun(TestRunner.java:806)
at org.testng.TestRunner.run(TestRunner.java:601)
at org.testng.SuiteRunner.runTest(SuiteRunner.java:433)
at org.testng.SuiteRunner.runSequentially(SuiteRunner.java:427)
at org.testng.SuiteRunner.privateRun(SuiteRunner.java:387)
at org.testng.SuiteRunner.run(SuiteRunner.java:330)
at org.testng.SuiteRunnerWorker.runSuite(SuiteRunnerWorker.java:52)
at org.testng.SuiteRunnerWorker.run(SuiteRunnerWorker.java:95)
at org.testng.TestNG.runSuitesSequentially(TestNG.java:1256)
at org.testng.TestNG.runSuitesLocally(TestNG.java:1176)
at org.testng.TestNG.runSuites(TestNG.java:1099)
at org.testng.TestNG.run(TestNG.java:1067)
at org.testng.remote.AbstractRemoteTestNG.run(AbstractRemoteTestNG.java:115)
at org.testng.remote.RemoteTestNG.initAndRun(RemoteTestNG.java:251)
at org.testng.remote.RemoteTestNG.main(RemoteTestNG.java:77)
]]>
    </error>
  </testcase> <!-- CTWAuditStatusSummeryOverdue1 -->
  <system-out/>
  <testcase classname="comapnyAdminTest.ManagementTestCases" name="CTWAuditStatusSummeryOverdue11" time="115.996">
    <error message="no such element: Unable to locate element: {&quot;method&quot;:&quot;xpath&quot;,&quot;selector&quot;:&quot;(//span[.=&#039;Overdue&#039;])[3]&quot;}
  (Session info: chrome=126.0.6478.182)
For documentation on this error, please visit: http://seleniumhq.org/exceptions/no_such_element.html
Build info: version: &#039;3.141.0&#039;, revision: &#039;2ecb7d9a&#039;, time: &#039;2018-10-31T20:09:30&#039;
System info: host: &#039;TRPL-PUN-0125&#039;, ip: &#039;192.168.10.44&#039;, os.name: &#039;Windows 10&#039;, os.arch: &#039;amd64&#039;, os.version: &#039;10.0&#039;, java.version: &#039;17.0.9&#039;
Driver info: org.openqa.selenium.chrome.ChromeDriver
Capabilities {acceptInsecureCerts: false, browserName: chrome, browserVersion: 126.0.6478.182, chrome: {chromedriverVersion: 125.0.6422.60 (3ac3319bff9f..., userDataDir: C:\Users\shitalb\AppData\Lo...}, fedcm:accounts: true, goog:chromeOptions: {debuggerAddress: localhost:51190}, javascriptEnabled: true, networkConnectionEnabled: false, pageLoadStrategy: normal, platform: WINDOWS, platformName: WINDOWS, proxy: Proxy(), setWindowRect: true, strictFileInteractability: false, timeouts: {implicit: 0, pageLoad: 300000, script: 30000}, unhandledPromptBehavior: dismiss and notify, webauthn:extension:credBlob: true, webauthn:extension:largeBlob: true, webauthn:extension:minPinLength: true, webauthn:extension:prf: true, webauthn:virtualAuthenticators: true}
Session ID: e4658d66e34eac508b6b423c25734dd7
*** Element info: {Using=xpath, value=(//span[.=&#039;Overdue&#039;])[3]}" type="org.openqa.selenium.NoSuchElementException">
      <![CDATA[org.openqa.selenium.NoSuchElementException: no such element: Unable to locate element: {"method":"xpath","selector":"(//span[.='Overdue'])[3]"}
  (Session info: chrome=126.0.6478.182)
For documentation on this error, please visit: http://seleniumhq.org/exceptions/no_such_element.html
Build info: version: '3.141.0', revision: '2ecb7d9a', time: '2018-10-31T20:09:30'
System info: host: 'TRPL-PUN-0125', ip: '192.168.10.44', os.name: 'Windows 10', os.arch: 'amd64', os.version: '10.0', java.version: '17.0.9'
Driver info: org.openqa.selenium.chrome.ChromeDriver
Capabilities {acceptInsecureCerts: false, browserName: chrome, browserVersion: 126.0.6478.182, chrome: {chromedriverVersion: 125.0.6422.60 (3ac3319bff9f..., userDataDir: C:\Users\shitalb\AppData\Lo...}, fedcm:accounts: true, goog:chromeOptions: {debuggerAddress: localhost:51190}, javascriptEnabled: true, networkConnectionEnabled: false, pageLoadStrategy: normal, platform: WINDOWS, platformName: WINDOWS, proxy: Proxy(), setWindowRect: true, strictFileInteractability: false, timeouts: {implicit: 0, pageLoad: 300000, script: 30000}, unhandledPromptBehavior: dismiss and notify, webauthn:extension:credBlob: true, webauthn:extension:largeBlob: true, webauthn:extension:minPinLength: true, webauthn:extension:prf: true, webauthn:virtualAuthenticators: true}
Session ID: e4658d66e34eac508b6b423c25734dd7
*** Element info: {Using=xpath, value=(//span[.='Overdue'])[3]}
at java.base/jdk.internal.reflect.NativeConstructorAccessorImpl.newInstance0(Native Method)
at java.base/jdk.internal.reflect.NativeConstructorAccessorImpl.newInstance(NativeConstructorAccessorImpl.java:77)
at java.base/jdk.internal.reflect.DelegatingConstructorAccessorImpl.newInstance(DelegatingConstructorAccessorImpl.java:45)
at java.base/java.lang.reflect.Constructor.newInstanceWithCaller(Constructor.java:499)
at java.base/java.lang.reflect.Constructor.newInstance(Constructor.java:480)
at org.openqa.selenium.remote.http.W3CHttpResponseCodec.createException(W3CHttpResponseCodec.java:187)
at org.openqa.selenium.remote.http.W3CHttpResponseCodec.decode(W3CHttpResponseCodec.java:122)
at org.openqa.selenium.remote.http.W3CHttpResponseCodec.decode(W3CHttpResponseCodec.java:49)
at org.openqa.selenium.remote.HttpCommandExecutor.execute(HttpCommandExecutor.java:158)
at org.openqa.selenium.remote.service.DriverCommandExecutor.execute(DriverCommandExecutor.java:83)
at org.openqa.selenium.remote.RemoteWebDriver.execute(RemoteWebDriver.java:552)
at org.openqa.selenium.remote.RemoteWebDriver.findElement(RemoteWebDriver.java:323)
at org.openqa.selenium.remote.RemoteWebDriver.findElementByXPath(RemoteWebDriver.java:428)
at org.openqa.selenium.By$ByXPath.findElement(By.java:353)
at org.openqa.selenium.remote.RemoteWebDriver.findElement(RemoteWebDriver.java:315)
at companyProjectHead.Locator3.Status1Overdue(Locator3.java:2173)
at companyManagement.Method5.CTWAuditStatusSummeryOverdue1(Method5.java:9425)
at comapnyAdminTest.ManagementTestCases.CTWAuditStatusSummeryOverdue11(ManagementTestCases.java:432)
at java.base/jdk.internal.reflect.NativeMethodAccessorImpl.invoke0(Native Method)
at java.base/jdk.internal.reflect.NativeMethodAccessorImpl.invoke(NativeMethodAccessorImpl.java:77)
at java.base/jdk.internal.reflect.DelegatingMethodAccessorImpl.invoke(DelegatingMethodAccessorImpl.java:43)
at java.base/java.lang.reflect.Method.invoke(Method.java:568)
at org.testng.internal.invokers.MethodInvocationHelper.invokeMethod(MethodInvocationHelper.java:139)
at org.testng.internal.invokers.TestInvoker.invokeMethod(TestInvoker.java:677)
at org.testng.internal.invokers.TestInvoker.invokeTestMethod(TestInvoker.java:221)
at org.testng.internal.invokers.MethodRunner.runInSequence(MethodRunner.java:50)
at org.testng.internal.invokers.TestInvoker$MethodInvocationAgent.invoke(TestInvoker.java:962)
at org.testng.internal.invokers.TestInvoker.invokeTestMethods(TestInvoker.java:194)
at org.testng.internal.invokers.TestMethodWorker.invokeTestMethods(TestMethodWorker.java:148)
at org.testng.internal.invokers.TestMethodWorker.run(TestMethodWorker.java:128)
at java.base/java.util.ArrayList.forEach(ArrayList.java:1511)
at org.testng.TestRunner.privateRun(TestRunner.java:806)
at org.testng.TestRunner.run(TestRunner.java:601)
at org.testng.SuiteRunner.runTest(SuiteRunner.java:433)
at org.testng.SuiteRunner.runSequentially(SuiteRunner.java:427)
at org.testng.SuiteRunner.privateRun(SuiteRunner.java:387)
at org.testng.SuiteRunner.run(SuiteRunner.java:330)
at org.testng.SuiteRunnerWorker.runSuite(SuiteRunnerWorker.java:52)
at org.testng.SuiteRunnerWorker.run(SuiteRunnerWorker.java:95)
at org.testng.TestNG.runSuitesSequentially(TestNG.java:1256)
at org.testng.TestNG.runSuitesLocally(TestNG.java:1176)
at org.testng.TestNG.runSuites(TestNG.java:1099)
at org.testng.TestNG.run(TestNG.java:1067)
at org.testng.remote.AbstractRemoteTestNG.run(AbstractRemoteTestNG.java:115)
at org.testng.remote.RemoteTestNG.initAndRun(RemoteTestNG.java:251)
at org.testng.remote.RemoteTestNG.main(RemoteTestNG.java:77)
]]>
    </error>
  </testcase> <!-- CTWAuditStatusSummeryOverdue11 -->
  <system-out/>
  <testcase classname="comapnyAdminTest.ManagementTestCases" name="CTWAuditStatusSummeryPendingReview11" time="121.425">
    <error message="element not interactable
  (Session info: chrome=126.0.6478.182)
Build info: version: &#039;3.141.0&#039;, revision: &#039;2ecb7d9a&#039;, time: &#039;2018-10-31T20:09:30&#039;
System info: host: &#039;TRPL-PUN-0125&#039;, ip: &#039;192.168.10.44&#039;, os.name: &#039;Windows 10&#039;, os.arch: &#039;amd64&#039;, os.version: &#039;10.0&#039;, java.version: &#039;17.0.9&#039;
Driver info: org.openqa.selenium.chrome.ChromeDriver
Capabilities {acceptInsecureCerts: false, browserName: chrome, browserVersion: 126.0.6478.182, chrome: {chromedriverVersion: 125.0.6422.60 (3ac3319bff9f..., userDataDir: C:\Users\shitalb\AppData\Lo...}, fedcm:accounts: true, goog:chromeOptions: {debuggerAddress: localhost:51232}, javascriptEnabled: true, networkConnectionEnabled: false, pageLoadStrategy: normal, platform: WINDOWS, platformName: WINDOWS, proxy: Proxy(), setWindowRect: true, strictFileInteractability: false, timeouts: {implicit: 0, pageLoad: 300000, script: 30000}, unhandledPromptBehavior: dismiss and notify, webauthn:extension:credBlob: true, webauthn:extension:largeBlob: true, webauthn:extension:minPinLength: true, webauthn:extension:prf: true, webauthn:virtualAuthenticators: true}
Session ID: cf80fa10010e6ec95e51224dbd1a6670" type="org.openqa.selenium.ElementNotInteractableException">
      <![CDATA[org.openqa.selenium.ElementNotInteractableException: element not interactable
  (Session info: chrome=126.0.6478.182)
Build info: version: '3.141.0', revision: '2ecb7d9a', time: '2018-10-31T20:09:30'
System info: host: 'TRPL-PUN-0125', ip: '192.168.10.44', os.name: 'Windows 10', os.arch: 'amd64', os.version: '10.0', java.version: '17.0.9'
Driver info: org.openqa.selenium.chrome.ChromeDriver
Capabilities {acceptInsecureCerts: false, browserName: chrome, browserVersion: 126.0.6478.182, chrome: {chromedriverVersion: 125.0.6422.60 (3ac3319bff9f..., userDataDir: C:\Users\shitalb\AppData\Lo...}, fedcm:accounts: true, goog:chromeOptions: {debuggerAddress: localhost:51232}, javascriptEnabled: true, networkConnectionEnabled: false, pageLoadStrategy: normal, platform: WINDOWS, platformName: WINDOWS, proxy: Proxy(), setWindowRect: true, strictFileInteractability: false, timeouts: {implicit: 0, pageLoad: 300000, script: 30000}, unhandledPromptBehavior: dismiss and notify, webauthn:extension:credBlob: true, webauthn:extension:largeBlob: true, webauthn:extension:minPinLength: true, webauthn:extension:prf: true, webauthn:virtualAuthenticators: true}
Session ID: cf80fa10010e6ec95e51224dbd1a6670
at java.base/jdk.internal.reflect.NativeConstructorAccessorImpl.newInstance0(Native Method)
at java.base/jdk.internal.reflect.NativeConstructorAccessorImpl.newInstance(NativeConstructorAccessorImpl.java:77)
at java.base/jdk.internal.reflect.DelegatingConstructorAccessorImpl.newInstance(DelegatingConstructorAccessorImpl.java:45)
at java.base/java.lang.reflect.Constructor.newInstanceWithCaller(Constructor.java:499)
at java.base/java.lang.reflect.Constructor.newInstance(Constructor.java:480)
at org.openqa.selenium.remote.http.W3CHttpResponseCodec.createException(W3CHttpResponseCodec.java:187)
at org.openqa.selenium.remote.http.W3CHttpResponseCodec.decode(W3CHttpResponseCodec.java:122)
at org.openqa.selenium.remote.http.W3CHttpResponseCodec.decode(W3CHttpResponseCodec.java:49)
at org.openqa.selenium.remote.HttpCommandExecutor.execute(HttpCommandExecutor.java:158)
at org.openqa.selenium.remote.service.DriverCommandExecutor.execute(DriverCommandExecutor.java:83)
at org.openqa.selenium.remote.RemoteWebDriver.execute(RemoteWebDriver.java:552)
at org.openqa.selenium.remote.RemoteWebElement.execute(RemoteWebElement.java:285)
at org.openqa.selenium.remote.RemoteWebElement.click(RemoteWebElement.java:84)
at companyManagement.Method5.CTWAuditStatusSummeryPendingReview1(Method5.java:9601)
at comapnyAdminTest.ManagementTestCases.CTWAuditStatusSummeryPendingReview11(ManagementTestCases.java:444)
at java.base/jdk.internal.reflect.NativeMethodAccessorImpl.invoke0(Native Method)
at java.base/jdk.internal.reflect.NativeMethodAccessorImpl.invoke(NativeMethodAccessorImpl.java:77)
at java.base/jdk.internal.reflect.DelegatingMethodAccessorImpl.invoke(DelegatingMethodAccessorImpl.java:43)
at java.base/java.lang.reflect.Method.invoke(Method.java:568)
at org.testng.internal.invokers.MethodInvocationHelper.invokeMethod(MethodInvocationHelper.java:139)
at org.testng.internal.invokers.TestInvoker.invokeMethod(TestInvoker.java:677)
at org.testng.internal.invokers.TestInvoker.invokeTestMethod(TestInvoker.java:221)
at org.testng.internal.invokers.MethodRunner.runInSequence(MethodRunner.java:50)
at org.testng.internal.invokers.TestInvoker$MethodInvocationAgent.invoke(TestInvoker.java:962)
at org.testng.internal.invokers.TestInvoker.invokeTestMethods(TestInvoker.java:194)
at org.testng.internal.invokers.TestMethodWorker.invokeTestMethods(TestMethodWorker.java:148)
at org.testng.internal.invokers.TestMethodWorker.run(TestMethodWorker.java:128)
at java.base/java.util.ArrayList.forEach(ArrayList.java:1511)
at org.testng.TestRunner.privateRun(TestRunner.java:806)
at org.testng.TestRunner.run(TestRunner.java:601)
at org.testng.SuiteRunner.runTest(SuiteRunner.java:433)
at org.testng.SuiteRunner.runSequentially(SuiteRunner.java:427)
at org.testng.SuiteRunner.privateRun(SuiteRunner.java:387)
at org.testng.SuiteRunner.run(SuiteRunner.java:330)
at org.testng.SuiteRunnerWorker.runSuite(SuiteRunnerWorker.java:52)
at org.testng.SuiteRunnerWorker.run(SuiteRunnerWorker.java:95)
at org.testng.TestNG.runSuitesSequentially(TestNG.java:1256)
at org.testng.TestNG.runSuitesLocally(TestNG.java:1176)
at org.testng.TestNG.runSuites(TestNG.java:1099)
at org.testng.TestNG.run(TestNG.java:1067)
at org.testng.remote.AbstractRemoteTestNG.run(AbstractRemoteTestNG.java:115)
at org.testng.remote.RemoteTestNG.initAndRun(RemoteTestNG.java:251)
at org.testng.remote.RemoteTestNG.main(RemoteTestNG.java:77)
]]>
    </error>
  </testcase> <!-- CTWAuditStatusSummeryPendingReview11 -->
  <system-out/>
  <testcase classname="comapnyAdminTest.ManagementTestCases" name="CTWAuditStatusSummeryClosed1" time="188.920"/>
  <system-out/>
  <testcase classname="comapnyAdminTest.ManagementTestCases" name="PWCSSABCConstructionCompliedHigh1" time="309.888"/>
  <system-out/>
  <testcase classname="comapnyAdminTest.ManagementTestCases" name="PWCSCompliedGraphMultipleFilterHigh11" time="154.681"/>
  <system-out/>
  <testcase classname="comapnyAdminTest.ManagementTestCases" name="PWCSSCompliedGraphMultipleFilterMedium1" time="163.105"/>
  <system-out/>
  <testcase classname="comapnyAdminTest.ManagementTestCases" name="PWCSSCompliedGraphMultipleFilterLow1" time="151.790"/>
  <system-out/>
  <testcase classname="comapnyAdminTest.ManagementTestCases" name="PWCSSABCconstructionNotCompliedHigh1" time="301.696"/>
  <system-out/>
  <testcase classname="comapnyAdminTest.ManagementTestCases" name="PWCSSNotCompliedGraphMultipleFilterHigh1" time="126.900"/>
  <system-out/>
  <testcase classname="comapnyAdminTest.ManagementTestCases" name="PWCSSNotCompliedGraphMultipleFilterMedium11" time="126.284"/>
  <system-out/>
  <testcase classname="comapnyAdminTest.ManagementTestCases" name="PWCSSNotCompliedGraphMultipleFilterLow1" time="104.933"/>
  <system-out/>
  <testcase classname="comapnyAdminTest.ManagementTestCases" name="PWCSSABCconstructionNotApplicableHigh1" time="0.000">
    <skipped/>
  </testcase> <!-- PWCSSABCconstructionNotApplicableHigh1 -->
  <system-out/>
  <testcase classname="comapnyAdminTest.ManagementTestCases" name="PWCSNotApplicableHigh1" time="0.000">
    <skipped/>
  </testcase> <!-- PWCSNotApplicableHigh1 -->
  <system-out/>
  <testcase classname="comapnyAdminTest.ManagementTestCases" name="PWCSNotApplicableGraphmedium11" time="0.000">
    <skipped/>
  </testcase> <!-- PWCSNotApplicableGraphmedium11 -->
  <system-out/>
  <testcase classname="comapnyAdminTest.ManagementTestCases" name="PWCSSNotApplicableGraphLow1" time="0.000">
    <skipped/>
  </testcase> <!-- PWCSSNotApplicableGraphLow1 -->
  <system-out/>
  <testcase classname="comapnyAdminTest.ManagementTestCases" name="PWAuditStatusSummeryABCConstructionOverdue1" time="0.000">
    <skipped/>
  </testcase> <!-- PWAuditStatusSummeryABCConstructionOverdue1 -->
  <system-out/>
  <testcase classname="comapnyAdminTest.ManagementTestCases" name="PWAuditStatusSummeryABCConstructionOverdue11" time="0.000">
    <skipped/>
  </testcase> <!-- PWAuditStatusSummeryABCConstructionOverdue11 -->
  <system-out/>
  <testcase classname="comapnyAdminTest.ManagementTestCases" name="PWCSSubcontractorCompliedHigh1" time="0.000">
    <skipped/>
  </testcase> <!-- PWCSSubcontractorCompliedHigh1 -->
  <system-out/>
  <testcase classname="comapnyAdminTest.ManagementTestCases" name="SubContrctorCompliedGraphMultipleFilterHigh1" time="0.000">
    <skipped/>
  </testcase> <!-- SubContrctorCompliedGraphMultipleFilterHigh1 -->
  <system-out/>
  <testcase classname="comapnyAdminTest.ManagementTestCases" name="SubContrctorCompliedGraphMultipleFilterMedium1" time="0.000">
    <skipped/>
  </testcase> <!-- SubContrctorCompliedGraphMultipleFilterMedium1 -->
  <system-out/>
  <testcase classname="comapnyAdminTest.ManagementTestCases" name="PWCSubContractorCompliedGraphMultipleFilterLow1" time="0.000">
    <skipped/>
  </testcase> <!-- PWCSubContractorCompliedGraphMultipleFilterLow1 -->
  <system-out/>
  <testcase classname="comapnyAdminTest.ManagementTestCases" name="PWCSSubcontractorNotCompliedHigh1" time="0.000">
    <skipped/>
  </testcase> <!-- PWCSSubcontractorNotCompliedHigh1 -->
  <system-out/>
  <testcase classname="comapnyAdminTest.ManagementTestCases" name="PWSubContractorNotCompliedGraphMultipleFilterHigh1" time="0.000">
    <skipped/>
  </testcase> <!-- PWSubContractorNotCompliedGraphMultipleFilterHigh1 -->
  <system-out/>
  <testcase classname="comapnyAdminTest.ManagementTestCases" name="PWCSSNotCompliedGraphMultipleFilterMedium1" time="0.000">
    <skipped/>
  </testcase> <!-- PWCSSNotCompliedGraphMultipleFilterMedium1 -->
  <system-out/>
  <testcase classname="comapnyAdminTest.ManagementTestCases" name="PWCSubContractorNotCompliedGraphMultipleFilterLow1" time="0.000">
    <skipped/>
  </testcase> <!-- PWCSubContractorNotCompliedGraphMultipleFilterLow1 -->
  <system-out/>
  <testcase classname="comapnyAdminTest.ManagementTestCases" name="PWCSSubcontractorNotApplicableMedium1" time="0.000">
    <skipped/>
  </testcase> <!-- PWCSSubcontractorNotApplicableMedium1 -->
  <system-out/>
  <testcase classname="comapnyAdminTest.ManagementTestCases" name="PWCSubContractorNotApplicableGraphHigh1" time="0.000">
    <skipped/>
  </testcase> <!-- PWCSubContractorNotApplicableGraphHigh1 -->
  <system-out/>
  <testcase classname="comapnyAdminTest.ManagementTestCases" name="PWCSNotApplicableGraphmedium1" time="0.000">
    <skipped/>
  </testcase> <!-- PWCSNotApplicableGraphmedium1 -->
  <system-out/>
  <testcase classname="comapnyAdminTest.ManagementTestCases" name="PWCSubContractorNotApplicableGraphLow1" time="0.000">
    <skipped/>
  </testcase> <!-- PWCSubContractorNotApplicableGraphLow1 -->
  <system-out/>
  <testcase classname="comapnyAdminTest.ManagementTestCases" name="DocumentViewButton1" time="0.000">
    <skipped/>
  </testcase> <!-- DocumentViewButton1 -->
  <system-out/>
  <testcase classname="comapnyAdminTest.ManagementTestCases" name="DownoloadCompliance1" time="0.000">
    <skipped/>
  </testcase> <!-- DownoloadCompliance1 -->
  <system-out/>
  <testcase classname="comapnyAdminTest.ManagementTestCases" name="multipleDownload1" time="0.000">
    <skipped/>
  </testcase> <!-- multipleDownload1 -->
  <system-out/>
  <testcase classname="comapnyAdminTest.ManagementTestCases" name="DocumentClearButton1" time="0.000">
    <skipped/>
  </testcase> <!-- DocumentClearButton1 -->
  <system-out/>
  <testcase classname="comapnyAdminTest.ManagementTestCases" name="DocumentTabMultipleFilter1" time="0.000">
    <skipped/>
  </testcase> <!-- DocumentTabMultipleFilter1 -->
  <system-out/>
  <testcase classname="comapnyAdminTest.ManagementTestCases" name="ExtendReport1" time="0.000">
    <skipped/>
  </testcase> <!-- ExtendReport1 -->
  <system-out/>
  <testcase classname="comapnyAdminTest.ManagementTestCases" name="AuditMonthComplianceReport1" time="0.000">
    <skipped/>
  </testcase> <!-- AuditMonthComplianceReport1 -->
  <system-out/>
  <testcase classname="comapnyAdminTest.ManagementTestCases" name="ReportClearButton1" time="0.000">
    <skipped/>
  </testcase> <!-- ReportClearButton1 -->
  <system-out/>
  <testcase classname="comapnyAdminTest.ManagementTestCases" name="MoreReportDownload1" time="0.000">
    <skipped/>
  </testcase> <!-- MoreReportDownload1 -->
  <system-out/>
  <testcase classname="comapnyAdminTest.ManagementTestCases" name="ViewButtonReport1" time="0.000">
    <skipped/>
  </testcase> <!-- ViewButtonReport1 -->
  <system-out/>
  <testcase classname="comapnyAdminTest.ManagementTestCases" name="ReportMultipleFilter1" time="0.000">
    <skipped/>
  </testcase> <!-- ReportMultipleFilter1 -->
  <system-out/>
</testsuite> <!-- comapnyAdminTest.ManagementTestCases -->
