<?xml version="1.0" encoding="UTF-8"?>
<!-- Generated by org.testng.reporters.JUnitReportReporter -->
<testsuite hostname="TRPL-PUN-0125" failures="0" tests="59" name="comapnyAdminTest.AuditorTestCases" time="172.542" errors="1" timestamp="2025-04-15T00:00:50 IST" skipped="57">
  <testcase classname="comapnyAdminTest.AuditorTestCases" name="Login" time="87.447">
    <error message="java.net.ConnectException: Failed to connect to localhost/[0:0:0:0:0:0:0:1]:21804
Build info: version: &#039;3.141.0&#039;, revision: &#039;2ecb7d9a&#039;, time: &#039;2018-10-31T20:09:30&#039;
System info: host: &#039;TRPL-PUN-0125&#039;, ip: &#039;192.168.0.103&#039;, os.name: &#039;Windows 10&#039;, os.arch: &#039;amd64&#039;, os.version: &#039;10.0&#039;, java.version: &#039;17.0.9&#039;
Driver info: driver.version: RemoteWebDriver" type="org.openqa.selenium.WebDriverException">
      <![CDATA[org.openqa.selenium.WebDriverException: java.net.ConnectException: Failed to connect to localhost/[0:0:0:0:0:0:0:1]:21804
Build info: version: '3.141.0', revision: '2ecb7d9a', time: '2018-10-31T20:09:30'
System info: host: 'TRPL-PUN-0125', ip: '192.168.0.103', os.name: 'Windows 10', os.arch: 'amd64', os.version: '10.0', java.version: '17.0.9'
Driver info: driver.version: RemoteWebDriver
at org.openqa.selenium.remote.service.DriverCommandExecutor.execute(DriverCommandExecutor.java:92)
at org.openqa.selenium.remote.RemoteWebDriver.execute(RemoteWebDriver.java:552)
at org.openqa.selenium.remote.RemoteWebDriver.findElement(RemoteWebDriver.java:323)
at org.openqa.selenium.remote.RemoteWebDriver.findElementByXPath(RemoteWebDriver.java:428)
at org.openqa.selenium.By$ByXPath.findElement(By.java:353)
at org.openqa.selenium.remote.RemoteWebDriver.findElement(RemoteWebDriver.java:315)
at login.BasePage.initialization(BasePage.java:230)
at comapnyAdminTest.AuditorTestCases.Login(AuditorTestCases.java:79)
at java.base/jdk.internal.reflect.NativeMethodAccessorImpl.invoke0(Native Method)
at java.base/jdk.internal.reflect.NativeMethodAccessorImpl.invoke(NativeMethodAccessorImpl.java:77)
at java.base/jdk.internal.reflect.DelegatingMethodAccessorImpl.invoke(DelegatingMethodAccessorImpl.java:43)
at java.base/java.lang.reflect.Method.invoke(Method.java:568)
at org.testng.internal.invokers.MethodInvocationHelper.invokeMethod(MethodInvocationHelper.java:139)
at org.testng.internal.invokers.MethodInvocationHelper.invokeMethodConsideringTimeout(MethodInvocationHelper.java:69)
at org.testng.internal.invokers.ConfigInvoker.invokeConfigurationMethod(ConfigInvoker.java:361)
at org.testng.internal.invokers.ConfigInvoker.invokeConfigurations(ConfigInvoker.java:296)
at org.testng.internal.invokers.TestInvoker.runConfigMethods(TestInvoker.java:816)
at org.testng.internal.invokers.TestInvoker.invokeMethod(TestInvoker.java:590)
at org.testng.internal.invokers.TestInvoker.invokeTestMethod(TestInvoker.java:221)
at org.testng.internal.invokers.MethodRunner.runInSequence(MethodRunner.java:50)
at org.testng.internal.invokers.TestInvoker$MethodInvocationAgent.invoke(TestInvoker.java:962)
at org.testng.internal.invokers.TestInvoker.invokeTestMethods(TestInvoker.java:194)
at org.testng.internal.invokers.TestMethodWorker.invokeTestMethods(TestMethodWorker.java:148)
at org.testng.internal.invokers.TestMethodWorker.run(TestMethodWorker.java:128)
at java.base/java.util.ArrayList.forEach(ArrayList.java:1511)
at org.testng.TestRunner.privateRun(TestRunner.java:806)
at org.testng.TestRunner.run(TestRunner.java:601)
at org.testng.SuiteRunner.runTest(SuiteRunner.java:433)
at org.testng.SuiteRunner.runSequentially(SuiteRunner.java:427)
at org.testng.SuiteRunner.privateRun(SuiteRunner.java:387)
at org.testng.SuiteRunner.run(SuiteRunner.java:330)
at org.testng.SuiteRunnerWorker.runSuite(SuiteRunnerWorker.java:52)
at org.testng.SuiteRunnerWorker.run(SuiteRunnerWorker.java:95)
at org.testng.TestNG.runSuitesSequentially(TestNG.java:1256)
at org.testng.TestNG.runSuitesLocally(TestNG.java:1176)
at org.testng.TestNG.runSuites(TestNG.java:1099)
at org.testng.TestNG.run(TestNG.java:1067)
at org.testng.remote.AbstractRemoteTestNG.run(AbstractRemoteTestNG.java:115)
at org.testng.remote.RemoteTestNG.initAndRun(RemoteTestNG.java:251)
at org.testng.remote.RemoteTestNG.main(RemoteTestNG.java:77)
Caused by: java.net.ConnectException: Failed to connect to localhost/[0:0:0:0:0:0:0:1]:21804
at okhttp3.internal.connection.RealConnection.connectSocket(RealConnection.java:247)
at okhttp3.internal.connection.RealConnection.connect(RealConnection.java:165)
at okhttp3.internal.connection.StreamAllocation.findConnection(StreamAllocation.java:257)
at okhttp3.internal.connection.StreamAllocation.findHealthyConnection(StreamAllocation.java:135)
at okhttp3.internal.connection.StreamAllocation.newStream(StreamAllocation.java:114)
at okhttp3.internal.connection.ConnectInterceptor.intercept(ConnectInterceptor.java:42)
at okhttp3.internal.http.RealInterceptorChain.proceed(RealInterceptorChain.java:147)
at okhttp3.internal.http.RealInterceptorChain.proceed(RealInterceptorChain.java:121)
at okhttp3.internal.cache.CacheInterceptor.intercept(CacheInterceptor.java:93)
at okhttp3.internal.http.RealInterceptorChain.proceed(RealInterceptorChain.java:147)
at okhttp3.internal.http.RealInterceptorChain.proceed(RealInterceptorChain.java:121)
at okhttp3.internal.http.BridgeInterceptor.intercept(BridgeInterceptor.java:93)
at okhttp3.internal.http.RealInterceptorChain.proceed(RealInterceptorChain.java:147)
at okhttp3.internal.http.RetryAndFollowUpInterceptor.intercept(RetryAndFollowUpInterceptor.java:126)
at okhttp3.internal.http.RealInterceptorChain.proceed(RealInterceptorChain.java:147)
at okhttp3.internal.http.RealInterceptorChain.proceed(RealInterceptorChain.java:121)
at okhttp3.RealCall.getResponseWithInterceptorChain(RealCall.java:200)
at okhttp3.RealCall.execute(RealCall.java:77)
at org.openqa.selenium.remote.internal.OkHttpClient.execute(OkHttpClient.java:103)
at org.openqa.selenium.remote.HttpCommandExecutor.execute(HttpCommandExecutor.java:155)
at org.openqa.selenium.remote.service.DriverCommandExecutor.execute(DriverCommandExecutor.java:83)
... 39 more
Caused by: java.net.ConnectException: Connection refused: no further information
at java.base/sun.nio.ch.Net.pollConnect(Native Method)
at java.base/sun.nio.ch.Net.pollConnectNow(Net.java:672)
at java.base/sun.nio.ch.NioSocketImpl.timedFinishConnect(NioSocketImpl.java:547)
at java.base/sun.nio.ch.NioSocketImpl.connect(NioSocketImpl.java:602)
at java.base/java.net.SocksSocketImpl.connect(SocksSocketImpl.java:327)
at java.base/java.net.Socket.connect(Socket.java:633)
at okhttp3.internal.platform.Platform.connectSocket(Platform.java:129)
at okhttp3.internal.connection.RealConnection.connectSocket(RealConnection.java:245)
... 59 more
]]>
    </error>
  </testcase> <!-- Login -->
  <system-out/>
  <testcase classname="comapnyAdminTest.AuditorTestCases" name="UpcomingdashboardAndGridCountMatch1" time="85.092"/>
  <system-out/>
  <testcase classname="comapnyAdminTest.AuditorTestCases" name="UpcomingViewDownloadButton1" time="0.000">
    <skipped/>
  </testcase> <!-- UpcomingViewDownloadButton1 -->
  <system-out/>
  <testcase classname="comapnyAdminTest.AuditorTestCases" name="UpcomingDownload1" time="0.000">
    <skipped/>
  </testcase> <!-- UpcomingDownload1 -->
  <system-out/>
  <testcase classname="comapnyAdminTest.AuditorTestCases" name="UpcomingDownloadAndViewButton1" time="0.000">
    <skipped/>
  </testcase> <!-- UpcomingDownloadAndViewButton1 -->
  <system-out/>
  <testcase classname="comapnyAdminTest.AuditorTestCases" name="CommentButtonUpcoming1" time="0.000">
    <skipped/>
  </testcase> <!-- CommentButtonUpcoming1 -->
  <system-out/>
  <testcase classname="comapnyAdminTest.AuditorTestCases" name="UpcomingAuditLog1" time="0.000">
    <skipped/>
  </testcase> <!-- UpcomingAuditLog1 -->
  <system-out/>
  <testcase classname="comapnyAdminTest.AuditorTestCases" name="Upcomingtransactionandstatuslog1" time="0.000">
    <skipped/>
  </testcase> <!-- Upcomingtransactionandstatuslog1 -->
  <system-out/>
  <testcase classname="comapnyAdminTest.AuditorTestCases" name="OverdueDashboardAndGridCount1" time="0.000">
    <skipped/>
  </testcase> <!-- OverdueDashboardAndGridCount1 -->
  <system-out/>
  <testcase classname="comapnyAdminTest.AuditorTestCases" name="OverdueDownloadAndViewButton1" time="0.000">
    <skipped/>
  </testcase> <!-- OverdueDownloadAndViewButton1 -->
  <system-out/>
  <testcase classname="comapnyAdminTest.AuditorTestCases" name="DownloadDocumentOverdue1" time="0.000">
    <skipped/>
  </testcase> <!-- DownloadDocumentOverdue1 -->
  <system-out/>
  <testcase classname="comapnyAdminTest.AuditorTestCases" name="ViewOverdue1" time="0.000">
    <skipped/>
  </testcase> <!-- ViewOverdue1 -->
  <system-out/>
  <testcase classname="comapnyAdminTest.AuditorTestCases" name="ComentOverdue11" time="0.000">
    <skipped/>
  </testcase> <!-- ComentOverdue11 -->
  <system-out/>
  <testcase classname="comapnyAdminTest.AuditorTestCases" name="OverdueAuditLog1" time="0.000">
    <skipped/>
  </testcase> <!-- OverdueAuditLog1 -->
  <system-out/>
  <testcase classname="comapnyAdminTest.AuditorTestCases" name="Overduetransactionandstatuslog1" time="0.000">
    <skipped/>
  </testcase> <!-- Overduetransactionandstatuslog1 -->
  <system-out/>
  <testcase classname="comapnyAdminTest.AuditorTestCases" name="OverdueMultipleFilter1" time="0.000">
    <skipped/>
  </testcase> <!-- OverdueMultipleFilter1 -->
  <system-out/>
  <testcase classname="comapnyAdminTest.AuditorTestCases" name="RejectedDashBoardAndGridCount1" time="0.000">
    <skipped/>
  </testcase> <!-- RejectedDashBoardAndGridCount1 -->
  <system-out/>
  <testcase classname="comapnyAdminTest.AuditorTestCases" name="RejectedDownloadAndViewButton1" time="0.000">
    <skipped/>
  </testcase> <!-- RejectedDownloadAndViewButton1 -->
  <system-out/>
  <testcase classname="comapnyAdminTest.AuditorTestCases" name="ViewRejected1" time="0.000">
    <skipped/>
  </testcase> <!-- ViewRejected1 -->
  <system-out/>
  <testcase classname="comapnyAdminTest.AuditorTestCases" name="ComentRejected1" time="0.000">
    <skipped/>
  </testcase> <!-- ComentRejected1 -->
  <system-out/>
  <testcase classname="comapnyAdminTest.AuditorTestCases" name="RejectedAuditLog1" time="0.000">
    <skipped/>
  </testcase> <!-- RejectedAuditLog1 -->
  <system-out/>
  <testcase classname="comapnyAdminTest.AuditorTestCases" name="Rejectedtransactionandstatuslog1" time="0.000">
    <skipped/>
  </testcase> <!-- Rejectedtransactionandstatuslog1 -->
  <system-out/>
  <testcase classname="comapnyAdminTest.AuditorTestCases" name="PendingReviewDashboardAndGridCount1" time="0.000">
    <skipped/>
  </testcase> <!-- PendingReviewDashboardAndGridCount1 -->
  <system-out/>
  <testcase classname="comapnyAdminTest.AuditorTestCases" name="PendingReviewUpdate1" time="0.000">
    <skipped/>
  </testcase> <!-- PendingReviewUpdate1 -->
  <system-out/>
  <testcase classname="comapnyAdminTest.AuditorTestCases" name="PendingReviewDownload1" time="0.000">
    <skipped/>
  </testcase> <!-- PendingReviewDownload1 -->
  <system-out/>
  <testcase classname="comapnyAdminTest.AuditorTestCases" name="ViewEditPR1" time="0.000">
    <skipped/>
  </testcase> <!-- ViewEditPR1 -->
  <system-out/>
  <testcase classname="comapnyAdminTest.AuditorTestCases" name="CommentButtonPR1" time="0.000">
    <skipped/>
  </testcase> <!-- CommentButtonPR1 -->
  <system-out/>
  <testcase classname="comapnyAdminTest.AuditorTestCases" name="PendingReviewAuditLog1" time="0.000">
    <skipped/>
  </testcase> <!-- PendingReviewAuditLog1 -->
  <system-out/>
  <testcase classname="comapnyAdminTest.AuditorTestCases" name="PendingRewiewtransactionandstatuslog1" time="0.000">
    <skipped/>
  </testcase> <!-- PendingRewiewtransactionandstatuslog1 -->
  <system-out/>
  <testcase classname="comapnyAdminTest.AuditorTestCases" name="PRChangeReviewerstatus1" time="0.000">
    <skipped/>
  </testcase> <!-- PRChangeReviewerstatus1 -->
  <system-out/>
  <testcase classname="comapnyAdminTest.AuditorTestCases" name="PendingForReviewHeadCount1" time="0.000">
    <skipped/>
  </testcase> <!-- PendingForReviewHeadCount1 -->
  <system-out/>
  <testcase classname="comapnyAdminTest.AuditorTestCases" name="ClosedDashboardAndGridCount1" time="0.000">
    <skipped/>
  </testcase> <!-- ClosedDashboardAndGridCount1 -->
  <system-out/>
  <testcase classname="comapnyAdminTest.AuditorTestCases" name="CLosedStatusReopen1" time="0.000">
    <skipped/>
  </testcase> <!-- CLosedStatusReopen1 -->
  <system-out/>
  <testcase classname="comapnyAdminTest.AuditorTestCases" name="GraphCountMatchGreen1" time="0.000">
    <skipped/>
  </testcase> <!-- GraphCountMatchGreen1 -->
  <system-out/>
  <testcase classname="comapnyAdminTest.AuditorTestCases" name="CompliedGraphMultipleFilterHigh1" time="0.000">
    <skipped/>
  </testcase> <!-- CompliedGraphMultipleFilterHigh1 -->
  <system-out/>
  <testcase classname="comapnyAdminTest.AuditorTestCases" name="RedInRedGraphCountMatch1" time="0.000">
    <skipped/>
  </testcase> <!-- RedInRedGraphCountMatch1 -->
  <system-out/>
  <testcase classname="comapnyAdminTest.AuditorTestCases" name="GreyInRedCountMtch1" time="0.000">
    <skipped/>
  </testcase> <!-- GreyInRedCountMtch1 -->
  <system-out/>
  <testcase classname="comapnyAdminTest.AuditorTestCases" name="AuditCompletionStatusRed1" time="0.001">
    <skipped/>
  </testcase> <!-- AuditCompletionStatusRed1 -->
  <system-out/>
  <testcase classname="comapnyAdminTest.AuditorTestCases" name="ACSOverdueMultipleFilter1" time="0.000">
    <skipped/>
  </testcase> <!-- ACSOverdueMultipleFilter1 -->
  <system-out/>
  <testcase classname="comapnyAdminTest.AuditorTestCases" name="PWSCompliedHighRisk1" time="0.000">
    <skipped/>
  </testcase> <!-- PWSCompliedHighRisk1 -->
  <system-out/>
  <testcase classname="comapnyAdminTest.AuditorTestCases" name="PWCSCompliedGraphMultipleFilterHigh1" time="0.000">
    <skipped/>
  </testcase> <!-- PWCSCompliedGraphMultipleFilterHigh1 -->
  <system-out/>
  <testcase classname="comapnyAdminTest.AuditorTestCases" name="NotApplicableHigh1" time="0.001">
    <skipped/>
  </testcase> <!-- NotApplicableHigh1 -->
  <system-out/>
  <testcase classname="comapnyAdminTest.AuditorTestCases" name="MyWorkspaceLicense1" time="0.000">
    <skipped/>
  </testcase> <!-- MyWorkspaceLicense1 -->
  <system-out/>
  <testcase classname="comapnyAdminTest.AuditorTestCases" name="MyWorkspaceLicenseSearch1" time="0.000">
    <skipped/>
  </testcase> <!-- MyWorkspaceLicenseSearch1 -->
  <system-out/>
  <testcase classname="comapnyAdminTest.AuditorTestCases" name="MyWorkspaceLicenseApprove1" time="0.000">
    <skipped/>
  </testcase> <!-- MyWorkspaceLicenseApprove1 -->
  <system-out/>
  <testcase classname="comapnyAdminTest.AuditorTestCases" name="MyWorkspaceLicenseReject1" time="0.000">
    <skipped/>
  </testcase> <!-- MyWorkspaceLicenseReject1 -->
  <system-out/>
  <testcase classname="comapnyAdminTest.AuditorTestCases" name="MyWorkspacePreviousDocumentView1" time="0.000">
    <skipped/>
  </testcase> <!-- MyWorkspacePreviousDocumentView1 -->
  <system-out/>
  <testcase classname="comapnyAdminTest.AuditorTestCases" name="ViewDocument1" time="0.000">
    <skipped/>
  </testcase> <!-- ViewDocument1 -->
  <system-out/>
  <testcase classname="comapnyAdminTest.AuditorTestCases" name="DownloadCompliance1" time="0.000">
    <skipped/>
  </testcase> <!-- DownloadCompliance1 -->
  <system-out/>
  <testcase classname="comapnyAdminTest.AuditorTestCases" name="MultipleComplianceDownload1" time="0.000">
    <skipped/>
  </testcase> <!-- MultipleComplianceDownload1 -->
  <system-out/>
  <testcase classname="comapnyAdminTest.AuditorTestCases" name="DocumentClearButton1" time="0.000">
    <skipped/>
  </testcase> <!-- DocumentClearButton1 -->
  <system-out/>
  <testcase classname="comapnyAdminTest.AuditorTestCases" name="DocumentTabMultipleFilter1" time="0.000">
    <skipped/>
  </testcase> <!-- DocumentTabMultipleFilter1 -->
  <system-out/>
  <testcase classname="comapnyAdminTest.AuditorTestCases" name="ReportTabGridAndExcelCountMatch1" time="0.000">
    <skipped/>
  </testcase> <!-- ReportTabGridAndExcelCountMatch1 -->
  <system-out/>
  <testcase classname="comapnyAdminTest.AuditorTestCases" name="ClearButton1" time="0.000">
    <skipped/>
  </testcase> <!-- ClearButton1 -->
  <system-out/>
  <testcase classname="comapnyAdminTest.AuditorTestCases" name="ActnColmFileDownld1" time="0.000">
    <skipped/>
  </testcase> <!-- ActnColmFileDownld1 -->
  <system-out/>
  <testcase classname="comapnyAdminTest.AuditorTestCases" name="MoreReport1" time="0.000">
    <skipped/>
  </testcase> <!-- MoreReport1 -->
  <system-out/>
  <testcase classname="comapnyAdminTest.AuditorTestCases" name="ViewReportOfCompliance1" time="0.001">
    <skipped/>
  </testcase> <!-- ViewReportOfCompliance1 -->
  <system-out/>
  <testcase classname="comapnyAdminTest.AuditorTestCases" name="ReportMultipleFilter1" time="0.000">
    <skipped/>
  </testcase> <!-- ReportMultipleFilter1 -->
  <system-out/>
  <testcase classname="comapnyAdminTest.AuditorTestCases" name="PWSNotCompliedHigh1" time="0.000">
    <skipped/>
  </testcase> <!-- PWSNotCompliedHigh1 -->
  <system-out/>
</testsuite> <!-- comapnyAdminTest.AuditorTestCases -->
