<?xml version="1.0" encoding="UTF-8"?>
<!-- Generated by org.testng.reporters.JUnitReportReporter -->
<testsuite hostname="TRPL-PUN-0125" failures="0" tests="1" name="comapnyAdminTest.AuditorCriticalTestCases" time="106.966" errors="0" timestamp="2024-11-28T11:28:41 IST" skipped="0">
  <testcase classname="comapnyAdminTest.AuditorCriticalTestCases" name="UpcomingdashboardAndGridCountMatch1" time="106.966"/>
  <system-out/>
</testsuite> <!-- comapnyAdminTest.AuditorCriticalTestCases -->
