<?xml version="1.0" encoding="UTF-8"?>
<!-- Generated by org.testng.reporters.JUnitReportReporter -->
<testsuite hostname="TRPL-PUN-0125" failures="0" tests="67" name="comapnyAdminTest.ProjectHeadTestCases" time="10378.201" errors="4" timestamp="2024-04-21T02:35:56 IST" skipped="0">
  <testcase classname="comapnyAdminTest.ProjectHeadTestCases" name="LocationPopupColumnist1" time="31.114"/>
  <system-out/>
  <testcase classname="comapnyAdminTest.ProjectHeadTestCases" name="ProjectsCountGridCount1" time="71.117"/>
  <system-out/>
  <testcase classname="comapnyAdminTest.ProjectHeadTestCases" name="ContractorsCountGridCount1" time="77.370"/>
  <system-out/>
  <testcase classname="comapnyAdminTest.ProjectHeadTestCases" name="GraphCountMatch1" time="254.260"/>
  <system-out/>
  <testcase classname="comapnyAdminTest.ProjectHeadTestCases" name="CompliedGraphMultipleFilterHigh1" time="102.350"/>
  <system-out/>
  <testcase classname="comapnyAdminTest.ProjectHeadTestCases" name="CompliedGraphMultipleFilterMedium1" time="92.942"/>
  <system-out/>
  <testcase classname="comapnyAdminTest.ProjectHeadTestCases" name="CompliedGraphMultipleFilterLow1" time="87.705"/>
  <system-out/>
  <testcase classname="comapnyAdminTest.ProjectHeadTestCases" name="RedInRedGraphCountMatch1" time="257.064"/>
  <system-out/>
  <testcase classname="comapnyAdminTest.ProjectHeadTestCases" name="NotCompliedGraphMultipleFilterHigh1" time="116.764"/>
  <system-out/>
  <testcase classname="comapnyAdminTest.ProjectHeadTestCases" name="NotCompliedGraphMultipleFilterMedium1" time="114.553"/>
  <system-out/>
  <testcase classname="comapnyAdminTest.ProjectHeadTestCases" name="NotCompliedGraphMultipleFilterLow1" time="113.876"/>
  <system-out/>
  <testcase classname="comapnyAdminTest.ProjectHeadTestCases" name="GreyInRedCountMtch1" time="228.173"/>
  <system-out/>
  <testcase classname="comapnyAdminTest.ProjectHeadTestCases" name="NotApplicableGraphMultipleFilterHigh1" time="109.523"/>
  <system-out/>
  <testcase classname="comapnyAdminTest.ProjectHeadTestCases" name="NotApplicableGraphMultipleFilterMedium1" time="112.943"/>
  <system-out/>
  <testcase classname="comapnyAdminTest.ProjectHeadTestCases" name="NotApplicableGraphMultipleFilterLow1" time="107.437"/>
  <system-out/>
  <testcase classname="comapnyAdminTest.ProjectHeadTestCases" name="AuditCompletionStatusRed1" time="249.708"/>
  <system-out/>
  <testcase classname="comapnyAdminTest.ProjectHeadTestCases" name="ACSOverdueMultipleFilter1" time="122.062"/>
  <system-out/>
  <testcase classname="comapnyAdminTest.ProjectHeadTestCases" name="ACSPendingReviewMultipleFilter1" time="135.432"/>
  <system-out/>
  <testcase classname="comapnyAdminTest.ProjectHeadTestCases" name="ACSClosedMultipleFilter1" time="134.481"/>
  <system-out/>
  <testcase classname="comapnyAdminTest.ProjectHeadTestCases" name="CTWCompliedgreen1" time="269.188"/>
  <system-out/>
  <testcase classname="comapnyAdminTest.ProjectHeadTestCases" name="CTWCompliedgreen11" time="375.815"/>
  <system-out/>
  <testcase classname="comapnyAdminTest.ProjectHeadTestCases" name="CTWNotCompliedRed1" time="246.512"/>
  <system-out/>
  <testcase classname="comapnyAdminTest.ProjectHeadTestCases" name="CTWNotCompliedRed11" time="370.272"/>
  <system-out/>
  <testcase classname="comapnyAdminTest.ProjectHeadTestCases" name="CTWNotApplicableGrey1" time="241.875"/>
  <system-out/>
  <testcase classname="comapnyAdminTest.ProjectHeadTestCases" name="CTWNotApplicableGrey11" time="353.414"/>
  <system-out/>
  <testcase classname="comapnyAdminTest.ProjectHeadTestCases" name="CTWAuditStatusSummeryOverdue1" time="251.560"/>
  <system-out/>
  <testcase classname="comapnyAdminTest.ProjectHeadTestCases" name="CTWAuditStatusSummeryOverdue11" time="117.329"/>
  <system-out/>
  <testcase classname="comapnyAdminTest.ProjectHeadTestCases" name="CTWAuditStatusSummeryPendingReview11" time="108.805"/>
  <system-out/>
  <testcase classname="comapnyAdminTest.ProjectHeadTestCases" name="CTWAuditStatusSummeryClosed1" time="148.604"/>
  <system-out/>
  <testcase classname="comapnyAdminTest.ProjectHeadTestCases" name="PWCSSABCConstructionCompliedHigh1" time="264.964"/>
  <system-out/>
  <testcase classname="comapnyAdminTest.ProjectHeadTestCases" name="PWCSCompliedGraphMultipleFilterHigh11" time="125.533"/>
  <system-out/>
  <testcase classname="comapnyAdminTest.ProjectHeadTestCases" name="PWCSSCompliedGraphMultipleFilterMedium1" time="118.572"/>
  <system-out/>
  <testcase classname="comapnyAdminTest.ProjectHeadTestCases" name="PWCSSCompliedGraphMultipleFilterLow1" time="122.413"/>
  <system-out/>
  <testcase classname="comapnyAdminTest.ProjectHeadTestCases" name="PWCSSABCconstructionNotCompliedHigh1" time="283.687"/>
  <system-out/>
  <testcase classname="comapnyAdminTest.ProjectHeadTestCases" name="PWCSSNotCompliedGraphMultipleFilterHigh1" time="116.329"/>
  <system-out/>
  <testcase classname="comapnyAdminTest.ProjectHeadTestCases" name="PWCSSNotCompliedGraphMultipleFilterMedium1" time="130.909"/>
  <system-out/>
  <testcase classname="comapnyAdminTest.ProjectHeadTestCases" name="PWCSSNotCompliedGraphMultipleFilterLow1" time="112.259"/>
  <system-out/>
  <testcase classname="comapnyAdminTest.ProjectHeadTestCases" name="PWCSSABCconstructionNotApplicableHigh1" time="251.845"/>
  <system-out/>
  <testcase classname="comapnyAdminTest.ProjectHeadTestCases" name="PWCSNotApplicableHigh1" time="125.888"/>
  <system-out/>
  <testcase classname="comapnyAdminTest.ProjectHeadTestCases" name="PWCSNotApplicableGraphmedium1" time="126.572"/>
  <system-out/>
  <testcase classname="comapnyAdminTest.ProjectHeadTestCases" name="PWCSSNotApplicableGraphLow1" time="128.179"/>
  <system-out/>
  <testcase classname="comapnyAdminTest.ProjectHeadTestCases" name="PWAuditStatusSummeryABCConstructionOverdue1" time="236.708"/>
  <system-out/>
  <testcase classname="comapnyAdminTest.ProjectHeadTestCases" name="PWAuditStatusSummeryABCConstructionOverdue11" time="411.739"/>
  <system-out/>
  <testcase classname="comapnyAdminTest.ProjectHeadTestCases" name="PWCSSubcontractorCompliedHigh1" time="249.037"/>
  <system-out/>
  <testcase classname="comapnyAdminTest.ProjectHeadTestCases" name="PWCSSubContractorCompliedHighmultipleFilter1" time="160.793"/>
  <system-out/>
  <testcase classname="comapnyAdminTest.ProjectHeadTestCases" name="PWCSSubContractorCompliedMediummultipleFilter1" time="147.210"/>
  <system-out/>
  <testcase classname="comapnyAdminTest.ProjectHeadTestCases" name="PWCSSubContractorCompliedLowmultipleFilter" time="131.167"/>
  <system-out/>
  <testcase classname="comapnyAdminTest.ProjectHeadTestCases" name="PWCSSubcontractorNotCompliedMedium1" time="228.137"/>
  <system-out/>
  <testcase classname="comapnyAdminTest.ProjectHeadTestCases" name="PWCSSubContractorNotCompliedHighmultipleFilter1" time="132.046"/>
  <system-out/>
  <testcase classname="comapnyAdminTest.ProjectHeadTestCases" name="PWCSSubContractorNotCompliedMediummultipleFilter1" time="122.708"/>
  <system-out/>
  <testcase classname="comapnyAdminTest.ProjectHeadTestCases" name="PWCSSubContractorNotCompliedLowmultipleFilter1" time="130.546"/>
  <system-out/>
  <testcase classname="comapnyAdminTest.ProjectHeadTestCases" name="PWCSSubcontractorNotApplicableMedium1" time="235.654"/>
  <system-out/>
  <testcase classname="comapnyAdminTest.ProjectHeadTestCases" name="PWCSSubContractorNotApplicableHighmultipleFilter1" time="123.391"/>
  <system-out/>
  <testcase classname="comapnyAdminTest.ProjectHeadTestCases" name="PWCSSubContractorNotApplicableMediummultipleFilter1" time="123.159"/>
  <system-out/>
  <testcase classname="comapnyAdminTest.ProjectHeadTestCases" name="PWCSSubContractorNotApplicableLowmultipleFilter1" time="127.917"/>
  <system-out/>
  <testcase classname="comapnyAdminTest.ProjectHeadTestCases" name="DocumentViewButton1" time="70.761"/>
  <system-out/>
  <testcase classname="comapnyAdminTest.ProjectHeadTestCases" name="DownloadCompliance1" time="72.362"/>
  <system-out/>
  <testcase classname="comapnyAdminTest.ProjectHeadTestCases" name="MultipleDownload1" time="65.373"/>
  <system-out/>
  <testcase classname="comapnyAdminTest.ProjectHeadTestCases" name="DocumentClearButton1" time="77.979"/>
  <system-out/>
  <testcase classname="comapnyAdminTest.ProjectHeadTestCases" name="DocumentTabMultipleFilter11" time="92.488">
    <error message="no such element: Unable to locate element: {&quot;method&quot;:&quot;xpath&quot;,&quot;selector&quot;:&quot;(//span[.=&#039;TeamLease Regtech&#039;])[7]&quot;}
  (Session info: chrome=123.0.6312.124)
For documentation on this error, please visit: http://seleniumhq.org/exceptions/no_such_element.html
Build info: version: &#039;3.141.0&#039;, revision: &#039;2ecb7d9a&#039;, time: &#039;2018-10-31T20:09:30&#039;
System info: host: &#039;TRPL-PUN-0125&#039;, ip: &#039;192.168.10.34&#039;, os.name: &#039;Windows 10&#039;, os.arch: &#039;amd64&#039;, os.version: &#039;10.0&#039;, java.version: &#039;17.0.9&#039;
Driver info: org.openqa.selenium.chrome.ChromeDriver
Capabilities {acceptInsecureCerts: false, browserName: chrome, browserVersion: 123.0.6312.124, chrome: {chromedriverVersion: 123.0.6312.86 (9b72c47a0536..., userDataDir: C:\Users\shitalb\AppData\Lo...}, fedcm:accounts: true, goog:chromeOptions: {debuggerAddress: localhost:52784}, javascriptEnabled: true, networkConnectionEnabled: false, pageLoadStrategy: normal, platform: WINDOWS, platformName: WINDOWS, proxy: Proxy(), setWindowRect: true, strictFileInteractability: false, timeouts: {implicit: 0, pageLoad: 300000, script: 30000}, unhandledPromptBehavior: dismiss and notify, webauthn:extension:credBlob: true, webauthn:extension:largeBlob: true, webauthn:extension:minPinLength: true, webauthn:extension:prf: true, webauthn:virtualAuthenticators: true}
Session ID: 0ec33ce3dadfeb610f24e929649a80b3
*** Element info: {Using=xpath, value=(//span[.=&#039;TeamLease Regtech&#039;])[7]}" type="org.openqa.selenium.NoSuchElementException">
      <![CDATA[org.openqa.selenium.NoSuchElementException: no such element: Unable to locate element: {"method":"xpath","selector":"(//span[.='TeamLease Regtech'])[7]"}
  (Session info: chrome=123.0.6312.124)
For documentation on this error, please visit: http://seleniumhq.org/exceptions/no_such_element.html
Build info: version: '3.141.0', revision: '2ecb7d9a', time: '2018-10-31T20:09:30'
System info: host: 'TRPL-PUN-0125', ip: '192.168.10.34', os.name: 'Windows 10', os.arch: 'amd64', os.version: '10.0', java.version: '17.0.9'
Driver info: org.openqa.selenium.chrome.ChromeDriver
Capabilities {acceptInsecureCerts: false, browserName: chrome, browserVersion: 123.0.6312.124, chrome: {chromedriverVersion: 123.0.6312.86 (9b72c47a0536..., userDataDir: C:\Users\shitalb\AppData\Lo...}, fedcm:accounts: true, goog:chromeOptions: {debuggerAddress: localhost:52784}, javascriptEnabled: true, networkConnectionEnabled: false, pageLoadStrategy: normal, platform: WINDOWS, platformName: WINDOWS, proxy: Proxy(), setWindowRect: true, strictFileInteractability: false, timeouts: {implicit: 0, pageLoad: 300000, script: 30000}, unhandledPromptBehavior: dismiss and notify, webauthn:extension:credBlob: true, webauthn:extension:largeBlob: true, webauthn:extension:minPinLength: true, webauthn:extension:prf: true, webauthn:virtualAuthenticators: true}
Session ID: 0ec33ce3dadfeb610f24e929649a80b3
*** Element info: {Using=xpath, value=(//span[.='TeamLease Regtech'])[7]}
at java.base/jdk.internal.reflect.NativeConstructorAccessorImpl.newInstance0(Native Method)
at java.base/jdk.internal.reflect.NativeConstructorAccessorImpl.newInstance(NativeConstructorAccessorImpl.java:77)
at java.base/jdk.internal.reflect.DelegatingConstructorAccessorImpl.newInstance(DelegatingConstructorAccessorImpl.java:45)
at java.base/java.lang.reflect.Constructor.newInstanceWithCaller(Constructor.java:499)
at java.base/java.lang.reflect.Constructor.newInstance(Constructor.java:480)
at org.openqa.selenium.remote.http.W3CHttpResponseCodec.createException(W3CHttpResponseCodec.java:187)
at org.openqa.selenium.remote.http.W3CHttpResponseCodec.decode(W3CHttpResponseCodec.java:122)
at org.openqa.selenium.remote.http.W3CHttpResponseCodec.decode(W3CHttpResponseCodec.java:49)
at org.openqa.selenium.remote.HttpCommandExecutor.execute(HttpCommandExecutor.java:158)
at org.openqa.selenium.remote.service.DriverCommandExecutor.execute(DriverCommandExecutor.java:83)
at org.openqa.selenium.remote.RemoteWebDriver.execute(RemoteWebDriver.java:552)
at org.openqa.selenium.remote.RemoteWebDriver.findElement(RemoteWebDriver.java:323)
at org.openqa.selenium.remote.RemoteWebDriver.findElementByXPath(RemoteWebDriver.java:428)
at org.openqa.selenium.By$ByXPath.findElement(By.java:353)
at org.openqa.selenium.remote.RemoteWebDriver.findElement(RemoteWebDriver.java:315)
at companyProjectHead.Locator3.DocumentSelectLocationDropDown1(Locator3.java:1679)
at companyProjectDirector.Method4.DocumentTabMultipleFilter(Method4.java:12616)
at comapnyAdminTest.ProjectHeadTestCases.DocumentTabMultipleFilter11(ProjectHeadTestCases.java:924)
at java.base/jdk.internal.reflect.NativeMethodAccessorImpl.invoke0(Native Method)
at java.base/jdk.internal.reflect.NativeMethodAccessorImpl.invoke(NativeMethodAccessorImpl.java:77)
at java.base/jdk.internal.reflect.DelegatingMethodAccessorImpl.invoke(DelegatingMethodAccessorImpl.java:43)
at java.base/java.lang.reflect.Method.invoke(Method.java:568)
at org.testng.internal.invokers.MethodInvocationHelper.invokeMethod(MethodInvocationHelper.java:139)
at org.testng.internal.invokers.TestInvoker.invokeMethod(TestInvoker.java:677)
at org.testng.internal.invokers.TestInvoker.invokeTestMethod(TestInvoker.java:221)
at org.testng.internal.invokers.MethodRunner.runInSequence(MethodRunner.java:50)
at org.testng.internal.invokers.TestInvoker$MethodInvocationAgent.invoke(TestInvoker.java:962)
at org.testng.internal.invokers.TestInvoker.invokeTestMethods(TestInvoker.java:194)
at org.testng.internal.invokers.TestMethodWorker.invokeTestMethods(TestMethodWorker.java:148)
at org.testng.internal.invokers.TestMethodWorker.run(TestMethodWorker.java:128)
at java.base/java.util.concurrent.ThreadPoolExecutor.runWorker(ThreadPoolExecutor.java:1136)
at java.base/java.util.concurrent.ThreadPoolExecutor$Worker.run(ThreadPoolExecutor.java:635)
at java.base/java.lang.Thread.run(Thread.java:840)
]]>
    </error>
  </testcase> <!-- DocumentTabMultipleFilter11 -->
  <system-out/>
  <testcase classname="comapnyAdminTest.ProjectHeadTestCases" name="ExtendReport1" time="68.015"/>
  <system-out/>
  <testcase classname="comapnyAdminTest.ProjectHeadTestCases" name="FileDownload1" time="62.274"/>
  <system-out/>
  <testcase classname="comapnyAdminTest.ProjectHeadTestCases" name="ClearButtonReport1" time="67.796"/>
  <system-out/>
  <testcase classname="comapnyAdminTest.ProjectHeadTestCases" name="MoreReportDownload1" time="87.755"/>
  <system-out/>
  <testcase classname="comapnyAdminTest.ProjectHeadTestCases" name="ViewButton" time="104.042">
    <error message="element not interactable
  (Session info: chrome=123.0.6312.124)
Build info: version: &#039;3.141.0&#039;, revision: &#039;2ecb7d9a&#039;, time: &#039;2018-10-31T20:09:30&#039;
System info: host: &#039;TRPL-PUN-0125&#039;, ip: &#039;192.168.10.34&#039;, os.name: &#039;Windows 10&#039;, os.arch: &#039;amd64&#039;, os.version: &#039;10.0&#039;, java.version: &#039;17.0.9&#039;
Driver info: org.openqa.selenium.chrome.ChromeDriver
Capabilities {acceptInsecureCerts: false, browserName: chrome, browserVersion: 123.0.6312.124, chrome: {chromedriverVersion: 123.0.6312.86 (9b72c47a0536..., userDataDir: C:\Users\shitalb\AppData\Lo...}, fedcm:accounts: true, goog:chromeOptions: {debuggerAddress: localhost:53129}, javascriptEnabled: true, networkConnectionEnabled: false, pageLoadStrategy: normal, platform: WINDOWS, platformName: WINDOWS, proxy: Proxy(), setWindowRect: true, strictFileInteractability: false, timeouts: {implicit: 0, pageLoad: 300000, script: 30000}, unhandledPromptBehavior: dismiss and notify, webauthn:extension:credBlob: true, webauthn:extension:largeBlob: true, webauthn:extension:minPinLength: true, webauthn:extension:prf: true, webauthn:virtualAuthenticators: true}
Session ID: 7c27f9053b1e5a30a89b93ccad029288" type="org.openqa.selenium.ElementNotInteractableException">
      <![CDATA[org.openqa.selenium.ElementNotInteractableException: element not interactable
  (Session info: chrome=123.0.6312.124)
Build info: version: '3.141.0', revision: '2ecb7d9a', time: '2018-10-31T20:09:30'
System info: host: 'TRPL-PUN-0125', ip: '192.168.10.34', os.name: 'Windows 10', os.arch: 'amd64', os.version: '10.0', java.version: '17.0.9'
Driver info: org.openqa.selenium.chrome.ChromeDriver
Capabilities {acceptInsecureCerts: false, browserName: chrome, browserVersion: 123.0.6312.124, chrome: {chromedriverVersion: 123.0.6312.86 (9b72c47a0536..., userDataDir: C:\Users\shitalb\AppData\Lo...}, fedcm:accounts: true, goog:chromeOptions: {debuggerAddress: localhost:53129}, javascriptEnabled: true, networkConnectionEnabled: false, pageLoadStrategy: normal, platform: WINDOWS, platformName: WINDOWS, proxy: Proxy(), setWindowRect: true, strictFileInteractability: false, timeouts: {implicit: 0, pageLoad: 300000, script: 30000}, unhandledPromptBehavior: dismiss and notify, webauthn:extension:credBlob: true, webauthn:extension:largeBlob: true, webauthn:extension:minPinLength: true, webauthn:extension:prf: true, webauthn:virtualAuthenticators: true}
Session ID: 7c27f9053b1e5a30a89b93ccad029288
at java.base/jdk.internal.reflect.NativeConstructorAccessorImpl.newInstance0(Native Method)
at java.base/jdk.internal.reflect.NativeConstructorAccessorImpl.newInstance(NativeConstructorAccessorImpl.java:77)
at java.base/jdk.internal.reflect.DelegatingConstructorAccessorImpl.newInstance(DelegatingConstructorAccessorImpl.java:45)
at java.base/java.lang.reflect.Constructor.newInstanceWithCaller(Constructor.java:499)
at java.base/java.lang.reflect.Constructor.newInstance(Constructor.java:480)
at org.openqa.selenium.remote.http.W3CHttpResponseCodec.createException(W3CHttpResponseCodec.java:187)
at org.openqa.selenium.remote.http.W3CHttpResponseCodec.decode(W3CHttpResponseCodec.java:122)
at org.openqa.selenium.remote.http.W3CHttpResponseCodec.decode(W3CHttpResponseCodec.java:49)
at org.openqa.selenium.remote.HttpCommandExecutor.execute(HttpCommandExecutor.java:158)
at org.openqa.selenium.remote.service.DriverCommandExecutor.execute(DriverCommandExecutor.java:83)
at org.openqa.selenium.remote.RemoteWebDriver.execute(RemoteWebDriver.java:552)
at org.openqa.selenium.remote.RemoteWebElement.execute(RemoteWebElement.java:285)
at org.openqa.selenium.remote.RemoteWebElement.click(RemoteWebElement.java:84)
at companyProjectHead.Method3.ViewButton(Method3.java:6769)
at comapnyAdminTest.ProjectHeadTestCases.ViewButton(ProjectHeadTestCases.java:993)
at java.base/jdk.internal.reflect.NativeMethodAccessorImpl.invoke0(Native Method)
at java.base/jdk.internal.reflect.NativeMethodAccessorImpl.invoke(NativeMethodAccessorImpl.java:77)
at java.base/jdk.internal.reflect.DelegatingMethodAccessorImpl.invoke(DelegatingMethodAccessorImpl.java:43)
at java.base/java.lang.reflect.Method.invoke(Method.java:568)
at org.testng.internal.invokers.MethodInvocationHelper.invokeMethod(MethodInvocationHelper.java:139)
at org.testng.internal.invokers.TestInvoker.invokeMethod(TestInvoker.java:677)
at org.testng.internal.invokers.TestInvoker.invokeTestMethod(TestInvoker.java:221)
at org.testng.internal.invokers.MethodRunner.runInSequence(MethodRunner.java:50)
at org.testng.internal.invokers.TestInvoker$MethodInvocationAgent.invoke(TestInvoker.java:962)
at org.testng.internal.invokers.TestInvoker.invokeTestMethods(TestInvoker.java:194)
at org.testng.internal.invokers.TestMethodWorker.invokeTestMethods(TestMethodWorker.java:148)
at org.testng.internal.invokers.TestMethodWorker.run(TestMethodWorker.java:128)
at java.base/java.util.concurrent.ThreadPoolExecutor.runWorker(ThreadPoolExecutor.java:1136)
at java.base/java.util.concurrent.ThreadPoolExecutor$Worker.run(ThreadPoolExecutor.java:635)
at java.base/java.lang.Thread.run(Thread.java:840)
]]>
    </error>
  </testcase> <!-- ViewButton -->
  <system-out/>
  <testcase classname="comapnyAdminTest.ProjectHeadTestCases" name="DownloadAndViewButton1" time="101.807">
    <error message="element not interactable
  (Session info: chrome=123.0.6312.124)
Build info: version: &#039;3.141.0&#039;, revision: &#039;2ecb7d9a&#039;, time: &#039;2018-10-31T20:09:30&#039;
System info: host: &#039;TRPL-PUN-0125&#039;, ip: &#039;192.168.10.34&#039;, os.name: &#039;Windows 10&#039;, os.arch: &#039;amd64&#039;, os.version: &#039;10.0&#039;, java.version: &#039;17.0.9&#039;
Driver info: org.openqa.selenium.chrome.ChromeDriver
Capabilities {acceptInsecureCerts: false, browserName: chrome, browserVersion: 123.0.6312.124, chrome: {chromedriverVersion: 123.0.6312.86 (9b72c47a0536..., userDataDir: C:\Users\shitalb\AppData\Lo...}, fedcm:accounts: true, goog:chromeOptions: {debuggerAddress: localhost:53204}, javascriptEnabled: true, networkConnectionEnabled: false, pageLoadStrategy: normal, platform: WINDOWS, platformName: WINDOWS, proxy: Proxy(), setWindowRect: true, strictFileInteractability: false, timeouts: {implicit: 0, pageLoad: 300000, script: 30000}, unhandledPromptBehavior: dismiss and notify, webauthn:extension:credBlob: true, webauthn:extension:largeBlob: true, webauthn:extension:minPinLength: true, webauthn:extension:prf: true, webauthn:virtualAuthenticators: true}
Session ID: d51322e79f88354546a98299ba7fa13d" type="org.openqa.selenium.ElementNotInteractableException">
      <![CDATA[org.openqa.selenium.ElementNotInteractableException: element not interactable
  (Session info: chrome=123.0.6312.124)
Build info: version: '3.141.0', revision: '2ecb7d9a', time: '2018-10-31T20:09:30'
System info: host: 'TRPL-PUN-0125', ip: '192.168.10.34', os.name: 'Windows 10', os.arch: 'amd64', os.version: '10.0', java.version: '17.0.9'
Driver info: org.openqa.selenium.chrome.ChromeDriver
Capabilities {acceptInsecureCerts: false, browserName: chrome, browserVersion: 123.0.6312.124, chrome: {chromedriverVersion: 123.0.6312.86 (9b72c47a0536..., userDataDir: C:\Users\shitalb\AppData\Lo...}, fedcm:accounts: true, goog:chromeOptions: {debuggerAddress: localhost:53204}, javascriptEnabled: true, networkConnectionEnabled: false, pageLoadStrategy: normal, platform: WINDOWS, platformName: WINDOWS, proxy: Proxy(), setWindowRect: true, strictFileInteractability: false, timeouts: {implicit: 0, pageLoad: 300000, script: 30000}, unhandledPromptBehavior: dismiss and notify, webauthn:extension:credBlob: true, webauthn:extension:largeBlob: true, webauthn:extension:minPinLength: true, webauthn:extension:prf: true, webauthn:virtualAuthenticators: true}
Session ID: d51322e79f88354546a98299ba7fa13d
at java.base/jdk.internal.reflect.NativeConstructorAccessorImpl.newInstance0(Native Method)
at java.base/jdk.internal.reflect.NativeConstructorAccessorImpl.newInstance(NativeConstructorAccessorImpl.java:77)
at java.base/jdk.internal.reflect.DelegatingConstructorAccessorImpl.newInstance(DelegatingConstructorAccessorImpl.java:45)
at java.base/java.lang.reflect.Constructor.newInstanceWithCaller(Constructor.java:499)
at java.base/java.lang.reflect.Constructor.newInstance(Constructor.java:480)
at org.openqa.selenium.remote.http.W3CHttpResponseCodec.createException(W3CHttpResponseCodec.java:187)
at org.openqa.selenium.remote.http.W3CHttpResponseCodec.decode(W3CHttpResponseCodec.java:122)
at org.openqa.selenium.remote.http.W3CHttpResponseCodec.decode(W3CHttpResponseCodec.java:49)
at org.openqa.selenium.remote.HttpCommandExecutor.execute(HttpCommandExecutor.java:158)
at org.openqa.selenium.remote.service.DriverCommandExecutor.execute(DriverCommandExecutor.java:83)
at org.openqa.selenium.remote.RemoteWebDriver.execute(RemoteWebDriver.java:552)
at org.openqa.selenium.remote.RemoteWebElement.execute(RemoteWebElement.java:285)
at org.openqa.selenium.remote.RemoteWebElement.click(RemoteWebElement.java:84)
at companyProjectHead.Method3.DownloadAndViewButton(Method3.java:17658)
at comapnyAdminTest.ProjectHeadTestCases.DownloadAndViewButton1(ProjectHeadTestCases.java:1005)
at java.base/jdk.internal.reflect.NativeMethodAccessorImpl.invoke0(Native Method)
at java.base/jdk.internal.reflect.NativeMethodAccessorImpl.invoke(NativeMethodAccessorImpl.java:77)
at java.base/jdk.internal.reflect.DelegatingMethodAccessorImpl.invoke(DelegatingMethodAccessorImpl.java:43)
at java.base/java.lang.reflect.Method.invoke(Method.java:568)
at org.testng.internal.invokers.MethodInvocationHelper.invokeMethod(MethodInvocationHelper.java:139)
at org.testng.internal.invokers.TestInvoker.invokeMethod(TestInvoker.java:677)
at org.testng.internal.invokers.TestInvoker.invokeTestMethod(TestInvoker.java:221)
at org.testng.internal.invokers.MethodRunner.runInSequence(MethodRunner.java:50)
at org.testng.internal.invokers.TestInvoker$MethodInvocationAgent.invoke(TestInvoker.java:962)
at org.testng.internal.invokers.TestInvoker.invokeTestMethods(TestInvoker.java:194)
at org.testng.internal.invokers.TestMethodWorker.invokeTestMethods(TestMethodWorker.java:148)
at org.testng.internal.invokers.TestMethodWorker.run(TestMethodWorker.java:128)
at java.base/java.util.concurrent.ThreadPoolExecutor.runWorker(ThreadPoolExecutor.java:1136)
at java.base/java.util.concurrent.ThreadPoolExecutor$Worker.run(ThreadPoolExecutor.java:635)
at java.base/java.lang.Thread.run(Thread.java:840)
]]>
    </error>
  </testcase> <!-- DownloadAndViewButton1 -->
  <system-out/>
  <testcase classname="comapnyAdminTest.ProjectHeadTestCases" name="WorkspaceTaskFilter1" time="37.939">
    <error message="element click intercepted: Element &lt;li id=&quot;leftReportsmenu&quot; class=&quot;leftdummy&quot;&gt;...&lt;/li&gt; is not clickable at point (111, 241). Other element would receive the click: &lt;div id=&quot;updateProgress&quot; class=&quot;row Dashboard-white-widget&quot; style=&quot;min-height:600px;text-align:center;&quot;&gt;...&lt;/div&gt;
  (Session info: chrome=123.0.6312.124)
Build info: version: &#039;3.141.0&#039;, revision: &#039;2ecb7d9a&#039;, time: &#039;2018-10-31T20:09:30&#039;
System info: host: &#039;TRPL-PUN-0125&#039;, ip: &#039;192.168.10.34&#039;, os.name: &#039;Windows 10&#039;, os.arch: &#039;amd64&#039;, os.version: &#039;10.0&#039;, java.version: &#039;17.0.9&#039;
Driver info: org.openqa.selenium.chrome.ChromeDriver
Capabilities {acceptInsecureCerts: false, browserName: chrome, browserVersion: 123.0.6312.124, chrome: {chromedriverVersion: 123.0.6312.86 (9b72c47a0536..., userDataDir: C:\Users\shitalb\AppData\Lo...}, fedcm:accounts: true, goog:chromeOptions: {debuggerAddress: localhost:53278}, javascriptEnabled: true, networkConnectionEnabled: false, pageLoadStrategy: normal, platform: WINDOWS, platformName: WINDOWS, proxy: Proxy(), setWindowRect: true, strictFileInteractability: false, timeouts: {implicit: 0, pageLoad: 300000, script: 30000}, unhandledPromptBehavior: dismiss and notify, webauthn:extension:credBlob: true, webauthn:extension:largeBlob: true, webauthn:extension:minPinLength: true, webauthn:extension:prf: true, webauthn:virtualAuthenticators: true}
Session ID: 1c1d59f3f73df83463ac8464287c82ce" type="org.openqa.selenium.ElementClickInterceptedException">
      <![CDATA[org.openqa.selenium.ElementClickInterceptedException: element click intercepted: Element <li id="leftReportsmenu" class="leftdummy">...</li> is not clickable at point (111, 241). Other element would receive the click: <div id="updateProgress" class="row Dashboard-white-widget" style="min-height:600px;text-align:center;">...</div>
  (Session info: chrome=123.0.6312.124)
Build info: version: '3.141.0', revision: '2ecb7d9a', time: '2018-10-31T20:09:30'
System info: host: 'TRPL-PUN-0125', ip: '192.168.10.34', os.name: 'Windows 10', os.arch: 'amd64', os.version: '10.0', java.version: '17.0.9'
Driver info: org.openqa.selenium.chrome.ChromeDriver
Capabilities {acceptInsecureCerts: false, browserName: chrome, browserVersion: 123.0.6312.124, chrome: {chromedriverVersion: 123.0.6312.86 (9b72c47a0536..., userDataDir: C:\Users\shitalb\AppData\Lo...}, fedcm:accounts: true, goog:chromeOptions: {debuggerAddress: localhost:53278}, javascriptEnabled: true, networkConnectionEnabled: false, pageLoadStrategy: normal, platform: WINDOWS, platformName: WINDOWS, proxy: Proxy(), setWindowRect: true, strictFileInteractability: false, timeouts: {implicit: 0, pageLoad: 300000, script: 30000}, unhandledPromptBehavior: dismiss and notify, webauthn:extension:credBlob: true, webauthn:extension:largeBlob: true, webauthn:extension:minPinLength: true, webauthn:extension:prf: true, webauthn:virtualAuthenticators: true}
Session ID: 1c1d59f3f73df83463ac8464287c82ce
at java.base/jdk.internal.reflect.NativeConstructorAccessorImpl.newInstance0(Native Method)
at java.base/jdk.internal.reflect.NativeConstructorAccessorImpl.newInstance(NativeConstructorAccessorImpl.java:77)
at java.base/jdk.internal.reflect.DelegatingConstructorAccessorImpl.newInstance(DelegatingConstructorAccessorImpl.java:45)
at java.base/java.lang.reflect.Constructor.newInstanceWithCaller(Constructor.java:499)
at java.base/java.lang.reflect.Constructor.newInstance(Constructor.java:480)
at org.openqa.selenium.remote.http.W3CHttpResponseCodec.createException(W3CHttpResponseCodec.java:187)
at org.openqa.selenium.remote.http.W3CHttpResponseCodec.decode(W3CHttpResponseCodec.java:122)
at org.openqa.selenium.remote.http.W3CHttpResponseCodec.decode(W3CHttpResponseCodec.java:49)
at org.openqa.selenium.remote.HttpCommandExecutor.execute(HttpCommandExecutor.java:158)
at org.openqa.selenium.remote.service.DriverCommandExecutor.execute(DriverCommandExecutor.java:83)
at org.openqa.selenium.remote.RemoteWebDriver.execute(RemoteWebDriver.java:552)
at org.openqa.selenium.remote.RemoteWebElement.execute(RemoteWebElement.java:285)
at org.openqa.selenium.remote.RemoteWebElement.click(RemoteWebElement.java:84)
at companyProjectDirector.Method4.WorkspaceTaskFilter(Method4.java:16254)
at comapnyAdminTest.ProjectHeadTestCases.WorkspaceTaskFilter1(ProjectHeadTestCases.java:1019)
at java.base/jdk.internal.reflect.NativeMethodAccessorImpl.invoke0(Native Method)
at java.base/jdk.internal.reflect.NativeMethodAccessorImpl.invoke(NativeMethodAccessorImpl.java:77)
at java.base/jdk.internal.reflect.DelegatingMethodAccessorImpl.invoke(DelegatingMethodAccessorImpl.java:43)
at java.base/java.lang.reflect.Method.invoke(Method.java:568)
at org.testng.internal.invokers.MethodInvocationHelper.invokeMethod(MethodInvocationHelper.java:139)
at org.testng.internal.invokers.TestInvoker.invokeMethod(TestInvoker.java:677)
at org.testng.internal.invokers.TestInvoker.invokeTestMethod(TestInvoker.java:221)
at org.testng.internal.invokers.MethodRunner.runInSequence(MethodRunner.java:50)
at org.testng.internal.invokers.TestInvoker$MethodInvocationAgent.invoke(TestInvoker.java:962)
at org.testng.internal.invokers.TestInvoker.invokeTestMethods(TestInvoker.java:194)
at org.testng.internal.invokers.TestMethodWorker.invokeTestMethods(TestMethodWorker.java:148)
at org.testng.internal.invokers.TestMethodWorker.run(TestMethodWorker.java:128)
at java.base/java.util.concurrent.ThreadPoolExecutor.runWorker(ThreadPoolExecutor.java:1136)
at java.base/java.util.concurrent.ThreadPoolExecutor$Worker.run(ThreadPoolExecutor.java:635)
at java.base/java.lang.Thread.run(Thread.java:840)
]]>
    </error>
  </testcase> <!-- WorkspaceTaskFilter1 -->
  <system-out/>
</testsuite> <!-- comapnyAdminTest.ProjectHeadTestCases -->
