<?xml version="1.0" encoding="UTF-8"?>
<!-- Generated by org.testng.reporters.JUnitReportReporter -->
<testsuite hostname="TRPL-PUN-0125" failures="0" tests="1" name="comapnyAdminTest.CompanyAdminNonCriticalTestCases" time="121.336" errors="0" timestamp="2024-03-22T18:49:22 IST" skipped="0">
  <testcase classname="comapnyAdminTest.CompanyAdminNonCriticalTestCases" name="AddContractorsInvalidContacts1" time="121.336"/>
  <system-out/>
</testsuite> <!-- comapnyAdminTest.CompanyAdminNonCriticalTestCases -->
