<?xml version="1.0" encoding="UTF-8"?>
<!-- Generated by org.testng.reporters.JUnitReportReporter -->
<testsuite hostname="TRPL-PUN-0125" failures="0" tests="60" name="comapnyAdminTest.AuditorCriticalTestCases" time="6495.169" errors="2" timestamp="2024-07-16T05:11:40 IST" skipped="0">
  <testcase classname="comapnyAdminTest.AuditorCriticalTestCases" name="UpcomingdashboardAndGridCountMatch1" time="194.551"/>
  <system-out/>
  <testcase classname="comapnyAdminTest.AuditorCriticalTestCases" name="UpcomingEditButton1" time="49.778"/>
  <system-out/>
  <testcase classname="comapnyAdminTest.AuditorCriticalTestCases" name="UpcomingViewDownloadButton1" time="76.069"/>
  <system-out/>
  <testcase classname="comapnyAdminTest.AuditorCriticalTestCases" name="UpcomingDownload1" time="105.342"/>
  <system-out/>
  <testcase classname="comapnyAdminTest.AuditorCriticalTestCases" name="UpcomingDownloadAndViewButton1" time="83.168"/>
  <system-out/>
  <testcase classname="comapnyAdminTest.AuditorCriticalTestCases" name="CommentButtonUpcoming1" time="79.256"/>
  <system-out/>
  <testcase classname="comapnyAdminTest.AuditorCriticalTestCases" name="UpcomingAuditLog1" time="42.135"/>
  <system-out/>
  <testcase classname="comapnyAdminTest.AuditorCriticalTestCases" name="Upcomingtransactionandstatuslog1" time="58.547"/>
  <system-out/>
  <testcase classname="comapnyAdminTest.AuditorCriticalTestCases" name="OverdueDashboardAndGridCount1" time="172.091"/>
  <system-out/>
  <testcase classname="comapnyAdminTest.AuditorCriticalTestCases" name="OverdueEditButton1" time="69.266"/>
  <system-out/>
  <testcase classname="comapnyAdminTest.AuditorCriticalTestCases" name="OverdueDownloadAndViewButton1" time="91.407"/>
  <system-out/>
  <testcase classname="comapnyAdminTest.AuditorCriticalTestCases" name="DownloadDocumentOverdue1" time="112.092"/>
  <system-out/>
  <testcase classname="comapnyAdminTest.AuditorCriticalTestCases" name="ViewOverdue1" time="78.380"/>
  <system-out/>
  <testcase classname="comapnyAdminTest.AuditorCriticalTestCases" name="ComentOverdue11" time="90.836"/>
  <system-out/>
  <testcase classname="comapnyAdminTest.AuditorCriticalTestCases" name="OverdueAuditLog1" time="40.918"/>
  <system-out/>
  <testcase classname="comapnyAdminTest.AuditorCriticalTestCases" name="Overduetransactionandstatuslog1" time="49.643"/>
  <system-out/>
  <testcase classname="comapnyAdminTest.AuditorCriticalTestCases" name="RejectedDashBoardAndGridCount1" time="190.311"/>
  <system-out/>
  <testcase classname="comapnyAdminTest.AuditorCriticalTestCases" name="RejectedEditButton1" time="69.076"/>
  <system-out/>
  <testcase classname="comapnyAdminTest.AuditorCriticalTestCases" name="RejectedDownloadAndViewButton1" time="86.914"/>
  <system-out/>
  <testcase classname="comapnyAdminTest.AuditorCriticalTestCases" name="ViewRejected1" time="80.205"/>
  <system-out/>
  <testcase classname="comapnyAdminTest.AuditorCriticalTestCases" name="ComentRejected1" time="79.676"/>
  <system-out/>
  <testcase classname="comapnyAdminTest.AuditorCriticalTestCases" name="RejectedAuditLog1" time="40.941"/>
  <system-out/>
  <testcase classname="comapnyAdminTest.AuditorCriticalTestCases" name="Rejectedtransactionandstatuslog1" time="71.040"/>
  <system-out/>
  <testcase classname="comapnyAdminTest.AuditorCriticalTestCases" name="PendingReviewDashboardAndGridCount1" time="188.714"/>
  <system-out/>
  <testcase classname="comapnyAdminTest.AuditorCriticalTestCases" name="PendingReviewUpdate1" time="96.184"/>
  <system-out/>
  <testcase classname="comapnyAdminTest.AuditorCriticalTestCases" name="PendingReviewDownload1" time="89.709"/>
  <system-out/>
  <testcase classname="comapnyAdminTest.AuditorCriticalTestCases" name="ViewEditPR1" time="56.708"/>
  <system-out/>
  <testcase classname="comapnyAdminTest.AuditorCriticalTestCases" name="CommentButtonPR1" time="110.641"/>
  <system-out/>
  <testcase classname="comapnyAdminTest.AuditorCriticalTestCases" name="PendingReviewAuditLog1" time="41.222"/>
  <system-out/>
  <testcase classname="comapnyAdminTest.AuditorCriticalTestCases" name="PendingRewiewtransactionandstatuslog1" time="49.421"/>
  <system-out/>
  <testcase classname="comapnyAdminTest.AuditorCriticalTestCases" name="UpdateInEditButton1" time="108.189">
    <error message="no such element: Unable to locate element: {&quot;method&quot;:&quot;xpath&quot;,&quot;selector&quot;:&quot;//*[@id=&#039;gridComplianceAsPerSchedule&#039;]/div[2]/table/tbody/tr[2]/td[7]/span&quot;}
  (Session info: chrome=126.0.6478.127)
For documentation on this error, please visit: http://seleniumhq.org/exceptions/no_such_element.html
Build info: version: &#039;3.141.0&#039;, revision: &#039;2ecb7d9a&#039;, time: &#039;2018-10-31T20:09:30&#039;
System info: host: &#039;TRPL-PUN-0125&#039;, ip: &#039;192.168.5.61&#039;, os.name: &#039;Windows 10&#039;, os.arch: &#039;amd64&#039;, os.version: &#039;10.0&#039;, java.version: &#039;17.0.9&#039;
Driver info: org.openqa.selenium.chrome.ChromeDriver
Capabilities {acceptInsecureCerts: false, browserName: chrome, browserVersion: 126.0.6478.127, chrome: {chromedriverVersion: 125.0.6422.60 (3ac3319bff9f..., userDataDir: C:\Users\shitalb\AppData\Lo...}, fedcm:accounts: true, goog:chromeOptions: {debuggerAddress: localhost:58871}, javascriptEnabled: true, networkConnectionEnabled: false, pageLoadStrategy: normal, platform: WINDOWS, platformName: WINDOWS, proxy: Proxy(), setWindowRect: true, strictFileInteractability: false, timeouts: {implicit: 0, pageLoad: 300000, script: 30000}, unhandledPromptBehavior: dismiss and notify, webauthn:extension:credBlob: true, webauthn:extension:largeBlob: true, webauthn:extension:minPinLength: true, webauthn:extension:prf: true, webauthn:virtualAuthenticators: true}
Session ID: fb514fd8d14e9186521bb5d52d5c695c
*** Element info: {Using=xpath, value=//*[@id=&#039;gridComplianceAsPerSchedule&#039;]/div[2]/table/tbody/tr[2]/td[7]/span}" type="org.openqa.selenium.NoSuchElementException">
      <![CDATA[org.openqa.selenium.NoSuchElementException: no such element: Unable to locate element: {"method":"xpath","selector":"//*[@id='gridComplianceAsPerSchedule']/div[2]/table/tbody/tr[2]/td[7]/span"}
  (Session info: chrome=126.0.6478.127)
For documentation on this error, please visit: http://seleniumhq.org/exceptions/no_such_element.html
Build info: version: '3.141.0', revision: '2ecb7d9a', time: '2018-10-31T20:09:30'
System info: host: 'TRPL-PUN-0125', ip: '192.168.5.61', os.name: 'Windows 10', os.arch: 'amd64', os.version: '10.0', java.version: '17.0.9'
Driver info: org.openqa.selenium.chrome.ChromeDriver
Capabilities {acceptInsecureCerts: false, browserName: chrome, browserVersion: 126.0.6478.127, chrome: {chromedriverVersion: 125.0.6422.60 (3ac3319bff9f..., userDataDir: C:\Users\shitalb\AppData\Lo...}, fedcm:accounts: true, goog:chromeOptions: {debuggerAddress: localhost:58871}, javascriptEnabled: true, networkConnectionEnabled: false, pageLoadStrategy: normal, platform: WINDOWS, platformName: WINDOWS, proxy: Proxy(), setWindowRect: true, strictFileInteractability: false, timeouts: {implicit: 0, pageLoad: 300000, script: 30000}, unhandledPromptBehavior: dismiss and notify, webauthn:extension:credBlob: true, webauthn:extension:largeBlob: true, webauthn:extension:minPinLength: true, webauthn:extension:prf: true, webauthn:virtualAuthenticators: true}
Session ID: fb514fd8d14e9186521bb5d52d5c695c
*** Element info: {Using=xpath, value=//*[@id='gridComplianceAsPerSchedule']/div[2]/table/tbody/tr[2]/td[7]/span}
at java.base/jdk.internal.reflect.NativeConstructorAccessorImpl.newInstance0(Native Method)
at java.base/jdk.internal.reflect.NativeConstructorAccessorImpl.newInstance(NativeConstructorAccessorImpl.java:77)
at java.base/jdk.internal.reflect.DelegatingConstructorAccessorImpl.newInstance(DelegatingConstructorAccessorImpl.java:45)
at java.base/java.lang.reflect.Constructor.newInstanceWithCaller(Constructor.java:499)
at java.base/java.lang.reflect.Constructor.newInstance(Constructor.java:480)
at org.openqa.selenium.remote.http.W3CHttpResponseCodec.createException(W3CHttpResponseCodec.java:187)
at org.openqa.selenium.remote.http.W3CHttpResponseCodec.decode(W3CHttpResponseCodec.java:122)
at org.openqa.selenium.remote.http.W3CHttpResponseCodec.decode(W3CHttpResponseCodec.java:49)
at org.openqa.selenium.remote.HttpCommandExecutor.execute(HttpCommandExecutor.java:158)
at org.openqa.selenium.remote.service.DriverCommandExecutor.execute(DriverCommandExecutor.java:83)
at org.openqa.selenium.remote.RemoteWebDriver.execute(RemoteWebDriver.java:552)
at org.openqa.selenium.remote.RemoteWebDriver.findElement(RemoteWebDriver.java:323)
at org.openqa.selenium.remote.RemoteWebDriver.findElementByXPath(RemoteWebDriver.java:428)
at org.openqa.selenium.By$ByXPath.findElement(By.java:353)
at org.openqa.selenium.remote.RemoteWebDriver.findElement(RemoteWebDriver.java:315)
at companyAuditor.Locator2.EditInEditButton(Locator2.java:958)
at companyAuditor.CriticalMethod2.UpdateInEditButton(CriticalMethod2.java:1301)
at comapnyAdminTest.AuditorCriticalTestCases.UpdateInEditButton1(AuditorCriticalTestCases.java:488)
at java.base/jdk.internal.reflect.NativeMethodAccessorImpl.invoke0(Native Method)
at java.base/jdk.internal.reflect.NativeMethodAccessorImpl.invoke(NativeMethodAccessorImpl.java:77)
at java.base/jdk.internal.reflect.DelegatingMethodAccessorImpl.invoke(DelegatingMethodAccessorImpl.java:43)
at java.base/java.lang.reflect.Method.invoke(Method.java:568)
at org.testng.internal.invokers.MethodInvocationHelper.invokeMethod(MethodInvocationHelper.java:139)
at org.testng.internal.invokers.TestInvoker.invokeMethod(TestInvoker.java:677)
at org.testng.internal.invokers.TestInvoker.invokeTestMethod(TestInvoker.java:221)
at org.testng.internal.invokers.MethodRunner.runInSequence(MethodRunner.java:50)
at org.testng.internal.invokers.TestInvoker$MethodInvocationAgent.invoke(TestInvoker.java:962)
at org.testng.internal.invokers.TestInvoker.invokeTestMethods(TestInvoker.java:194)
at org.testng.internal.invokers.TestMethodWorker.invokeTestMethods(TestMethodWorker.java:148)
at org.testng.internal.invokers.TestMethodWorker.run(TestMethodWorker.java:128)
at java.base/java.util.ArrayList.forEach(ArrayList.java:1511)
at org.testng.TestRunner.privateRun(TestRunner.java:806)
at org.testng.TestRunner.run(TestRunner.java:601)
at org.testng.SuiteRunner.runTest(SuiteRunner.java:433)
at org.testng.SuiteRunner.runSequentially(SuiteRunner.java:427)
at org.testng.SuiteRunner.privateRun(SuiteRunner.java:387)
at org.testng.SuiteRunner.run(SuiteRunner.java:330)
at org.testng.SuiteRunnerWorker.runSuite(SuiteRunnerWorker.java:52)
at org.testng.SuiteRunnerWorker.run(SuiteRunnerWorker.java:95)
at org.testng.TestNG.runSuitesSequentially(TestNG.java:1256)
at org.testng.TestNG.runSuitesLocally(TestNG.java:1176)
at org.testng.TestNG.runSuites(TestNG.java:1099)
at org.testng.TestNG.run(TestNG.java:1067)
at org.testng.remote.AbstractRemoteTestNG.run(AbstractRemoteTestNG.java:115)
at org.testng.remote.RemoteTestNG.initAndRun(RemoteTestNG.java:251)
at org.testng.remote.RemoteTestNG.main(RemoteTestNG.java:77)
]]>
    </error>
  </testcase> <!-- UpdateInEditButton1 -->
  <system-out/>
  <testcase classname="comapnyAdminTest.AuditorCriticalTestCases" name="ClosedDashboardAndGridCount1" time="188.502"/>
  <system-out/>
  <testcase classname="comapnyAdminTest.AuditorCriticalTestCases" name="ClosedReviewEditButton1" time="68.300"/>
  <system-out/>
  <testcase classname="comapnyAdminTest.AuditorCriticalTestCases" name="ClosedDownloadAndViewButton1" time="83.905"/>
  <system-out/>
  <testcase classname="comapnyAdminTest.AuditorCriticalTestCases" name="DownloadClosed1" time="104.955"/>
  <system-out/>
  <testcase classname="comapnyAdminTest.AuditorCriticalTestCases" name="ViewClose1" time="70.709"/>
  <system-out/>
  <testcase classname="comapnyAdminTest.AuditorCriticalTestCases" name="ComentClose1" time="79.550"/>
  <system-out/>
  <testcase classname="comapnyAdminTest.AuditorCriticalTestCases" name="ClosedAuditLog1" time="41.051"/>
  <system-out/>
  <testcase classname="comapnyAdminTest.AuditorCriticalTestCases" name="Closedtransactionandstatuslog1" time="49.515"/>
  <system-out/>
  <testcase classname="comapnyAdminTest.AuditorCriticalTestCases" name="CLosedStatusReopen1" time="65.187"/>
  <system-out/>
  <testcase classname="comapnyAdminTest.AuditorCriticalTestCases" name="GraphCountMatchGreen1" time="251.668"/>
  <system-out/>
  <testcase classname="comapnyAdminTest.AuditorCriticalTestCases" name="RedInRedGraphCountMatch1" time="259.733"/>
  <system-out/>
  <testcase classname="comapnyAdminTest.AuditorCriticalTestCases" name="GreyInRedCountMtch1" time="208.973"/>
  <system-out/>
  <testcase classname="comapnyAdminTest.AuditorCriticalTestCases" name="AuditCompletionStatusRed1" time="280.289"/>
  <system-out/>
  <testcase classname="comapnyAdminTest.AuditorCriticalTestCases" name="PWSCompliedHighRisk1" time="296.481"/>
  <system-out/>
  <testcase classname="comapnyAdminTest.AuditorCriticalTestCases" name="PWSNotCompliedHigh1" time="285.225"/>
  <system-out/>
  <testcase classname="comapnyAdminTest.AuditorCriticalTestCases" name="NotApplicableHigh1" time="293.248"/>
  <system-out/>
  <testcase classname="comapnyAdminTest.AuditorCriticalTestCases" name="MyWorkspaceLicense1" time="37.947"/>
  <system-out/>
  <testcase classname="comapnyAdminTest.AuditorCriticalTestCases" name="MyWorkspaceLicenseSearch1" time="103.810"/>
  <system-out/>
  <testcase classname="comapnyAdminTest.AuditorCriticalTestCases" name="MyWorkspaceLicenseApprove1" time="54.052"/>
  <system-out/>
  <testcase classname="comapnyAdminTest.AuditorCriticalTestCases" name="MyWorkspaceLicenseReject1" time="57.389"/>
  <system-out/>
  <testcase classname="comapnyAdminTest.AuditorCriticalTestCases" name="MyWorkspacePreviousDocumentView1" time="70.735"/>
  <system-out/>
  <testcase classname="comapnyAdminTest.AuditorCriticalTestCases" name="ViewDocument1" time="61.188"/>
  <system-out/>
  <testcase classname="comapnyAdminTest.AuditorCriticalTestCases" name="DownloadCompliance1" time="99.138"/>
  <system-out/>
  <testcase classname="comapnyAdminTest.AuditorCriticalTestCases" name="MultipleComplianceDownload1" time="103.656"/>
  <system-out/>
  <testcase classname="comapnyAdminTest.AuditorCriticalTestCases" name="DocumentClearButton1" time="65.694"/>
  <system-out/>
  <testcase classname="comapnyAdminTest.AuditorCriticalTestCases" name="ExportReportR1" time="98.170"/>
  <system-out/>
  <testcase classname="comapnyAdminTest.AuditorCriticalTestCases" name="ClearButton1" time="69.567"/>
  <system-out/>
  <testcase classname="comapnyAdminTest.AuditorCriticalTestCases" name="ActnColmFileDownld1" time="147.200"/>
  <system-out/>
  <testcase classname="comapnyAdminTest.AuditorCriticalTestCases" name="MoreReport1" time="146.902">
    <error message="unexpected alert open: {Alert text : No Record Found}
  (Session info: chrome=126.0.6478.127): No Record Found
Build info: version: &#039;3.141.0&#039;, revision: &#039;2ecb7d9a&#039;, time: &#039;2018-10-31T20:09:30&#039;
System info: host: &#039;TRPL-PUN-0125&#039;, ip: &#039;192.168.5.61&#039;, os.name: &#039;Windows 10&#039;, os.arch: &#039;amd64&#039;, os.version: &#039;10.0&#039;, java.version: &#039;17.0.9&#039;
Driver info: org.openqa.selenium.chrome.ChromeDriver
Capabilities {acceptInsecureCerts: false, browserName: chrome, browserVersion: 126.0.6478.127, chrome: {chromedriverVersion: 125.0.6422.60 (3ac3319bff9f..., userDataDir: C:\Users\shitalb\AppData\Lo...}, fedcm:accounts: true, goog:chromeOptions: {debuggerAddress: localhost:60080}, javascriptEnabled: true, networkConnectionEnabled: false, pageLoadStrategy: normal, platform: WINDOWS, platformName: WINDOWS, proxy: Proxy(), setWindowRect: true, strictFileInteractability: false, timeouts: {implicit: 0, pageLoad: 300000, script: 30000}, unhandledPromptBehavior: dismiss and notify, webauthn:extension:credBlob: true, webauthn:extension:largeBlob: true, webauthn:extension:minPinLength: true, webauthn:extension:prf: true, webauthn:virtualAuthenticators: true}
Session ID: 94594be191a44686341930b3af63f58c
*** Element info: {Using=xpath, value=//button[@id=&#039;btnComplianceRemarksReport&#039;]}" type="org.openqa.selenium.UnhandledAlertException">
      <![CDATA[org.openqa.selenium.UnhandledAlertException: unexpected alert open: {Alert text : No Record Found}
  (Session info: chrome=126.0.6478.127): No Record Found
Build info: version: '3.141.0', revision: '2ecb7d9a', time: '2018-10-31T20:09:30'
System info: host: 'TRPL-PUN-0125', ip: '192.168.5.61', os.name: 'Windows 10', os.arch: 'amd64', os.version: '10.0', java.version: '17.0.9'
Driver info: org.openqa.selenium.chrome.ChromeDriver
Capabilities {acceptInsecureCerts: false, browserName: chrome, browserVersion: 126.0.6478.127, chrome: {chromedriverVersion: 125.0.6422.60 (3ac3319bff9f..., userDataDir: C:\Users\shitalb\AppData\Lo...}, fedcm:accounts: true, goog:chromeOptions: {debuggerAddress: localhost:60080}, javascriptEnabled: true, networkConnectionEnabled: false, pageLoadStrategy: normal, platform: WINDOWS, platformName: WINDOWS, proxy: Proxy(), setWindowRect: true, strictFileInteractability: false, timeouts: {implicit: 0, pageLoad: 300000, script: 30000}, unhandledPromptBehavior: dismiss and notify, webauthn:extension:credBlob: true, webauthn:extension:largeBlob: true, webauthn:extension:minPinLength: true, webauthn:extension:prf: true, webauthn:virtualAuthenticators: true}
Session ID: 94594be191a44686341930b3af63f58c
*** Element info: {Using=xpath, value=//button[@id='btnComplianceRemarksReport']}
at org.openqa.selenium.remote.http.W3CHttpResponseCodec.decode(W3CHttpResponseCodec.java:120)
at org.openqa.selenium.remote.http.W3CHttpResponseCodec.decode(W3CHttpResponseCodec.java:49)
at org.openqa.selenium.remote.HttpCommandExecutor.execute(HttpCommandExecutor.java:158)
at org.openqa.selenium.remote.service.DriverCommandExecutor.execute(DriverCommandExecutor.java:83)
at org.openqa.selenium.remote.RemoteWebDriver.execute(RemoteWebDriver.java:552)
at org.openqa.selenium.remote.RemoteWebDriver.findElement(RemoteWebDriver.java:323)
at org.openqa.selenium.remote.RemoteWebDriver.findElementByXPath(RemoteWebDriver.java:428)
at org.openqa.selenium.By$ByXPath.findElement(By.java:353)
at org.openqa.selenium.remote.RemoteWebDriver.findElement(RemoteWebDriver.java:315)
at companyAuditor.Locator2.RemarkReportR(Locator2.java:1351)
at companyAuditor.CriticalMethod2.MoreReport(CriticalMethod2.java:2028)
at comapnyAdminTest.AuditorCriticalTestCases.MoreReport1(AuditorCriticalTestCases.java:928)
at java.base/jdk.internal.reflect.NativeMethodAccessorImpl.invoke0(Native Method)
at java.base/jdk.internal.reflect.NativeMethodAccessorImpl.invoke(NativeMethodAccessorImpl.java:77)
at java.base/jdk.internal.reflect.DelegatingMethodAccessorImpl.invoke(DelegatingMethodAccessorImpl.java:43)
at java.base/java.lang.reflect.Method.invoke(Method.java:568)
at org.testng.internal.invokers.MethodInvocationHelper.invokeMethod(MethodInvocationHelper.java:139)
at org.testng.internal.invokers.TestInvoker.invokeMethod(TestInvoker.java:677)
at org.testng.internal.invokers.TestInvoker.invokeTestMethod(TestInvoker.java:221)
at org.testng.internal.invokers.MethodRunner.runInSequence(MethodRunner.java:50)
at org.testng.internal.invokers.TestInvoker$MethodInvocationAgent.invoke(TestInvoker.java:962)
at org.testng.internal.invokers.TestInvoker.invokeTestMethods(TestInvoker.java:194)
at org.testng.internal.invokers.TestMethodWorker.invokeTestMethods(TestMethodWorker.java:148)
at org.testng.internal.invokers.TestMethodWorker.run(TestMethodWorker.java:128)
at java.base/java.util.ArrayList.forEach(ArrayList.java:1511)
at org.testng.TestRunner.privateRun(TestRunner.java:806)
at org.testng.TestRunner.run(TestRunner.java:601)
at org.testng.SuiteRunner.runTest(SuiteRunner.java:433)
at org.testng.SuiteRunner.runSequentially(SuiteRunner.java:427)
at org.testng.SuiteRunner.privateRun(SuiteRunner.java:387)
at org.testng.SuiteRunner.run(SuiteRunner.java:330)
at org.testng.SuiteRunnerWorker.runSuite(SuiteRunnerWorker.java:52)
at org.testng.SuiteRunnerWorker.run(SuiteRunnerWorker.java:95)
at org.testng.TestNG.runSuitesSequentially(TestNG.java:1256)
at org.testng.TestNG.runSuitesLocally(TestNG.java:1176)
at org.testng.TestNG.runSuites(TestNG.java:1099)
at org.testng.TestNG.run(TestNG.java:1067)
at org.testng.remote.AbstractRemoteTestNG.run(AbstractRemoteTestNG.java:115)
at org.testng.remote.RemoteTestNG.initAndRun(RemoteTestNG.java:251)
at org.testng.remote.RemoteTestNG.main(RemoteTestNG.java:77)
]]>
    </error>
  </testcase> <!-- MoreReport1 -->
  <system-out/>
</testsuite> <!-- comapnyAdminTest.AuditorCriticalTestCases -->
