<?xml version="1.0" encoding="UTF-8"?>
<!-- Generated by org.testng.reporters.JUnitReportReporter -->
<testsuite hostname="TRPL-PUN-0125" failures="0" tests="64" name="comapnyAdminTest.ProjectDirectorTestCases" time="17.649" errors="1" timestamp="2024-05-26T09:57:12 IST" skipped="63">
  <testcase classname="comapnyAdminTest.ProjectDirectorTestCases" name="Login" time="17.641">
    <error message="no such window: target window already closed
from unknown error: web view not found
  (Session info: chrome=125.0.6422.77)
Build info: version: &#039;3.141.0&#039;, revision: &#039;2ecb7d9a&#039;, time: &#039;2018-10-31T20:09:30&#039;
System info: host: &#039;TRPL-PUN-0125&#039;, ip: &#039;192.168.10.37&#039;, os.name: &#039;Windows 10&#039;, os.arch: &#039;amd64&#039;, os.version: &#039;10.0&#039;, java.version: &#039;17.0.9&#039;
Driver info: org.openqa.selenium.chrome.ChromeDriver
Capabilities {acceptInsecureCerts: false, browserName: chrome, browserVersion: 125.0.6422.77, chrome: {chromedriverVersion: 125.0.6422.60 (3ac3319bff9f..., userDataDir: C:\Users\shitalb\AppData\Lo...}, fedcm:accounts: true, goog:chromeOptions: {debuggerAddress: localhost:49322}, javascriptEnabled: true, networkConnectionEnabled: false, pageLoadStrategy: normal, platform: WINDOWS, platformName: WINDOWS, proxy: Proxy(), setWindowRect: true, strictFileInteractability: false, timeouts: {implicit: 0, pageLoad: 300000, script: 30000}, unhandledPromptBehavior: dismiss and notify, webauthn:extension:credBlob: true, webauthn:extension:largeBlob: true, webauthn:extension:minPinLength: true, webauthn:extension:prf: true, webauthn:virtualAuthenticators: true}
Session ID: 13eac4e85ae121929dbca6c0873a37d9
*** Element info: {Using=xpath, value=//span[@id=&#039;lblQuestion1&#039;]}" type="org.openqa.selenium.NoSuchWindowException">
      <![CDATA[org.openqa.selenium.NoSuchWindowException: no such window: target window already closed
from unknown error: web view not found
  (Session info: chrome=125.0.6422.77)
Build info: version: '3.141.0', revision: '2ecb7d9a', time: '2018-10-31T20:09:30'
System info: host: 'TRPL-PUN-0125', ip: '192.168.10.37', os.name: 'Windows 10', os.arch: 'amd64', os.version: '10.0', java.version: '17.0.9'
Driver info: org.openqa.selenium.chrome.ChromeDriver
Capabilities {acceptInsecureCerts: false, browserName: chrome, browserVersion: 125.0.6422.77, chrome: {chromedriverVersion: 125.0.6422.60 (3ac3319bff9f..., userDataDir: C:\Users\shitalb\AppData\Lo...}, fedcm:accounts: true, goog:chromeOptions: {debuggerAddress: localhost:49322}, javascriptEnabled: true, networkConnectionEnabled: false, pageLoadStrategy: normal, platform: WINDOWS, platformName: WINDOWS, proxy: Proxy(), setWindowRect: true, strictFileInteractability: false, timeouts: {implicit: 0, pageLoad: 300000, script: 30000}, unhandledPromptBehavior: dismiss and notify, webauthn:extension:credBlob: true, webauthn:extension:largeBlob: true, webauthn:extension:minPinLength: true, webauthn:extension:prf: true, webauthn:virtualAuthenticators: true}
Session ID: 13eac4e85ae121929dbca6c0873a37d9
*** Element info: {Using=xpath, value=//span[@id='lblQuestion1']}
at java.base/jdk.internal.reflect.NativeConstructorAccessorImpl.newInstance0(Native Method)
at java.base/jdk.internal.reflect.NativeConstructorAccessorImpl.newInstance(NativeConstructorAccessorImpl.java:77)
at java.base/jdk.internal.reflect.DelegatingConstructorAccessorImpl.newInstance(DelegatingConstructorAccessorImpl.java:45)
at java.base/java.lang.reflect.Constructor.newInstanceWithCaller(Constructor.java:499)
at java.base/java.lang.reflect.Constructor.newInstance(Constructor.java:480)
at org.openqa.selenium.remote.http.W3CHttpResponseCodec.createException(W3CHttpResponseCodec.java:187)
at org.openqa.selenium.remote.http.W3CHttpResponseCodec.decode(W3CHttpResponseCodec.java:122)
at org.openqa.selenium.remote.http.W3CHttpResponseCodec.decode(W3CHttpResponseCodec.java:49)
at org.openqa.selenium.remote.HttpCommandExecutor.execute(HttpCommandExecutor.java:158)
at org.openqa.selenium.remote.service.DriverCommandExecutor.execute(DriverCommandExecutor.java:83)
at org.openqa.selenium.remote.RemoteWebDriver.execute(RemoteWebDriver.java:552)
at org.openqa.selenium.remote.RemoteWebDriver.findElement(RemoteWebDriver.java:323)
at org.openqa.selenium.remote.RemoteWebDriver.findElementByXPath(RemoteWebDriver.java:428)
at org.openqa.selenium.By$ByXPath.findElement(By.java:353)
at org.openqa.selenium.remote.RemoteWebDriver.findElement(RemoteWebDriver.java:315)
at login.LoginPOM.Question1(LoginPOM.java:57)
at login.Login.UserLogin(Login.java:128)
at login.BasePage.initialization(BasePage.java:204)
at comapnyAdminTest.ProjectDirectorTestCases.Login(ProjectDirectorTestCases.java:70)
at java.base/jdk.internal.reflect.NativeMethodAccessorImpl.invoke0(Native Method)
at java.base/jdk.internal.reflect.NativeMethodAccessorImpl.invoke(NativeMethodAccessorImpl.java:77)
at java.base/jdk.internal.reflect.DelegatingMethodAccessorImpl.invoke(DelegatingMethodAccessorImpl.java:43)
at java.base/java.lang.reflect.Method.invoke(Method.java:568)
at org.testng.internal.invokers.MethodInvocationHelper.invokeMethod(MethodInvocationHelper.java:139)
at org.testng.internal.invokers.MethodInvocationHelper.invokeMethodConsideringTimeout(MethodInvocationHelper.java:69)
at org.testng.internal.invokers.ConfigInvoker.invokeConfigurationMethod(ConfigInvoker.java:361)
at org.testng.internal.invokers.ConfigInvoker.invokeConfigurations(ConfigInvoker.java:296)
at org.testng.internal.invokers.TestInvoker.runConfigMethods(TestInvoker.java:816)
at org.testng.internal.invokers.TestInvoker.invokeMethod(TestInvoker.java:590)
at org.testng.internal.invokers.TestInvoker.invokeTestMethod(TestInvoker.java:221)
at org.testng.internal.invokers.MethodRunner.runInSequence(MethodRunner.java:50)
at org.testng.internal.invokers.TestInvoker$MethodInvocationAgent.invoke(TestInvoker.java:962)
at org.testng.internal.invokers.TestInvoker.invokeTestMethods(TestInvoker.java:194)
at org.testng.internal.invokers.TestMethodWorker.invokeTestMethods(TestMethodWorker.java:148)
at org.testng.internal.invokers.TestMethodWorker.run(TestMethodWorker.java:128)
at java.base/java.util.ArrayList.forEach(ArrayList.java:1511)
at org.testng.TestRunner.privateRun(TestRunner.java:806)
at org.testng.TestRunner.run(TestRunner.java:601)
at org.testng.SuiteRunner.runTest(SuiteRunner.java:433)
at org.testng.SuiteRunner.runSequentially(SuiteRunner.java:427)
at org.testng.SuiteRunner.privateRun(SuiteRunner.java:387)
at org.testng.SuiteRunner.run(SuiteRunner.java:330)
at org.testng.SuiteRunnerWorker.runSuite(SuiteRunnerWorker.java:52)
at org.testng.SuiteRunnerWorker.run(SuiteRunnerWorker.java:95)
at org.testng.TestNG.runSuitesSequentially(TestNG.java:1256)
at org.testng.TestNG.runSuitesLocally(TestNG.java:1176)
at org.testng.TestNG.runSuites(TestNG.java:1099)
at org.testng.TestNG.run(TestNG.java:1067)
at org.testng.remote.AbstractRemoteTestNG.run(AbstractRemoteTestNG.java:115)
at org.testng.remote.RemoteTestNG.initAndRun(RemoteTestNG.java:251)
at org.testng.remote.RemoteTestNG.main(RemoteTestNG.java:77)
]]>
    </error>
  </testcase> <!-- Login -->
  <system-out/>
  <testcase classname="comapnyAdminTest.ProjectDirectorTestCases" name="LocationPopupColumnist1" time="0.002">
    <skipped/>
  </testcase> <!-- LocationPopupColumnist1 -->
  <system-out/>
  <testcase classname="comapnyAdminTest.ProjectDirectorTestCases" name="ProjectsCountGridCount1" time="0.000">
    <skipped/>
  </testcase> <!-- ProjectsCountGridCount1 -->
  <system-out/>
  <testcase classname="comapnyAdminTest.ProjectDirectorTestCases" name="ContractorsCountGridCount1" time="0.001">
    <skipped/>
  </testcase> <!-- ContractorsCountGridCount1 -->
  <system-out/>
  <testcase classname="comapnyAdminTest.ProjectDirectorTestCases" name="GraphCountMatch1" time="0.001">
    <skipped/>
  </testcase> <!-- GraphCountMatch1 -->
  <system-out/>
  <testcase classname="comapnyAdminTest.ProjectDirectorTestCases" name="CompliedGraphMultipleFilterHigh1" time="0.000">
    <skipped/>
  </testcase> <!-- CompliedGraphMultipleFilterHigh1 -->
  <system-out/>
  <testcase classname="comapnyAdminTest.ProjectDirectorTestCases" name="CompliedGraphMultipleFilterMedium1" time="0.000">
    <skipped/>
  </testcase> <!-- CompliedGraphMultipleFilterMedium1 -->
  <system-out/>
  <testcase classname="comapnyAdminTest.ProjectDirectorTestCases" name="CompliedGraphMultipleFilterLow1" time="0.000">
    <skipped/>
  </testcase> <!-- CompliedGraphMultipleFilterLow1 -->
  <system-out/>
  <testcase classname="comapnyAdminTest.ProjectDirectorTestCases" name="RedInRedGraphCountMatch1" time="0.000">
    <skipped/>
  </testcase> <!-- RedInRedGraphCountMatch1 -->
  <system-out/>
  <testcase classname="comapnyAdminTest.ProjectDirectorTestCases" name="NotCompliedGraphMultipleFilterHigh1" time="0.000">
    <skipped/>
  </testcase> <!-- NotCompliedGraphMultipleFilterHigh1 -->
  <system-out/>
  <testcase classname="comapnyAdminTest.ProjectDirectorTestCases" name="NotCompliedGraphMultipleFilterMedium1" time="0.000">
    <skipped/>
  </testcase> <!-- NotCompliedGraphMultipleFilterMedium1 -->
  <system-out/>
  <testcase classname="comapnyAdminTest.ProjectDirectorTestCases" name="NotCompliedGraphMultipleFilterLow1" time="0.000">
    <skipped/>
  </testcase> <!-- NotCompliedGraphMultipleFilterLow1 -->
  <system-out/>
  <testcase classname="comapnyAdminTest.ProjectDirectorTestCases" name="GreyInRedCountMtch1" time="0.000">
    <skipped/>
  </testcase> <!-- GreyInRedCountMtch1 -->
  <system-out/>
  <testcase classname="comapnyAdminTest.ProjectDirectorTestCases" name="NotApplicableGraphMultipleFilterHigh1" time="0.000">
    <skipped/>
  </testcase> <!-- NotApplicableGraphMultipleFilterHigh1 -->
  <system-out/>
  <testcase classname="comapnyAdminTest.ProjectDirectorTestCases" name="NotApplicableGraphMultipleFilterMedium1" time="0.000">
    <skipped/>
  </testcase> <!-- NotApplicableGraphMultipleFilterMedium1 -->
  <system-out/>
  <testcase classname="comapnyAdminTest.ProjectDirectorTestCases" name="NotApplicableGraphMultipleFilterLow1" time="0.000">
    <skipped/>
  </testcase> <!-- NotApplicableGraphMultipleFilterLow1 -->
  <system-out/>
  <testcase classname="comapnyAdminTest.ProjectDirectorTestCases" name="AuditCompletionStatusRed1" time="0.000">
    <skipped/>
  </testcase> <!-- AuditCompletionStatusRed1 -->
  <system-out/>
  <testcase classname="comapnyAdminTest.ProjectDirectorTestCases" name="ACSOverdueMultipleFilter1" time="0.000">
    <skipped/>
  </testcase> <!-- ACSOverdueMultipleFilter1 -->
  <system-out/>
  <testcase classname="comapnyAdminTest.ProjectDirectorTestCases" name="ACSPendingReviewMultipleFilter1" time="0.001">
    <skipped/>
  </testcase> <!-- ACSPendingReviewMultipleFilter1 -->
  <system-out/>
  <testcase classname="comapnyAdminTest.ProjectDirectorTestCases" name="ACSClosedMultipleFilter1" time="0.000">
    <skipped/>
  </testcase> <!-- ACSClosedMultipleFilter1 -->
  <system-out/>
  <testcase classname="comapnyAdminTest.ProjectDirectorTestCases" name="CTWCompliedgreen1" time="0.000">
    <skipped/>
  </testcase> <!-- CTWCompliedgreen1 -->
  <system-out/>
  <testcase classname="comapnyAdminTest.ProjectDirectorTestCases" name="CTWCompliedgreen11" time="0.000">
    <skipped/>
  </testcase> <!-- CTWCompliedgreen11 -->
  <system-out/>
  <testcase classname="comapnyAdminTest.ProjectDirectorTestCases" name="CTWNotCompliedRed1" time="0.000">
    <skipped/>
  </testcase> <!-- CTWNotCompliedRed1 -->
  <system-out/>
  <testcase classname="comapnyAdminTest.ProjectDirectorTestCases" name="CTWNotCompliedRed11" time="0.000">
    <skipped/>
  </testcase> <!-- CTWNotCompliedRed11 -->
  <system-out/>
  <testcase classname="comapnyAdminTest.ProjectDirectorTestCases" name="CTWNotApplicableGrey1" time="0.000">
    <skipped/>
  </testcase> <!-- CTWNotApplicableGrey1 -->
  <system-out/>
  <testcase classname="comapnyAdminTest.ProjectDirectorTestCases" name="CTWNotApplicableGrey11" time="0.001">
    <skipped/>
  </testcase> <!-- CTWNotApplicableGrey11 -->
  <system-out/>
  <testcase classname="comapnyAdminTest.ProjectDirectorTestCases" name="CTWAuditStatusSummeryOverdue1" time="0.000">
    <skipped/>
  </testcase> <!-- CTWAuditStatusSummeryOverdue1 -->
  <system-out/>
  <testcase classname="comapnyAdminTest.ProjectDirectorTestCases" name="PWCSSABCConstructionCompliedHigh1" time="0.000">
    <skipped/>
  </testcase> <!-- PWCSSABCConstructionCompliedHigh1 -->
  <system-out/>
  <testcase classname="comapnyAdminTest.ProjectDirectorTestCases" name="PWCSCompliedGraphMultipleFilterHigh11" time="0.001">
    <skipped/>
  </testcase> <!-- PWCSCompliedGraphMultipleFilterHigh11 -->
  <system-out/>
  <testcase classname="comapnyAdminTest.ProjectDirectorTestCases" name="PWCSSCompliedGraphMultipleFilterMedium1" time="0.000">
    <skipped/>
  </testcase> <!-- PWCSSCompliedGraphMultipleFilterMedium1 -->
  <system-out/>
  <testcase classname="comapnyAdminTest.ProjectDirectorTestCases" name="PWCSSCompliedGraphMultipleFilterLow1" time="0.000">
    <skipped/>
  </testcase> <!-- PWCSSCompliedGraphMultipleFilterLow1 -->
  <system-out/>
  <testcase classname="comapnyAdminTest.ProjectDirectorTestCases" name="PWCSSABCconstructionNotCompliedHigh1" time="0.000">
    <skipped/>
  </testcase> <!-- PWCSSABCconstructionNotCompliedHigh1 -->
  <system-out/>
  <testcase classname="comapnyAdminTest.ProjectDirectorTestCases" name="PWCSSNotCompliedGraphMultipleFilterHigh1" time="0.000">
    <skipped/>
  </testcase> <!-- PWCSSNotCompliedGraphMultipleFilterHigh1 -->
  <system-out/>
  <testcase classname="comapnyAdminTest.ProjectDirectorTestCases" name="PWCSSNotCompliedGraphMultipleFilterMedium1" time="0.000">
    <skipped/>
  </testcase> <!-- PWCSSNotCompliedGraphMultipleFilterMedium1 -->
  <system-out/>
  <testcase classname="comapnyAdminTest.ProjectDirectorTestCases" name="PWCSSNotCompliedGraphMultipleFilterLow1" time="0.001">
    <skipped/>
  </testcase> <!-- PWCSSNotCompliedGraphMultipleFilterLow1 -->
  <system-out/>
  <testcase classname="comapnyAdminTest.ProjectDirectorTestCases" name="PWCSSABCconstructionNotApplicableHigh1" time="0.000">
    <skipped/>
  </testcase> <!-- PWCSSABCconstructionNotApplicableHigh1 -->
  <system-out/>
  <testcase classname="comapnyAdminTest.ProjectDirectorTestCases" name="PWCSNotApplicableHigh1" time="0.000">
    <skipped/>
  </testcase> <!-- PWCSNotApplicableHigh1 -->
  <system-out/>
  <testcase classname="comapnyAdminTest.ProjectDirectorTestCases" name="PWCSNotApplicableGraphmedium1" time="0.000">
    <skipped/>
  </testcase> <!-- PWCSNotApplicableGraphmedium1 -->
  <system-out/>
  <testcase classname="comapnyAdminTest.ProjectDirectorTestCases" name="PWCSSNotApplicableGraphLow1" time="0.000">
    <skipped/>
  </testcase> <!-- PWCSSNotApplicableGraphLow1 -->
  <system-out/>
  <testcase classname="comapnyAdminTest.ProjectDirectorTestCases" name="PWAuditStatusSummeryABCConstructionOverdue1" time="0.000">
    <skipped/>
  </testcase> <!-- PWAuditStatusSummeryABCConstructionOverdue1 -->
  <system-out/>
  <testcase classname="comapnyAdminTest.ProjectDirectorTestCases" name="PWCSSubcontractorCompliedHigh1" time="0.000">
    <skipped/>
  </testcase> <!-- PWCSSubcontractorCompliedHigh1 -->
  <system-out/>
  <testcase classname="comapnyAdminTest.ProjectDirectorTestCases" name="PWCSSubContractorCompliedHighmultipleFilter1" time="0.000">
    <skipped/>
  </testcase> <!-- PWCSSubContractorCompliedHighmultipleFilter1 -->
  <system-out/>
  <testcase classname="comapnyAdminTest.ProjectDirectorTestCases" name="PWCSSubContractorCompliedMediummultipleFilter1" time="0.000">
    <skipped/>
  </testcase> <!-- PWCSSubContractorCompliedMediummultipleFilter1 -->
  <system-out/>
  <testcase classname="comapnyAdminTest.ProjectDirectorTestCases" name="PWCSSubContractorCompliedLowmultipleFilter" time="0.000">
    <skipped/>
  </testcase> <!-- PWCSSubContractorCompliedLowmultipleFilter -->
  <system-out/>
  <testcase classname="comapnyAdminTest.ProjectDirectorTestCases" name="PWCSSubcontractorNotCompliedHigh1" time="0.000">
    <skipped/>
  </testcase> <!-- PWCSSubcontractorNotCompliedHigh1 -->
  <system-out/>
  <testcase classname="comapnyAdminTest.ProjectDirectorTestCases" name="PWCSSubContractorNotCompliedHighmultipleFilter1" time="0.000">
    <skipped/>
  </testcase> <!-- PWCSSubContractorNotCompliedHighmultipleFilter1 -->
  <system-out/>
  <testcase classname="comapnyAdminTest.ProjectDirectorTestCases" name="PWCSSubContractorNotCompliedMediummultipleFilter1" time="0.000">
    <skipped/>
  </testcase> <!-- PWCSSubContractorNotCompliedMediummultipleFilter1 -->
  <system-out/>
  <testcase classname="comapnyAdminTest.ProjectDirectorTestCases" name="PWCSSubContractorNotCompliedLowmultipleFilter1" time="0.000">
    <skipped/>
  </testcase> <!-- PWCSSubContractorNotCompliedLowmultipleFilter1 -->
  <system-out/>
  <testcase classname="comapnyAdminTest.ProjectDirectorTestCases" name="PWCSSubcontractorNotApplicableMedium1" time="0.000">
    <skipped/>
  </testcase> <!-- PWCSSubcontractorNotApplicableMedium1 -->
  <system-out/>
  <testcase classname="comapnyAdminTest.ProjectDirectorTestCases" name="PWCSSubContractorNotApplicableHighmultipleFilter1" time="0.000">
    <skipped/>
  </testcase> <!-- PWCSSubContractorNotApplicableHighmultipleFilter1 -->
  <system-out/>
  <testcase classname="comapnyAdminTest.ProjectDirectorTestCases" name="PWCSSubContractorNotApplicableMediummultipleFilter1" time="0.000">
    <skipped/>
  </testcase> <!-- PWCSSubContractorNotApplicableMediummultipleFilter1 -->
  <system-out/>
  <testcase classname="comapnyAdminTest.ProjectDirectorTestCases" name="PWCSSubContractorNotApplicableLowmultipleFilter1" time="0.000">
    <skipped/>
  </testcase> <!-- PWCSSubContractorNotApplicableLowmultipleFilter1 -->
  <system-out/>
  <testcase classname="comapnyAdminTest.ProjectDirectorTestCases" name="DocumentViewButton1" time="0.000">
    <skipped/>
  </testcase> <!-- DocumentViewButton1 -->
  <system-out/>
  <testcase classname="comapnyAdminTest.ProjectDirectorTestCases" name="DownoloadCompliance1" time="0.000">
    <skipped/>
  </testcase> <!-- DownoloadCompliance1 -->
  <system-out/>
  <testcase classname="comapnyAdminTest.ProjectDirectorTestCases" name="multipleDownload1" time="0.000">
    <skipped/>
  </testcase> <!-- multipleDownload1 -->
  <system-out/>
  <testcase classname="comapnyAdminTest.ProjectDirectorTestCases" name="DocumentClearButton1" time="0.000">
    <skipped/>
  </testcase> <!-- DocumentClearButton1 -->
  <system-out/>
  <testcase classname="comapnyAdminTest.ProjectDirectorTestCases" name="DocumentTabMultipleFilter1" time="0.000">
    <skipped/>
  </testcase> <!-- DocumentTabMultipleFilter1 -->
  <system-out/>
  <testcase classname="comapnyAdminTest.ProjectDirectorTestCases" name="ExtendReport1" time="0.000">
    <skipped/>
  </testcase> <!-- ExtendReport1 -->
  <system-out/>
  <testcase classname="comapnyAdminTest.ProjectDirectorTestCases" name="AuditMonthComplianceReport1" time="0.000">
    <skipped/>
  </testcase> <!-- AuditMonthComplianceReport1 -->
  <system-out/>
  <testcase classname="comapnyAdminTest.ProjectDirectorTestCases" name="ReportClearButton1" time="0.000">
    <skipped/>
  </testcase> <!-- ReportClearButton1 -->
  <system-out/>
  <testcase classname="comapnyAdminTest.ProjectDirectorTestCases" name="MoreReportDownload1" time="0.000">
    <skipped/>
  </testcase> <!-- MoreReportDownload1 -->
  <system-out/>
  <testcase classname="comapnyAdminTest.ProjectDirectorTestCases" name="ViewButtonReport1" time="0.000">
    <skipped/>
  </testcase> <!-- ViewButtonReport1 -->
  <system-out/>
  <testcase classname="comapnyAdminTest.ProjectDirectorTestCases" name="DownloadAndViewButton1" time="0.000">
    <skipped/>
  </testcase> <!-- DownloadAndViewButton1 -->
  <system-out/>
  <testcase classname="comapnyAdminTest.ProjectDirectorTestCases" name="WorkspaceTaskFilter1" time="0.000">
    <skipped/>
  </testcase> <!-- WorkspaceTaskFilter1 -->
  <system-out/>
</testsuite> <!-- comapnyAdminTest.ProjectDirectorTestCases -->
