<?xml version="1.0" encoding="UTF-8"?>
<!-- Generated by org.testng.reporters.JUnitReportReporter -->
<testsuite hostname="TRPL-PUN-0125" failures="0" tests="1" name="comapnyAdminTest.LoginVenderAudit" time="19.358" errors="0" timestamp="2023-12-19T17:50:13 IST" skipped="0">
  <testcase classname="comapnyAdminTest.LoginVenderAudit" name="Login41" time="19.358"/>
  <system-out/>
</testsuite> <!-- comapnyAdminTest.LoginVenderAudit -->
