<?xml version="1.0" encoding="UTF-8"?>
<!-- Generated by org.testng.reporters.JUnitReportReporter -->
<testsuite hostname="TRPL-PUN-0125" failures="0" tests="3" name="comapnyAdminTest.ManagementTestCases" time="385.935" errors="0" timestamp="2024-04-19T00:38:49 IST" skipped="0">
  <testcase classname="comapnyAdminTest.ManagementTestCases" name="NotCompliedGraphMultipleFilterHigh1" time="129.191"/>
  <system-out/>
  <testcase classname="comapnyAdminTest.ManagementTestCases" name="NotCompliedGraphMultipleFilterMedium1" time="128.668"/>
  <system-out/>
  <testcase classname="comapnyAdminTest.ManagementTestCases" name="NotCompliedGraphMultipleFilterLow1" time="128.076"/>
  <system-out/>
</testsuite> <!-- comapnyAdminTest.ManagementTestCases -->
